[ 2018-05-30T09:30:01+08:00 ] 127.0.0.1 /index/index.html
INFO: [ app_init ] --START--
INFO: Run Behavior\BuildLiteBehavior [ RunTime:0.000000s ]
INFO: [ app_init ] --END-- [ RunTime:0.000000s ]
NOTIC: [8] Constant API_KEY already defined D:\phpStudy\PHPTutorial\WWW\crowdFunding\app\App\Conf\config.php 第 4 行.
INFO: [ app_begin ] --START--
INFO: Run Behavior\ReadHtmlCacheBehavior [ RunTime:0.001000s ]
INFO: [ app_begin ] --END-- [ RunTime:0.001000s ]
SQL: SHOW COLUMNS FROM `wd_rescue` [ RunTime:0.1440s ]
SQL: SELECT * FROM `wd_rescue` WHERE `status` = 3 AND `recommend` = 1  [ RunTime:0.0080s ]
SQL: SELECT * FROM `wd_rescue` WHERE `status` = 3  [ RunTime:0.0000s ]
INFO: [ view_parse ] --START--
INFO: [ template_filter ] --START--
INFO: Run Behavior\ContentReplaceBehavior [ RunTime:0.000000s ]
INFO: [ template_filter ] --END-- [ RunTime:0.000000s ]
SQL: SHOW COLUMNS FROM `wd_donor` [ RunTime:0.0210s ]
SQL: select sum(price) as sum from  wd_donor where  FROM_UNIXTIME(date,"%Y-%m-%d")    =  CURDATE()    [ RunTime:0.0060s ]
SQL: SHOW COLUMNS FROM `wd_tag` [ RunTime:0.0160s ]
SQL: SELECT * FROM `wd_tag` WHERE `id` = 52 LIMIT 1   [ RunTime:0.0010s ]
SQL: SHOW COLUMNS FROM `wd_images` [ RunTime:0.0210s ]
SQL: SELECT * FROM `wd_images` WHERE `id` = 946 LIMIT 1   [ RunTime:0.0060s ]
SQL: SELECT `target_money` FROM `wd_rescue` WHERE `id` = 138 LIMIT 1   [ RunTime:0.0000s ]
SQL: SELECT SUM(price) AS tp_sum FROM `wd_donor` WHERE `item_id` = 138 AND `type` = 1 LIMIT 1   [ RunTime:0.0000s ]
SQL: SELECT `target_money` FROM `wd_rescue` WHERE `id` = 138 LIMIT 1   [ RunTime:0.0000s ]
SQL: SELECT SUM(price) AS tp_sum FROM `wd_donor` WHERE `item_id` = 138 AND `type` = 1 LIMIT 1   [ RunTime:0.0000s ]
SQL: SELECT `target_money` FROM `wd_rescue` WHERE `id` = 138 LIMIT 1   [ RunTime:0.0010s ]
SQL: SELECT SUM(price) AS tp_sum FROM `wd_donor` WHERE `item_id` = 138 AND `type` = 1 LIMIT 1   [ RunTime:0.0000s ]
SQL: SELECT SUM(price) AS tp_sum FROM `wd_donor` WHERE `item_id` = 138 AND `type` = 1 LIMIT 1   [ RunTime:0.0000s ]
SQL: SELECT * FROM `wd_tag` WHERE `id` = 51 LIMIT 1   [ RunTime:0.0000s ]
SQL: SELECT `target_money` FROM `wd_rescue` WHERE `id` = 137 LIMIT 1   [ RunTime:0.0010s ]
SQL: SELECT SUM(price) AS tp_sum FROM `wd_donor` WHERE `item_id` = 137 AND `type` = 1 LIMIT 1   [ RunTime:0.0000s ]
SQL: SELECT `target_money` FROM `wd_rescue` WHERE `id` = 137 LIMIT 1   [ RunTime:0.0000s ]
SQL: SELECT SUM(price) AS tp_sum FROM `wd_donor` WHERE `item_id` = 137 AND `type` = 1 LIMIT 1   [ RunTime:0.0000s ]
SQL: SELECT `target_money` FROM `wd_rescue` WHERE `id` = 137 LIMIT 1   [ RunTime:0.0010s ]
SQL: SELECT SUM(price) AS tp_sum FROM `wd_donor` WHERE `item_id` = 137 AND `type` = 1 LIMIT 1   [ RunTime:0.0000s ]
SQL: SELECT SUM(price) AS tp_sum FROM `wd_donor` WHERE `item_id` = 137 AND `type` = 1 LIMIT 1   [ RunTime:0.0000s ]
SQL: SELECT * FROM `wd_tag` WHERE `id` = 51 LIMIT 1   [ RunTime:0.0000s ]
SQL: SELECT `target_money` FROM `wd_rescue` WHERE `id` = 140 LIMIT 1   [ RunTime:0.0010s ]
SQL: SELECT SUM(price) AS tp_sum FROM `wd_donor` WHERE `item_id` = 140 AND `type` = 1 LIMIT 1   [ RunTime:0.0000s ]
SQL: SELECT `target_money` FROM `wd_rescue` WHERE `id` = 140 LIMIT 1   [ RunTime:0.0000s ]
SQL: SELECT SUM(price) AS tp_sum FROM `wd_donor` WHERE `item_id` = 140 AND `type` = 1 LIMIT 1   [ RunTime:0.0000s ]
SQL: SELECT `target_money` FROM `wd_rescue` WHERE `id` = 140 LIMIT 1   [ RunTime:0.0010s ]
SQL: SELECT SUM(price) AS tp_sum FROM `wd_donor` WHERE `item_id` = 140 AND `type` = 1 LIMIT 1   [ RunTime:0.0000s ]
SQL: SELECT SUM(price) AS tp_sum FROM `wd_donor` WHERE `item_id` = 140 AND `type` = 1 LIMIT 1   [ RunTime:0.0000s ]
SQL: SELECT * FROM `wd_tag` WHERE `id` = 52 LIMIT 1   [ RunTime:0.0000s ]
SQL: SELECT `target_money` FROM `wd_rescue` WHERE `id` = 141 LIMIT 1   [ RunTime:0.0000s ]
SQL: SELECT SUM(price) AS tp_sum FROM `wd_donor` WHERE `item_id` = 141 AND `type` = 1 LIMIT 1   [ RunTime:0.0000s ]
SQL: SELECT `target_money` FROM `wd_rescue` WHERE `id` = 141 LIMIT 1   [ RunTime:0.0000s ]
SQL: SELECT SUM(price) AS tp_sum FROM `wd_donor` WHERE `item_id` = 141 AND `type` = 1 LIMIT 1   [ RunTime:0.0000s ]
SQL: SELECT `target_money` FROM `wd_rescue` WHERE `id` = 141 LIMIT 1   [ RunTime:0.0000s ]
SQL: SELECT SUM(price) AS tp_sum FROM `wd_donor` WHERE `item_id` = 141 AND `type` = 1 LIMIT 1   [ RunTime:0.0000s ]
SQL: SELECT SUM(price) AS tp_sum FROM `wd_donor` WHERE `item_id` = 141 AND `type` = 1 LIMIT 1   [ RunTime:0.0000s ]
SQL: SELECT * FROM `wd_tag` WHERE `id` = 50 LIMIT 1   [ RunTime:0.0000s ]
SQL: SELECT * FROM `wd_images` WHERE `id` = 945 LIMIT 1   [ RunTime:0.0000s ]
SQL: SELECT `target_money` FROM `wd_rescue` WHERE `id` = 142 LIMIT 1   [ RunTime:0.0000s ]
SQL: SELECT SUM(price) AS tp_sum FROM `wd_donor` WHERE `item_id` = 142 AND `type` = 1 LIMIT 1   [ RunTime:0.0000s ]
SQL: SELECT `target_money` FROM `wd_rescue` WHERE `id` = 142 LIMIT 1   [ RunTime:0.0000s ]
SQL: SELECT SUM(price) AS tp_sum FROM `wd_donor` WHERE `item_id` = 142 AND `type` = 1 LIMIT 1   [ RunTime:0.0000s ]
SQL: SELECT `target_money` FROM `wd_rescue` WHERE `id` = 142 LIMIT 1   [ RunTime:0.0010s ]
SQL: SELECT SUM(price) AS tp_sum FROM `wd_donor` WHERE `item_id` = 142 AND `type` = 1 LIMIT 1   [ RunTime:0.0000s ]
SQL: SELECT SUM(price) AS tp_sum FROM `wd_donor` WHERE `item_id` = 142 AND `type` = 1 LIMIT 1   [ RunTime:0.0000s ]
SQL: SHOW COLUMNS FROM `wd_member` [ RunTime:0.0190s ]
SQL: SELECT `photo` FROM `wd_member` WHERE `id` = 50 LIMIT 1   [ RunTime:0.0000s ]
SQL: SELECT `username` FROM `wd_member` WHERE `id` = 50 LIMIT 1   [ RunTime:0.0010s ]
SQL: SELECT * FROM `wd_images` WHERE `id` = 946 LIMIT 1   [ RunTime:0.0000s ]
SQL: SELECT `target_money` FROM `wd_rescue` WHERE `id` = 138 LIMIT 1   [ RunTime:0.0000s ]
SQL: SELECT SUM(price) AS tp_sum FROM `wd_donor` WHERE `item_id` = 138 AND `type` = 1 LIMIT 1   [ RunTime:0.0000s ]
SQL: SELECT `target_money` FROM `wd_rescue` WHERE `id` = 138 LIMIT 1   [ RunTime:0.0000s ]
SQL: SELECT SUM(price) AS tp_sum FROM `wd_donor` WHERE `item_id` = 138 AND `type` = 1 LIMIT 1   [ RunTime:0.0000s ]
SQL: SELECT `target_money` FROM `wd_rescue` WHERE `id` = 138 LIMIT 1   [ RunTime:0.0000s ]
SQL: SELECT SUM(price) AS tp_sum FROM `wd_donor` WHERE `item_id` = 138 AND `type` = 1 LIMIT 1   [ RunTime:0.0010s ]
SQL: SELECT SUM(price) AS tp_sum FROM `wd_donor` WHERE `item_id` = 138 AND `type` = 1 LIMIT 1   [ RunTime:0.0000s ]
SQL: SELECT `photo` FROM `wd_member` WHERE `id` = 50 LIMIT 1   [ RunTime:0.0000s ]
SQL: SELECT `username` FROM `wd_member` WHERE `id` = 50 LIMIT 1   [ RunTime:0.0000s ]
SQL: SELECT `target_money` FROM `wd_rescue` WHERE `id` = 137 LIMIT 1   [ RunTime:0.0000s ]
SQL: SELECT SUM(price) AS tp_sum FROM `wd_donor` WHERE `item_id` = 137 AND `type` = 1 LIMIT 1   [ RunTime:0.0000s ]
SQL: SELECT `target_money` FROM `wd_rescue` WHERE `id` = 137 LIMIT 1   [ RunTime:0.0000s ]
SQL: SELECT SUM(price) AS tp_sum FROM `wd_donor` WHERE `item_id` = 137 AND `type` = 1 LIMIT 1   [ RunTime:0.0000s ]
SQL: SELECT `target_money` FROM `wd_rescue` WHERE `id` = 137 LIMIT 1   [ RunTime:0.0000s ]
SQL: SELECT SUM(price) AS tp_sum FROM `wd_donor` WHERE `item_id` = 137 AND `type` = 1 LIMIT 1   [ RunTime:0.0000s ]
SQL: SELECT SUM(price) AS tp_sum FROM `wd_donor` WHERE `item_id` = 137 AND `type` = 1 LIMIT 1   [ RunTime:0.0000s ]
SQL: SELECT `photo` FROM `wd_member` WHERE `id` = 50 LIMIT 1   [ RunTime:0.0000s ]
SQL: SELECT `username` FROM `wd_member` WHERE `id` = 50 LIMIT 1   [ RunTime:0.0000s ]
SQL: SELECT `target_money` FROM `wd_rescue` WHERE `id` = 140 LIMIT 1   [ RunTime:0.0010s ]
SQL: SELECT SUM(price) AS tp_sum FROM `wd_donor` WHERE `item_id` = 140 AND `type` = 1 LIMIT 1   [ RunTime:0.0000s ]
SQL: SELECT `target_money` FROM `wd_rescue` WHERE `id` = 140 LIMIT 1   [ RunTime:0.0000s ]
SQL: SELECT SUM(price) AS tp_sum FROM `wd_donor` WHERE `item_id` = 140 AND `type` = 1 LIMIT 1   [ RunTime:0.0000s ]
SQL: SELECT `target_money` FROM `wd_rescue` WHERE `id` = 140 LIMIT 1   [ RunTime:0.0000s ]
SQL: SELECT SUM(price) AS tp_sum FROM `wd_donor` WHERE `item_id` = 140 AND `type` = 1 LIMIT 1   [ RunTime:0.0000s ]
SQL: SELECT SUM(price) AS tp_sum FROM `wd_donor` WHERE `item_id` = 140 AND `type` = 1 LIMIT 1   [ RunTime:0.0010s ]
SQL: SELECT `photo` FROM `wd_member` WHERE `id` = 50 LIMIT 1   [ RunTime:0.0000s ]
SQL: SELECT `username` FROM `wd_member` WHERE `id` = 50 LIMIT 1   [ RunTime:0.0000s ]
SQL: SELECT `target_money` FROM `wd_rescue` WHERE `id` = 141 LIMIT 1   [ RunTime:0.0000s ]
SQL: SELECT SUM(price) AS tp_sum FROM `wd_donor` WHERE `item_id` = 141 AND `type` = 1 LIMIT 1   [ RunTime:0.0000s ]
SQL: SELECT `target_money` FROM `wd_rescue` WHERE `id` = 141 LIMIT 1   [ RunTime:0.0000s ]
SQL: SELECT SUM(price) AS tp_sum FROM `wd_donor` WHERE `item_id` = 141 AND `type` = 1 LIMIT 1   [ RunTime:0.0000s ]
SQL: SELECT `target_money` FROM `wd_rescue` WHERE `id` = 141 LIMIT 1   [ RunTime:0.0000s ]
SQL: SELECT SUM(price) AS tp_sum FROM `wd_donor` WHERE `item_id` = 141 AND `type` = 1 LIMIT 1   [ RunTime:0.0000s ]
SQL: SELECT SUM(price) AS tp_sum FROM `wd_donor` WHERE `item_id` = 141 AND `type` = 1 LIMIT 1   [ RunTime:0.0000s ]
SQL: SELECT `photo` FROM `wd_member` WHERE `id` = 50 LIMIT 1   [ RunTime:0.0000s ]
SQL: SELECT `username` FROM `wd_member` WHERE `id` = 50 LIMIT 1   [ RunTime:0.0000s ]
SQL: SELECT * FROM `wd_images` WHERE `id` = 945 LIMIT 1   [ RunTime:0.0000s ]
SQL: SELECT `target_money` FROM `wd_rescue` WHERE `id` = 142 LIMIT 1   [ RunTime:0.0010s ]
SQL: SELECT SUM(price) AS tp_sum FROM `wd_donor` WHERE `item_id` = 142 AND `type` = 1 LIMIT 1   [ RunTime:0.0000s ]
SQL: SELECT `target_money` FROM `wd_rescue` WHERE `id` = 142 LIMIT 1   [ RunTime:0.0000s ]
SQL: SELECT SUM(price) AS tp_sum FROM `wd_donor` WHERE `item_id` = 142 AND `type` = 1 LIMIT 1   [ RunTime:0.0000s ]
SQL: SELECT `target_money` FROM `wd_rescue` WHERE `id` = 142 LIMIT 1   [ RunTime:0.0000s ]
SQL: SELECT SUM(price) AS tp_sum FROM `wd_donor` WHERE `item_id` = 142 AND `type` = 1 LIMIT 1   [ RunTime:0.0000s ]
SQL: SELECT SUM(price) AS tp_sum FROM `wd_donor` WHERE `item_id` = 142 AND `type` = 1 LIMIT 1   [ RunTime:0.0000s ]
INFO: Run Behavior\ParseTemplateBehavior [ RunTime:0.125000s ]
INFO: [ view_parse ] --END-- [ RunTime:0.126000s ]
INFO: [ view_filter ] --START--
INFO: Run Behavior\WriteHtmlCacheBehavior [ RunTime:0.000000s ]
INFO: [ view_filter ] --END-- [ RunTime:0.000000s ]
INFO: [ app_end ] --START--
INFO: Run Behavior\ShowPageTraceBehavior [ RunTime:0.001000s ]
INFO: [ app_end ] --END-- [ RunTime:0.001000s ]

[ 2018-05-30T09:30:01+08:00 ] 127.0.0.1 /public/home/scripts/swiper.min.js.map
INFO: [ app_init ] --START--
INFO: Run Behavior\BuildLiteBehavior [ RunTime:0.000000s ]
INFO: [ app_init ] --END-- [ RunTime:0.000000s ]
NOTIC: [8] Constant API_KEY already defined D:\phpStudy\PHPTutorial\WWW\crowdFunding\app\App\Conf\config.php 第 4 行.
INFO: [ app_begin ] --START--
INFO: Run Behavior\ReadHtmlCacheBehavior [ RunTime:0.000000s ]
INFO: [ app_begin ] --END-- [ RunTime:0.000000s ]
ERR: 无法加载控制器:Public

[ 2018-05-30T09:30:03+08:00 ] 127.0.0.1 /release/index.html
INFO: [ app_init ] --START--
INFO: Run Behavior\BuildLiteBehavior [ RunTime:0.000000s ]
INFO: [ app_init ] --END-- [ RunTime:0.000000s ]
NOTIC: [8] Constant API_KEY already defined D:\phpStudy\PHPTutorial\WWW\crowdFunding\app\App\Conf\config.php 第 4 行.
INFO: [ app_begin ] --START--
INFO: Run Behavior\ReadHtmlCacheBehavior [ RunTime:0.000000s ]
INFO: [ app_begin ] --END-- [ RunTime:0.000000s ]
INFO: [ view_parse ] --START--
INFO: [ template_filter ] --START--
INFO: Run Behavior\ContentReplaceBehavior [ RunTime:0.000000s ]
INFO: [ template_filter ] --END-- [ RunTime:0.000000s ]
INFO: Run Behavior\ParseTemplateBehavior [ RunTime:0.016000s ]
INFO: [ view_parse ] --END-- [ RunTime:0.016000s ]
INFO: [ view_filter ] --START--
INFO: Run Behavior\WriteHtmlCacheBehavior [ RunTime:0.000000s ]
INFO: [ view_filter ] --END-- [ RunTime:0.000000s ]
INFO: [ app_end ] --START--
INFO: Run Behavior\ShowPageTraceBehavior [ RunTime:0.000000s ]
INFO: [ app_end ] --END-- [ RunTime:0.000000s ]

[ 2018-05-30T09:30:03+08:00 ] 127.0.0.1 /public/home/scripts/swiper.min.js.map
INFO: [ app_init ] --START--
INFO: Run Behavior\BuildLiteBehavior [ RunTime:0.000000s ]
INFO: [ app_init ] --END-- [ RunTime:0.001000s ]
NOTIC: [8] Constant API_KEY already defined D:\phpStudy\PHPTutorial\WWW\crowdFunding\app\App\Conf\config.php 第 4 行.
INFO: [ app_begin ] --START--
INFO: Run Behavior\ReadHtmlCacheBehavior [ RunTime:0.001000s ]
INFO: [ app_begin ] --END-- [ RunTime:0.001000s ]
ERR: 无法加载控制器:Public

[ 2018-05-30T09:30:04+08:00 ] 127.0.0.1 /release/choukuan.html
INFO: [ app_init ] --START--
INFO: Run Behavior\BuildLiteBehavior [ RunTime:0.000000s ]
INFO: [ app_init ] --END-- [ RunTime:0.000000s ]
NOTIC: [8] Constant API_KEY already defined D:\phpStudy\PHPTutorial\WWW\crowdFunding\app\App\Conf\config.php 第 4 行.
INFO: [ app_begin ] --START--
INFO: Run Behavior\ReadHtmlCacheBehavior [ RunTime:0.000000s ]
INFO: [ app_begin ] --END-- [ RunTime:0.000000s ]
SQL: SHOW COLUMNS FROM `wd_rescue` [ RunTime:0.0120s ]
SQL: SELECT * FROM `wd_rescue` WHERE `user_id` = 53 AND `status` < '4' LIMIT 1   [ RunTime:0.0000s ]
SQL: SELECT * FROM `wd_rescue`  [ RunTime:0.0010s ]
NOTIC: [8] Undefined variable: imgArray D:\phpStudy\PHPTutorial\WWW\crowdFunding\app\App\Controller\ReleaseController.class.php 第 47 行.
INFO: [ view_parse ] --START--
INFO: [ template_filter ] --START--
INFO: Run Behavior\ContentReplaceBehavior [ RunTime:0.000000s ]
INFO: [ template_filter ] --END-- [ RunTime:0.000000s ]
INFO: Run Behavior\ParseTemplateBehavior [ RunTime:0.019000s ]
INFO: [ view_parse ] --END-- [ RunTime:0.019000s ]
INFO: [ view_filter ] --START--
INFO: Run Behavior\WriteHtmlCacheBehavior [ RunTime:0.000000s ]
INFO: [ view_filter ] --END-- [ RunTime:0.000000s ]
INFO: [ app_end ] --START--
INFO: Run Behavior\ShowPageTraceBehavior [ RunTime:0.001000s ]
INFO: [ app_end ] --END-- [ RunTime:0.001000s ]

[ 2018-05-30T09:30:04+08:00 ] 127.0.0.1 /public/home/scripts/swiper.min.js.map
INFO: [ app_init ] --START--
INFO: Run Behavior\BuildLiteBehavior [ RunTime:0.000000s ]
INFO: [ app_init ] --END-- [ RunTime:0.000000s ]
NOTIC: [8] Constant API_KEY already defined D:\phpStudy\PHPTutorial\WWW\crowdFunding\app\App\Conf\config.php 第 4 行.
INFO: [ app_begin ] --START--
INFO: Run Behavior\ReadHtmlCacheBehavior [ RunTime:0.000000s ]
INFO: [ app_begin ] --END-- [ RunTime:0.000000s ]
ERR: 无法加载控制器:Public

[ 2018-05-30T09:30:04+08:00 ] 127.0.0.1 /public/home/scripts/swiper.min.js.map
INFO: [ app_init ] --START--
INFO: Run Behavior\BuildLiteBehavior [ RunTime:0.000000s ]
INFO: [ app_init ] --END-- [ RunTime:0.000000s ]
NOTIC: [8] Constant API_KEY already defined D:\phpStudy\PHPTutorial\WWW\crowdFunding\app\App\Conf\config.php 第 4 行.
INFO: [ app_begin ] --START--
INFO: Run Behavior\ReadHtmlCacheBehavior [ RunTime:0.000000s ]
INFO: [ app_begin ] --END-- [ RunTime:0.000000s ]
ERR: 无法加载控制器:Public

[ 2018-05-30T09:30:05+08:00 ] 127.0.0.1 /release/index.html
INFO: [ app_init ] --START--
INFO: Run Behavior\BuildLiteBehavior [ RunTime:0.000000s ]
INFO: [ app_init ] --END-- [ RunTime:0.001000s ]
NOTIC: [8] Constant API_KEY already defined D:\phpStudy\PHPTutorial\WWW\crowdFunding\app\App\Conf\config.php 第 4 行.
INFO: [ app_begin ] --START--
INFO: Run Behavior\ReadHtmlCacheBehavior [ RunTime:0.000000s ]
INFO: [ app_begin ] --END-- [ RunTime:0.000000s ]
INFO: [ view_parse ] --START--
INFO: [ template_filter ] --START--
INFO: Run Behavior\ContentReplaceBehavior [ RunTime:0.000000s ]
INFO: [ template_filter ] --END-- [ RunTime:0.000000s ]
INFO: Run Behavior\ParseTemplateBehavior [ RunTime:0.009000s ]
INFO: [ view_parse ] --END-- [ RunTime:0.009000s ]
INFO: [ view_filter ] --START--
INFO: Run Behavior\WriteHtmlCacheBehavior [ RunTime:0.000000s ]
INFO: [ view_filter ] --END-- [ RunTime:0.000000s ]
INFO: [ app_end ] --START--
INFO: Run Behavior\ShowPageTraceBehavior [ RunTime:0.000000s ]
INFO: [ app_end ] --END-- [ RunTime:0.000000s ]

[ 2018-05-30T09:30:05+08:00 ] 127.0.0.1 /public/home/scripts/swiper.min.js.map
INFO: [ app_init ] --START--
INFO: Run Behavior\BuildLiteBehavior [ RunTime:0.000000s ]
INFO: [ app_init ] --END-- [ RunTime:0.000000s ]
NOTIC: [8] Constant API_KEY already defined D:\phpStudy\PHPTutorial\WWW\crowdFunding\app\App\Conf\config.php 第 4 行.
INFO: [ app_begin ] --START--
INFO: Run Behavior\ReadHtmlCacheBehavior [ RunTime:0.000000s ]
INFO: [ app_begin ] --END-- [ RunTime:0.000000s ]
ERR: 无法加载控制器:Public

[ 2018-05-30T09:30:13+08:00 ] 127.0.0.1 /public/images/logo.png
INFO: [ app_init ] --START--
INFO: Run Behavior\BuildLiteBehavior [ RunTime:0.000000s ]
INFO: [ app_init ] --END-- [ RunTime:0.000000s ]
NOTIC: [8] Constant API_KEY already defined D:\phpStudy\PHPTutorial\WWW\crowdFunding\app\App\Conf\config.php 第 4 行.

[ 2018-05-30T09:30:18+08:00 ] 127.0.0.1 /public/images/logo.png
INFO: [ app_init ] --START--
INFO: Run Behavior\BuildLiteBehavior [ RunTime:0.000000s ]
INFO: [ app_init ] --END-- [ RunTime:0.000000s ]
NOTIC: [8] Constant API_KEY already defined D:\phpStudy\PHPTutorial\WWW\crowdFunding\app\App\Conf\config.php 第 4 行.

[ 2018-05-30T09:30:19+08:00 ] 127.0.0.1 /public/images/logo.png
INFO: [ app_init ] --START--
INFO: Run Behavior\BuildLiteBehavior [ RunTime:0.000000s ]
INFO: [ app_init ] --END-- [ RunTime:0.000000s ]
NOTIC: [8] Constant API_KEY already defined D:\phpStudy\PHPTutorial\WWW\crowdFunding\app\App\Conf\config.php 第 4 行.

[ 2018-05-30T09:30:20+08:00 ] 127.0.0.1 /public/images/logo.png
INFO: [ app_init ] --START--
INFO: Run Behavior\BuildLiteBehavior [ RunTime:0.000000s ]
INFO: [ app_init ] --END-- [ RunTime:0.000000s ]
NOTIC: [8] Constant API_KEY already defined D:\phpStudy\PHPTutorial\WWW\crowdFunding\app\App\Conf\config.php 第 4 行.

[ 2018-05-30T09:30:24+08:00 ] 127.0.0.1 /release/index.html
INFO: [ app_init ] --START--
INFO: Run Behavior\BuildLiteBehavior [ RunTime:0.000000s ]
INFO: [ app_init ] --END-- [ RunTime:0.000000s ]
NOTIC: [8] Constant API_KEY already defined D:\phpStudy\PHPTutorial\WWW\crowdFunding\app\App\Conf\config.php 第 4 行.
INFO: [ app_begin ] --START--
INFO: Run Behavior\ReadHtmlCacheBehavior [ RunTime:0.000000s ]
INFO: [ app_begin ] --END-- [ RunTime:0.000000s ]
INFO: [ view_parse ] --START--
INFO: [ template_filter ] --START--
INFO: Run Behavior\ContentReplaceBehavior [ RunTime:0.000000s ]
INFO: [ template_filter ] --END-- [ RunTime:0.000000s ]
INFO: Run Behavior\ParseTemplateBehavior [ RunTime:0.000000s ]
INFO: [ view_parse ] --END-- [ RunTime:0.000000s ]
INFO: [ view_filter ] --START--
INFO: Run Behavior\WriteHtmlCacheBehavior [ RunTime:0.000000s ]
INFO: [ view_filter ] --END-- [ RunTime:0.000000s ]
INFO: [ app_end ] --START--
INFO: Run Behavior\ShowPageTraceBehavior [ RunTime:0.000000s ]
INFO: [ app_end ] --END-- [ RunTime:0.000000s ]

[ 2018-05-30T09:30:24+08:00 ] 127.0.0.1 /public/home/scripts/swiper.min.js.map
INFO: [ app_init ] --START--
INFO: Run Behavior\BuildLiteBehavior [ RunTime:0.000000s ]
INFO: [ app_init ] --END-- [ RunTime:0.000000s ]
NOTIC: [8] Constant API_KEY already defined D:\phpStudy\PHPTutorial\WWW\crowdFunding\app\App\Conf\config.php 第 4 行.
INFO: [ app_begin ] --START--
INFO: Run Behavior\ReadHtmlCacheBehavior [ RunTime:0.000000s ]
INFO: [ app_begin ] --END-- [ RunTime:0.000000s ]
ERR: 无法加载控制器:Public

[ 2018-05-30T09:30:25+08:00 ] 127.0.0.1 /release/choukuan.html
INFO: [ app_init ] --START--
INFO: Run Behavior\BuildLiteBehavior [ RunTime:0.000000s ]
INFO: [ app_init ] --END-- [ RunTime:0.001000s ]
NOTIC: [8] Constant API_KEY already defined D:\phpStudy\PHPTutorial\WWW\crowdFunding\app\App\Conf\config.php 第 4 行.
INFO: [ app_begin ] --START--
INFO: Run Behavior\ReadHtmlCacheBehavior [ RunTime:0.001000s ]
INFO: [ app_begin ] --END-- [ RunTime:0.001000s ]
SQL: SHOW COLUMNS FROM `wd_rescue` [ RunTime:0.0110s ]
SQL: SELECT * FROM `wd_rescue` WHERE `user_id` = 53 AND `status` < '4' LIMIT 1   [ RunTime:0.0000s ]
SQL: SELECT * FROM `wd_rescue`  [ RunTime:0.0000s ]
INFO: [ view_parse ] --START--
INFO: [ template_filter ] --START--
INFO: Run Behavior\ContentReplaceBehavior [ RunTime:0.000000s ]
INFO: [ template_filter ] --END-- [ RunTime:0.000000s ]
NOTIC: [8] Undefined variable: result D:\phpStudy\PHPTutorial\WWW\crowdFunding\runtime\Cache\App\fff2e21d11424451e121ac65041b68d8.php 第 91 行.
NOTIC: [8] Undefined variable: result D:\phpStudy\PHPTutorial\WWW\crowdFunding\runtime\Cache\App\fff2e21d11424451e121ac65041b68d8.php 第 95 行.
NOTIC: [8] Undefined variable: result D:\phpStudy\PHPTutorial\WWW\crowdFunding\runtime\Cache\App\fff2e21d11424451e121ac65041b68d8.php 第 99 行.
NOTIC: [8] Undefined variable: result D:\phpStudy\PHPTutorial\WWW\crowdFunding\runtime\Cache\App\fff2e21d11424451e121ac65041b68d8.php 第 101 行.
NOTIC: [8] Undefined variable: imgArray D:\phpStudy\PHPTutorial\WWW\crowdFunding\runtime\Cache\App\fff2e21d11424451e121ac65041b68d8.php 第 105 行.
NOTIC: [8] Undefined variable: result D:\phpStudy\PHPTutorial\WWW\crowdFunding\runtime\Cache\App\fff2e21d11424451e121ac65041b68d8.php 第 275 行.
INFO: Run Behavior\ParseTemplateBehavior [ RunTime:0.009000s ]
INFO: [ view_parse ] --END-- [ RunTime:0.009000s ]
INFO: [ view_filter ] --START--
INFO: Run Behavior\WriteHtmlCacheBehavior [ RunTime:0.000000s ]
INFO: [ view_filter ] --END-- [ RunTime:0.000000s ]
INFO: [ app_end ] --START--
INFO: Run Behavior\ShowPageTraceBehavior [ RunTime:0.000000s ]
INFO: [ app_end ] --END-- [ RunTime:0.000000s ]

[ 2018-05-30T09:30:25+08:00 ] 127.0.0.1 /public/home/scripts/swiper.min.js.map
INFO: [ app_init ] --START--
INFO: Run Behavior\BuildLiteBehavior [ RunTime:0.000000s ]
INFO: [ app_init ] --END-- [ RunTime:0.000000s ]
NOTIC: [8] Constant API_KEY already defined D:\phpStudy\PHPTutorial\WWW\crowdFunding\app\App\Conf\config.php 第 4 行.
INFO: [ app_begin ] --START--
INFO: Run Behavior\ReadHtmlCacheBehavior [ RunTime:0.000000s ]
INFO: [ app_begin ] --END-- [ RunTime:0.000000s ]
ERR: 无法加载控制器:Public

[ 2018-05-30T09:30:25+08:00 ] 127.0.0.1 /public/home/scripts/swiper.min.js.map
INFO: [ app_init ] --START--
INFO: Run Behavior\BuildLiteBehavior [ RunTime:0.000000s ]
INFO: [ app_init ] --END-- [ RunTime:0.000000s ]
NOTIC: [8] Constant API_KEY already defined D:\phpStudy\PHPTutorial\WWW\crowdFunding\app\App\Conf\config.php 第 4 行.
INFO: [ app_begin ] --START--
INFO: Run Behavior\ReadHtmlCacheBehavior [ RunTime:0.000000s ]
INFO: [ app_begin ] --END-- [ RunTime:0.000000s ]
ERR: 无法加载控制器:Public

[ 2018-05-30T09:30:28+08:00 ] 127.0.0.1 /Release/ajaxUpload.html
INFO: [ app_init ] --START--
INFO: Run Behavior\BuildLiteBehavior [ RunTime:0.001000s ]
INFO: [ app_init ] --END-- [ RunTime:0.001000s ]
NOTIC: [8] Constant API_KEY already defined D:\phpStudy\PHPTutorial\WWW\crowdFunding\app\App\Conf\config.php 第 4 行.
INFO: [ app_begin ] --START--
INFO: Run Behavior\ReadHtmlCacheBehavior [ RunTime:0.001000s ]
INFO: [ app_begin ] --END-- [ RunTime:0.001000s ]
NOTIC: [8] Undefined variable: res D:\phpStudy\PHPTutorial\WWW\crowdFunding\app\Common\Common\function.php 第 779 行.

[ 2018-05-30T09:30:35+08:00 ] 127.0.0.1 /Release/ajaxUpload.html
INFO: [ app_init ] --START--
INFO: Run Behavior\BuildLiteBehavior [ RunTime:0.000000s ]
INFO: [ app_init ] --END-- [ RunTime:0.000000s ]
NOTIC: [8] Constant API_KEY already defined D:\phpStudy\PHPTutorial\WWW\crowdFunding\app\App\Conf\config.php 第 4 行.
INFO: [ app_begin ] --START--
INFO: Run Behavior\ReadHtmlCacheBehavior [ RunTime:0.000000s ]
INFO: [ app_begin ] --END-- [ RunTime:0.000000s ]
NOTIC: [8] Undefined index: img D:\phpStudy\PHPTutorial\WWW\crowdFunding\app\App\Controller\ReleaseController.class.php 第 207 行.

[ 2018-05-30T09:30:35+08:00 ] 127.0.0.1 /release/0
INFO: [ app_init ] --START--
INFO: Run Behavior\BuildLiteBehavior [ RunTime:0.000000s ]
INFO: [ app_init ] --END-- [ RunTime:0.000000s ]
NOTIC: [8] Constant API_KEY already defined D:\phpStudy\PHPTutorial\WWW\crowdFunding\app\App\Conf\config.php 第 4 行.
INFO: [ app_begin ] --START--
INFO: Run Behavior\ReadHtmlCacheBehavior [ RunTime:0.000000s ]
INFO: [ app_begin ] --END-- [ RunTime:0.000000s ]
INFO: [ view_parse ] --START--
INFO: [ template_filter ] --START--
INFO: Run Behavior\ContentReplaceBehavior [ RunTime:0.000000s ]
INFO: [ template_filter ] --END-- [ RunTime:0.000000s ]
INFO: Run Behavior\ParseTemplateBehavior [ RunTime:0.005000s ]
INFO: [ view_parse ] --END-- [ RunTime:0.005000s ]
INFO: [ view_filter ] --START--
INFO: Run Behavior\WriteHtmlCacheBehavior [ RunTime:0.000000s ]
INFO: [ view_filter ] --END-- [ RunTime:0.000000s ]
INFO: [ app_end ] --START--
INFO: Run Behavior\ShowPageTraceBehavior [ RunTime:0.000000s ]
INFO: [ app_end ] --END-- [ RunTime:0.000000s ]

[ 2018-05-30T10:11:49+08:00 ] 127.0.0.1 /public/home/scripts/swiper.min.js.map
INFO: [ app_init ] --START--
INFO: Run Behavior\BuildLiteBehavior [ RunTime:0.000000s ]
INFO: [ app_init ] --END-- [ RunTime:0.000000s ]
NOTIC: [8] Constant API_KEY already defined D:\phpStudy\PHPTutorial\WWW\crowdFunding\app\App\Conf\config.php 第 4 行.
INFO: [ app_begin ] --START--
INFO: Run Behavior\ReadHtmlCacheBehavior [ RunTime:0.001000s ]
INFO: [ app_begin ] --END-- [ RunTime:0.001000s ]
ERR: 无法加载控制器:Public

[ 2018-05-30T10:11:50+08:00 ] 127.0.0.1 /release/index.html
INFO: [ app_init ] --START--
INFO: Run Behavior\BuildLiteBehavior [ RunTime:0.000000s ]
INFO: [ app_init ] --END-- [ RunTime:0.001000s ]
NOTIC: [8] Constant API_KEY already defined D:\phpStudy\PHPTutorial\WWW\crowdFunding\app\App\Conf\config.php 第 4 行.
INFO: [ app_begin ] --START--
INFO: Run Behavior\ReadHtmlCacheBehavior [ RunTime:0.000000s ]
INFO: [ app_begin ] --END-- [ RunTime:0.001000s ]
INFO: [ view_parse ] --START--
INFO: [ template_filter ] --START--
INFO: Run Behavior\ContentReplaceBehavior [ RunTime:0.000000s ]
INFO: [ template_filter ] --END-- [ RunTime:0.000000s ]
INFO: Run Behavior\ParseTemplateBehavior [ RunTime:0.014000s ]
INFO: [ view_parse ] --END-- [ RunTime:0.014000s ]
INFO: [ view_filter ] --START--
INFO: Run Behavior\WriteHtmlCacheBehavior [ RunTime:0.000000s ]
INFO: [ view_filter ] --END-- [ RunTime:0.000000s ]
INFO: [ app_end ] --START--
INFO: Run Behavior\ShowPageTraceBehavior [ RunTime:0.001000s ]
INFO: [ app_end ] --END-- [ RunTime:0.001000s ]

[ 2018-05-30T10:11:50+08:00 ] 127.0.0.1 /public/home/scripts/swiper.min.js.map
INFO: [ app_init ] --START--
INFO: Run Behavior\BuildLiteBehavior [ RunTime:0.000000s ]
INFO: [ app_init ] --END-- [ RunTime:0.000000s ]
NOTIC: [8] Constant API_KEY already defined D:\phpStudy\PHPTutorial\WWW\crowdFunding\app\App\Conf\config.php 第 4 行.
INFO: [ app_begin ] --START--
INFO: Run Behavior\ReadHtmlCacheBehavior [ RunTime:0.000000s ]
INFO: [ app_begin ] --END-- [ RunTime:0.000000s ]
ERR: 无法加载控制器:Public

[ 2018-05-30T10:11:50+08:00 ] 127.0.0.1 /release/index.html
INFO: [ app_init ] --START--
INFO: Run Behavior\BuildLiteBehavior [ RunTime:0.000000s ]
INFO: [ app_init ] --END-- [ RunTime:0.000000s ]
NOTIC: [8] Constant API_KEY already defined D:\phpStudy\PHPTutorial\WWW\crowdFunding\app\App\Conf\config.php 第 4 行.
INFO: [ app_begin ] --START--
INFO: Run Behavior\ReadHtmlCacheBehavior [ RunTime:0.000000s ]
INFO: [ app_begin ] --END-- [ RunTime:0.000000s ]
INFO: [ view_parse ] --START--
INFO: [ template_filter ] --START--
INFO: Run Behavior\ContentReplaceBehavior [ RunTime:0.000000s ]
INFO: [ template_filter ] --END-- [ RunTime:0.000000s ]
INFO: Run Behavior\ParseTemplateBehavior [ RunTime:0.006000s ]
INFO: [ view_parse ] --END-- [ RunTime:0.006000s ]
INFO: [ view_filter ] --START--
INFO: Run Behavior\WriteHtmlCacheBehavior [ RunTime:0.000000s ]
INFO: [ view_filter ] --END-- [ RunTime:0.000000s ]
INFO: [ app_end ] --START--
INFO: Run Behavior\ShowPageTraceBehavior [ RunTime:0.000000s ]
INFO: [ app_end ] --END-- [ RunTime:0.000000s ]

[ 2018-05-30T10:11:50+08:00 ] 127.0.0.1 /public/home/scripts/swiper.min.js.map
INFO: [ app_init ] --START--
INFO: Run Behavior\BuildLiteBehavior [ RunTime:0.000000s ]
INFO: [ app_init ] --END-- [ RunTime:0.000000s ]
NOTIC: [8] Constant API_KEY already defined D:\phpStudy\PHPTutorial\WWW\crowdFunding\app\App\Conf\config.php 第 4 行.
INFO: [ app_begin ] --START--
INFO: Run Behavior\ReadHtmlCacheBehavior [ RunTime:0.001000s ]
INFO: [ app_begin ] --END-- [ RunTime:0.001000s ]
ERR: 无法加载控制器:Public

[ 2018-05-30T10:11:50+08:00 ] 127.0.0.1 /release/index.html
INFO: [ app_init ] --START--
INFO: Run Behavior\BuildLiteBehavior [ RunTime:0.000000s ]
INFO: [ app_init ] --END-- [ RunTime:0.000000s ]
NOTIC: [8] Constant API_KEY already defined D:\phpStudy\PHPTutorial\WWW\crowdFunding\app\App\Conf\config.php 第 4 行.
INFO: [ app_begin ] --START--
INFO: Run Behavior\ReadHtmlCacheBehavior [ RunTime:0.000000s ]
INFO: [ app_begin ] --END-- [ RunTime:0.000000s ]
INFO: [ view_parse ] --START--
INFO: [ template_filter ] --START--
INFO: Run Behavior\ContentReplaceBehavior [ RunTime:0.000000s ]
INFO: [ template_filter ] --END-- [ RunTime:0.000000s ]
INFO: Run Behavior\ParseTemplateBehavior [ RunTime:0.000000s ]
INFO: [ view_parse ] --END-- [ RunTime:0.000000s ]
INFO: [ view_filter ] --START--
INFO: Run Behavior\WriteHtmlCacheBehavior [ RunTime:0.000000s ]
INFO: [ view_filter ] --END-- [ RunTime:0.000000s ]
INFO: [ app_end ] --START--
INFO: Run Behavior\ShowPageTraceBehavior [ RunTime:0.000000s ]
INFO: [ app_end ] --END-- [ RunTime:0.000000s ]

[ 2018-05-30T10:11:50+08:00 ] 127.0.0.1 /public/home/scripts/swiper.min.js.map
INFO: [ app_init ] --START--
INFO: Run Behavior\BuildLiteBehavior [ RunTime:0.000000s ]
INFO: [ app_init ] --END-- [ RunTime:0.000000s ]
NOTIC: [8] Constant API_KEY already defined D:\phpStudy\PHPTutorial\WWW\crowdFunding\app\App\Conf\config.php 第 4 行.
INFO: [ app_begin ] --START--
INFO: Run Behavior\ReadHtmlCacheBehavior [ RunTime:0.000000s ]
INFO: [ app_begin ] --END-- [ RunTime:0.000000s ]
ERR: 无法加载控制器:Public

[ 2018-05-30T10:11:50+08:00 ] 127.0.0.1 /release/index.html
INFO: [ app_init ] --START--
INFO: Run Behavior\BuildLiteBehavior [ RunTime:0.000000s ]
INFO: [ app_init ] --END-- [ RunTime:0.000000s ]
NOTIC: [8] Constant API_KEY already defined D:\phpStudy\PHPTutorial\WWW\crowdFunding\app\App\Conf\config.php 第 4 行.
INFO: [ app_begin ] --START--
INFO: Run Behavior\ReadHtmlCacheBehavior [ RunTime:0.000000s ]
INFO: [ app_begin ] --END-- [ RunTime:0.000000s ]
INFO: [ view_parse ] --START--
INFO: [ template_filter ] --START--
INFO: Run Behavior\ContentReplaceBehavior [ RunTime:0.000000s ]
INFO: [ template_filter ] --END-- [ RunTime:0.000000s ]
INFO: Run Behavior\ParseTemplateBehavior [ RunTime:0.000000s ]
INFO: [ view_parse ] --END-- [ RunTime:0.000000s ]
INFO: [ view_filter ] --START--
INFO: Run Behavior\WriteHtmlCacheBehavior [ RunTime:0.000000s ]
INFO: [ view_filter ] --END-- [ RunTime:0.000000s ]
INFO: [ app_end ] --START--
INFO: Run Behavior\ShowPageTraceBehavior [ RunTime:0.000000s ]
INFO: [ app_end ] --END-- [ RunTime:0.000000s ]

[ 2018-05-30T10:11:50+08:00 ] 127.0.0.1 /public/home/scripts/swiper.min.js.map
INFO: [ app_init ] --START--
INFO: Run Behavior\BuildLiteBehavior [ RunTime:0.000000s ]
INFO: [ app_init ] --END-- [ RunTime:0.001000s ]
NOTIC: [8] Constant API_KEY already defined D:\phpStudy\PHPTutorial\WWW\crowdFunding\app\App\Conf\config.php 第 4 行.
INFO: [ app_begin ] --START--
INFO: Run Behavior\ReadHtmlCacheBehavior [ RunTime:0.000000s ]
INFO: [ app_begin ] --END-- [ RunTime:0.000000s ]
ERR: 无法加载控制器:Public

[ 2018-05-30T10:11:52+08:00 ] 127.0.0.1 /center/index.html
INFO: [ app_init ] --START--
INFO: Run Behavior\BuildLiteBehavior [ RunTime:0.000000s ]
INFO: [ app_init ] --END-- [ RunTime:0.000000s ]
NOTIC: [8] Constant API_KEY already defined D:\phpStudy\PHPTutorial\WWW\crowdFunding\app\App\Conf\config.php 第 4 行.
INFO: [ app_begin ] --START--
INFO: Run Behavior\ReadHtmlCacheBehavior [ RunTime:0.000000s ]
INFO: [ app_begin ] --END-- [ RunTime:0.000000s ]
SQL: SHOW COLUMNS FROM `wd_member` [ RunTime:0.0246s ]
SQL: SELECT * FROM `wd_member` WHERE `id` = 53 LIMIT 1   [ RunTime:0.0000s ]
INFO: [ view_parse ] --START--
INFO: [ template_filter ] --START--
INFO: Run Behavior\ContentReplaceBehavior [ RunTime:0.000000s ]
INFO: [ template_filter ] --END-- [ RunTime:0.000000s ]
SQL: SHOW COLUMNS FROM `wd_follow` [ RunTime:0.0220s ]
SQL: SELECT COUNT(*) AS tp_count FROM `wd_follow` WHERE `user_id` = 53 LIMIT 1   [ RunTime:0.0000s ]
SQL: SHOW COLUMNS FROM `wd_announce` [ RunTime:0.0230s ]
SQL: SELECT COUNT(*) AS tp_count FROM `wd_announce` WHERE `user_id` = 53 LIMIT 1   [ RunTime:0.0010s ]
SQL: SHOW COLUMNS FROM `wd_donor` [ RunTime:0.0050s ]
SQL: SELECT COUNT(*) AS tp_count FROM `wd_donor` WHERE `user_id` = 53 LIMIT 1   [ RunTime:0.0000s ]
INFO: Run Behavior\ParseTemplateBehavior [ RunTime:0.058000s ]
INFO: [ view_parse ] --END-- [ RunTime:0.058000s ]
INFO: [ view_filter ] --START--
INFO: Run Behavior\WriteHtmlCacheBehavior [ RunTime:0.000000s ]
INFO: [ view_filter ] --END-- [ RunTime:0.000000s ]
INFO: [ app_end ] --START--
INFO: Run Behavior\ShowPageTraceBehavior [ RunTime:0.001000s ]
INFO: [ app_end ] --END-- [ RunTime:0.001000s ]

[ 2018-05-30T10:11:52+08:00 ] 127.0.0.1 /Public/static/images/72d42c62118bff918059a03ed99757f3.png
INFO: [ app_init ] --START--
INFO: Run Behavior\BuildLiteBehavior [ RunTime:0.000000s ]
INFO: [ app_init ] --END-- [ RunTime:0.000000s ]
NOTIC: [8] Constant API_KEY already defined D:\phpStudy\PHPTutorial\WWW\crowdFunding\app\App\Conf\config.php 第 4 行.

[ 2018-05-30T10:11:52+08:00 ] 127.0.0.1 /public/home/scripts/swiper.min.js.map
INFO: [ app_init ] --START--
INFO: Run Behavior\BuildLiteBehavior [ RunTime:0.000000s ]
INFO: [ app_init ] --END-- [ RunTime:0.001000s ]
NOTIC: [8] Constant API_KEY already defined D:\phpStudy\PHPTutorial\WWW\crowdFunding\app\App\Conf\config.php 第 4 行.
INFO: [ app_begin ] --START--
INFO: Run Behavior\ReadHtmlCacheBehavior [ RunTime:0.001000s ]
INFO: [ app_begin ] --END-- [ RunTime:0.001000s ]
ERR: 无法加载控制器:Public

[ 2018-05-30T10:11:54+08:00 ] 127.0.0.1 /center/wallet.html
INFO: [ app_init ] --START--
INFO: Run Behavior\BuildLiteBehavior [ RunTime:0.000000s ]
INFO: [ app_init ] --END-- [ RunTime:0.000000s ]
NOTIC: [8] Constant API_KEY already defined D:\phpStudy\PHPTutorial\WWW\crowdFunding\app\App\Conf\config.php 第 4 行.
INFO: [ app_begin ] --START--
INFO: Run Behavior\ReadHtmlCacheBehavior [ RunTime:0.000000s ]
INFO: [ app_begin ] --END-- [ RunTime:0.000000s ]
INFO: [ view_parse ] --START--
INFO: [ template_filter ] --START--
INFO: Run Behavior\ContentReplaceBehavior [ RunTime:0.000000s ]
INFO: [ template_filter ] --END-- [ RunTime:0.000000s ]
INFO: Run Behavior\ParseTemplateBehavior [ RunTime:0.022600s ]
INFO: [ view_parse ] --END-- [ RunTime:0.022600s ]
INFO: [ view_filter ] --START--
INFO: Run Behavior\WriteHtmlCacheBehavior [ RunTime:0.001000s ]
INFO: [ view_filter ] --END-- [ RunTime:0.001000s ]
INFO: [ app_end ] --START--
INFO: Run Behavior\ShowPageTraceBehavior [ RunTime:0.000000s ]
INFO: [ app_end ] --END-- [ RunTime:0.000000s ]

[ 2018-05-30T10:11:54+08:00 ] 127.0.0.1 /center/scripts/rem.js
INFO: [ app_init ] --START--
INFO: Run Behavior\BuildLiteBehavior [ RunTime:0.000000s ]
INFO: [ app_init ] --END-- [ RunTime:0.001000s ]
NOTIC: [8] Constant API_KEY already defined D:\phpStudy\PHPTutorial\WWW\crowdFunding\app\App\Conf\config.php 第 4 行.
INFO: [ app_begin ] --START--
INFO: Run Behavior\ReadHtmlCacheBehavior [ RunTime:0.000000s ]
INFO: [ app_begin ] --END-- [ RunTime:0.000000s ]
ERR: 非法操作:scripts

[ 2018-05-30T10:11:55+08:00 ] 127.0.0.1 /center/scripts/jquery.min.js
INFO: [ app_init ] --START--
INFO: Run Behavior\BuildLiteBehavior [ RunTime:0.000000s ]
INFO: [ app_init ] --END-- [ RunTime:0.000000s ]
NOTIC: [8] Constant API_KEY already defined D:\phpStudy\PHPTutorial\WWW\crowdFunding\app\App\Conf\config.php 第 4 行.
INFO: [ app_begin ] --START--
INFO: Run Behavior\ReadHtmlCacheBehavior [ RunTime:0.000000s ]
INFO: [ app_begin ] --END-- [ RunTime:0.000000s ]
ERR: 非法操作:scripts

[ 2018-05-30T10:11:55+08:00 ] 127.0.0.1 /public/home/scripts/swiper.min.js.map
INFO: [ app_init ] --START--
INFO: Run Behavior\BuildLiteBehavior [ RunTime:0.000000s ]
INFO: [ app_init ] --END-- [ RunTime:0.000000s ]
NOTIC: [8] Constant API_KEY already defined D:\phpStudy\PHPTutorial\WWW\crowdFunding\app\App\Conf\config.php 第 4 行.
INFO: [ app_begin ] --START--
INFO: Run Behavior\ReadHtmlCacheBehavior [ RunTime:0.000000s ]
INFO: [ app_begin ] --END-- [ RunTime:0.000000s ]
ERR: 无法加载控制器:Public

[ 2018-05-30T10:11:55+08:00 ] 127.0.0.1 /public/home/scripts/swiper.min.js.map
INFO: [ app_init ] --START--
INFO: Run Behavior\BuildLiteBehavior [ RunTime:0.000000s ]
INFO: [ app_init ] --END-- [ RunTime:0.000000s ]
NOTIC: [8] Constant API_KEY already defined D:\phpStudy\PHPTutorial\WWW\crowdFunding\app\App\Conf\config.php 第 4 行.
INFO: [ app_begin ] --START--
INFO: Run Behavior\ReadHtmlCacheBehavior [ RunTime:0.000000s ]
INFO: [ app_begin ] --END-- [ RunTime:0.000000s ]
ERR: 无法加载控制器:Public

[ 2018-05-30T10:11:55+08:00 ] 127.0.0.1 /public/home/scripts/swiper.min.js.map
INFO: [ app_init ] --START--
INFO: Run Behavior\BuildLiteBehavior [ RunTime:0.000000s ]
INFO: [ app_init ] --END-- [ RunTime:0.000000s ]
NOTIC: [8] Constant API_KEY already defined D:\phpStudy\PHPTutorial\WWW\crowdFunding\app\App\Conf\config.php 第 4 行.
INFO: [ app_begin ] --START--
INFO: Run Behavior\ReadHtmlCacheBehavior [ RunTime:0.001000s ]
INFO: [ app_begin ] --END-- [ RunTime:0.001000s ]
ERR: 无法加载控制器:Public

[ 2018-05-30T10:11:56+08:00 ] 127.0.0.1 /center/index.html
INFO: [ app_init ] --START--
INFO: Run Behavior\BuildLiteBehavior [ RunTime:0.000000s ]
INFO: [ app_init ] --END-- [ RunTime:0.001000s ]
NOTIC: [8] Constant API_KEY already defined D:\phpStudy\PHPTutorial\WWW\crowdFunding\app\App\Conf\config.php 第 4 行.
INFO: [ app_begin ] --START--
INFO: Run Behavior\ReadHtmlCacheBehavior [ RunTime:0.000000s ]
INFO: [ app_begin ] --END-- [ RunTime:0.000000s ]
SQL: SHOW COLUMNS FROM `wd_member` [ RunTime:0.0130s ]
SQL: SELECT * FROM `wd_member` WHERE `id` = 53 LIMIT 1   [ RunTime:0.0000s ]
INFO: [ view_parse ] --START--
INFO: [ template_filter ] --START--
INFO: Run Behavior\ContentReplaceBehavior [ RunTime:0.000000s ]
INFO: [ template_filter ] --END-- [ RunTime:0.000000s ]
SQL: SHOW COLUMNS FROM `wd_follow` [ RunTime:0.0120s ]
SQL: SELECT COUNT(*) AS tp_count FROM `wd_follow` WHERE `user_id` = 53 LIMIT 1   [ RunTime:0.0000s ]
SQL: SHOW COLUMNS FROM `wd_announce` [ RunTime:0.0120s ]
SQL: SELECT COUNT(*) AS tp_count FROM `wd_announce` WHERE `user_id` = 53 LIMIT 1   [ RunTime:0.0000s ]
SQL: SHOW COLUMNS FROM `wd_donor` [ RunTime:0.0120s ]
SQL: SELECT COUNT(*) AS tp_count FROM `wd_donor` WHERE `user_id` = 53 LIMIT 1   [ RunTime:0.0010s ]
INFO: Run Behavior\ParseTemplateBehavior [ RunTime:0.045000s ]
INFO: [ view_parse ] --END-- [ RunTime:0.045000s ]
INFO: [ view_filter ] --START--
INFO: Run Behavior\WriteHtmlCacheBehavior [ RunTime:0.000000s ]
INFO: [ view_filter ] --END-- [ RunTime:0.000000s ]
INFO: [ app_end ] --START--
INFO: Run Behavior\ShowPageTraceBehavior [ RunTime:0.001000s ]
INFO: [ app_end ] --END-- [ RunTime:0.001000s ]

[ 2018-05-30T10:11:56+08:00 ] 127.0.0.1 /Public/static/images/72d42c62118bff918059a03ed99757f3.png
INFO: [ app_init ] --START--
INFO: Run Behavior\BuildLiteBehavior [ RunTime:0.000000s ]
INFO: [ app_init ] --END-- [ RunTime:0.001000s ]
NOTIC: [8] Constant API_KEY already defined D:\phpStudy\PHPTutorial\WWW\crowdFunding\app\App\Conf\config.php 第 4 行.

[ 2018-05-30T10:11:56+08:00 ] 127.0.0.1 /public/home/scripts/swiper.min.js.map
INFO: [ app_init ] --START--
INFO: Run Behavior\BuildLiteBehavior [ RunTime:0.000000s ]
INFO: [ app_init ] --END-- [ RunTime:0.000000s ]
NOTIC: [8] Constant API_KEY already defined D:\phpStudy\PHPTutorial\WWW\crowdFunding\app\App\Conf\config.php 第 4 行.
INFO: [ app_begin ] --START--
INFO: Run Behavior\ReadHtmlCacheBehavior [ RunTime:0.001000s ]
INFO: [ app_begin ] --END-- [ RunTime:0.001000s ]
ERR: 无法加载控制器:Public

[ 2018-05-30T10:11:57+08:00 ] 127.0.0.1 /center/index.html
INFO: [ app_init ] --START--
INFO: Run Behavior\BuildLiteBehavior [ RunTime:0.000000s ]
INFO: [ app_init ] --END-- [ RunTime:0.001000s ]
NOTIC: [8] Constant API_KEY already defined D:\phpStudy\PHPTutorial\WWW\crowdFunding\app\App\Conf\config.php 第 4 行.
INFO: [ app_begin ] --START--
INFO: Run Behavior\ReadHtmlCacheBehavior [ RunTime:0.001000s ]
INFO: [ app_begin ] --END-- [ RunTime:0.001000s ]
SQL: SHOW COLUMNS FROM `wd_member` [ RunTime:0.0150s ]
SQL: SELECT * FROM `wd_member` WHERE `id` = 53 LIMIT 1   [ RunTime:0.0000s ]
INFO: [ view_parse ] --START--
INFO: [ template_filter ] --START--
INFO: Run Behavior\ContentReplaceBehavior [ RunTime:0.000000s ]
INFO: [ template_filter ] --END-- [ RunTime:0.000000s ]
SQL: SHOW COLUMNS FROM `wd_follow` [ RunTime:0.0100s ]
SQL: SELECT COUNT(*) AS tp_count FROM `wd_follow` WHERE `user_id` = 53 LIMIT 1   [ RunTime:0.0000s ]
SQL: SHOW COLUMNS FROM `wd_announce` [ RunTime:0.0090s ]
SQL: SELECT COUNT(*) AS tp_count FROM `wd_announce` WHERE `user_id` = 53 LIMIT 1   [ RunTime:0.0000s ]
SQL: SHOW COLUMNS FROM `wd_donor` [ RunTime:0.0090s ]
SQL: SELECT COUNT(*) AS tp_count FROM `wd_donor` WHERE `user_id` = 53 LIMIT 1   [ RunTime:0.0000s ]
INFO: Run Behavior\ParseTemplateBehavior [ RunTime:0.037000s ]
INFO: [ view_parse ] --END-- [ RunTime:0.037000s ]
INFO: [ view_filter ] --START--
INFO: Run Behavior\WriteHtmlCacheBehavior [ RunTime:0.000000s ]
INFO: [ view_filter ] --END-- [ RunTime:0.000000s ]
INFO: [ app_end ] --START--
INFO: Run Behavior\ShowPageTraceBehavior [ RunTime:0.001000s ]
INFO: [ app_end ] --END-- [ RunTime:0.001000s ]

[ 2018-05-30T10:11:57+08:00 ] 127.0.0.1 /Public/static/images/72d42c62118bff918059a03ed99757f3.png
INFO: [ app_init ] --START--
INFO: Run Behavior\BuildLiteBehavior [ RunTime:0.000000s ]
INFO: [ app_init ] --END-- [ RunTime:0.000000s ]
NOTIC: [8] Constant API_KEY already defined D:\phpStudy\PHPTutorial\WWW\crowdFunding\app\App\Conf\config.php 第 4 行.

[ 2018-05-30T10:11:58+08:00 ] 127.0.0.1 /center/index.html
INFO: [ app_init ] --START--
INFO: Run Behavior\BuildLiteBehavior [ RunTime:0.000000s ]
INFO: [ app_init ] --END-- [ RunTime:0.000000s ]
NOTIC: [8] Constant API_KEY already defined D:\phpStudy\PHPTutorial\WWW\crowdFunding\app\App\Conf\config.php 第 4 行.
INFO: [ app_begin ] --START--
INFO: Run Behavior\ReadHtmlCacheBehavior [ RunTime:0.001000s ]
INFO: [ app_begin ] --END-- [ RunTime:0.001000s ]
SQL: SHOW COLUMNS FROM `wd_member` [ RunTime:0.0110s ]
SQL: SELECT * FROM `wd_member` WHERE `id` = 53 LIMIT 1   [ RunTime:0.0000s ]
INFO: [ view_parse ] --START--
INFO: [ template_filter ] --START--
INFO: Run Behavior\ContentReplaceBehavior [ RunTime:0.001000s ]
INFO: [ template_filter ] --END-- [ RunTime:0.001000s ]
SQL: SHOW COLUMNS FROM `wd_follow` [ RunTime:0.0100s ]
SQL: SELECT COUNT(*) AS tp_count FROM `wd_follow` WHERE `user_id` = 53 LIMIT 1   [ RunTime:0.0000s ]
SQL: SHOW COLUMNS FROM `wd_announce` [ RunTime:0.0080s ]
SQL: SELECT COUNT(*) AS tp_count FROM `wd_announce` WHERE `user_id` = 53 LIMIT 1   [ RunTime:0.0000s ]
SQL: SHOW COLUMNS FROM `wd_donor` [ RunTime:0.0080s ]
SQL: SELECT COUNT(*) AS tp_count FROM `wd_donor` WHERE `user_id` = 53 LIMIT 1   [ RunTime:0.0000s ]
INFO: Run Behavior\ParseTemplateBehavior [ RunTime:0.036000s ]
INFO: [ view_parse ] --END-- [ RunTime:0.036000s ]
INFO: [ view_filter ] --START--
INFO: Run Behavior\WriteHtmlCacheBehavior [ RunTime:0.000000s ]
INFO: [ view_filter ] --END-- [ RunTime:0.000000s ]
INFO: [ app_end ] --START--
INFO: Run Behavior\ShowPageTraceBehavior [ RunTime:0.001000s ]
INFO: [ app_end ] --END-- [ RunTime:0.001000s ]

[ 2018-05-30T10:11:58+08:00 ] 127.0.0.1 /Public/static/images/72d42c62118bff918059a03ed99757f3.png
INFO: [ app_init ] --START--
INFO: Run Behavior\BuildLiteBehavior [ RunTime:0.000000s ]
INFO: [ app_init ] --END-- [ RunTime:0.000000s ]
NOTIC: [8] Constant API_KEY already defined D:\phpStudy\PHPTutorial\WWW\crowdFunding\app\App\Conf\config.php 第 4 行.

[ 2018-05-30T10:11:58+08:00 ] 127.0.0.1 /public/home/scripts/swiper.min.js.map
INFO: [ app_init ] --START--
INFO: Run Behavior\BuildLiteBehavior [ RunTime:0.000000s ]
INFO: [ app_init ] --END-- [ RunTime:0.000000s ]
NOTIC: [8] Constant API_KEY already defined D:\phpStudy\PHPTutorial\WWW\crowdFunding\app\App\Conf\config.php 第 4 行.
INFO: [ app_begin ] --START--
INFO: Run Behavior\ReadHtmlCacheBehavior [ RunTime:0.000000s ]
INFO: [ app_begin ] --END-- [ RunTime:0.000000s ]
ERR: 无法加载控制器:Public

[ 2018-05-30T10:12:42+08:00 ] 127.0.0.1 /center/use.html
INFO: [ app_init ] --START--
INFO: Run Behavior\BuildLiteBehavior [ RunTime:0.000000s ]
INFO: [ app_init ] --END-- [ RunTime:0.001000s ]
NOTIC: [8] Constant API_KEY already defined D:\phpStudy\PHPTutorial\WWW\crowdFunding\app\App\Conf\config.php 第 4 行.
INFO: [ app_begin ] --START--
INFO: Run Behavior\ReadHtmlCacheBehavior [ RunTime:0.000000s ]
INFO: [ app_begin ] --END-- [ RunTime:0.000000s ]
INFO: [ view_parse ] --START--
INFO: [ template_filter ] --START--
INFO: Run Behavior\ContentReplaceBehavior [ RunTime:0.001000s ]
INFO: [ template_filter ] --END-- [ RunTime:0.001000s ]
NOTIC: [8] Undefined variable: imgArray D:\phpStudy\PHPTutorial\WWW\crowdFunding\runtime\Cache\App\52d75b73aa322cb087f5788f2ffd94bf.php 第 70 行.
NOTIC: [8] Undefined variable: imgArray D:\phpStudy\PHPTutorial\WWW\crowdFunding\runtime\Cache\App\52d75b73aa322cb087f5788f2ffd94bf.php 第 89 行.
INFO: Run Behavior\ParseTemplateBehavior [ RunTime:0.016000s ]
INFO: [ view_parse ] --END-- [ RunTime:0.017000s ]
INFO: [ view_filter ] --START--
INFO: Run Behavior\WriteHtmlCacheBehavior [ RunTime:0.000000s ]
INFO: [ view_filter ] --END-- [ RunTime:0.000000s ]
INFO: [ app_end ] --START--
INFO: Run Behavior\ShowPageTraceBehavior [ RunTime:0.001000s ]
INFO: [ app_end ] --END-- [ RunTime:0.001000s ]

[ 2018-05-30T10:12:42+08:00 ] 127.0.0.1 /center/scripts/rem.js
INFO: [ app_init ] --START--
INFO: Run Behavior\BuildLiteBehavior [ RunTime:0.000000s ]
INFO: [ app_init ] --END-- [ RunTime:0.001000s ]
NOTIC: [8] Constant API_KEY already defined D:\phpStudy\PHPTutorial\WWW\crowdFunding\app\App\Conf\config.php 第 4 行.
INFO: [ app_begin ] --START--
INFO: Run Behavior\ReadHtmlCacheBehavior [ RunTime:0.000000s ]
INFO: [ app_begin ] --END-- [ RunTime:0.000000s ]
ERR: 非法操作:scripts

[ 2018-05-30T10:12:42+08:00 ] 127.0.0.1 /center/scripts/rem.js
INFO: [ app_init ] --START--
INFO: Run Behavior\BuildLiteBehavior [ RunTime:0.000000s ]
INFO: [ app_init ] --END-- [ RunTime:0.001000s ]
NOTIC: [8] Constant API_KEY already defined D:\phpStudy\PHPTutorial\WWW\crowdFunding\app\App\Conf\config.php 第 4 行.
INFO: [ app_begin ] --START--
INFO: Run Behavior\ReadHtmlCacheBehavior [ RunTime:0.000000s ]
INFO: [ app_begin ] --END-- [ RunTime:0.000000s ]
ERR: 非法操作:scripts

[ 2018-05-30T10:12:43+08:00 ] 127.0.0.1 /center/scripts/jquery.min.js
INFO: [ app_init ] --START--
INFO: Run Behavior\BuildLiteBehavior [ RunTime:0.000000s ]
INFO: [ app_init ] --END-- [ RunTime:0.001000s ]
NOTIC: [8] Constant API_KEY already defined D:\phpStudy\PHPTutorial\WWW\crowdFunding\app\App\Conf\config.php 第 4 行.
INFO: [ app_begin ] --START--
INFO: Run Behavior\ReadHtmlCacheBehavior [ RunTime:0.001000s ]
INFO: [ app_begin ] --END-- [ RunTime:0.001000s ]
ERR: 非法操作:scripts

[ 2018-05-30T10:12:43+08:00 ] 127.0.0.1 /public/home/scripts/swiper.min.js.map
INFO: [ app_init ] --START--
INFO: Run Behavior\BuildLiteBehavior [ RunTime:0.000000s ]
INFO: [ app_init ] --END-- [ RunTime:0.001000s ]
NOTIC: [8] Constant API_KEY already defined D:\phpStudy\PHPTutorial\WWW\crowdFunding\app\App\Conf\config.php 第 4 行.
INFO: [ app_begin ] --START--
INFO: Run Behavior\ReadHtmlCacheBehavior [ RunTime:0.001000s ]
INFO: [ app_begin ] --END-- [ RunTime:0.001000s ]
ERR: 无法加载控制器:Public

[ 2018-05-30T10:12:43+08:00 ] 127.0.0.1 /public/home/scripts/swiper.min.js.map
INFO: [ app_init ] --START--
INFO: Run Behavior\BuildLiteBehavior [ RunTime:0.000000s ]
INFO: [ app_init ] --END-- [ RunTime:0.001000s ]
NOTIC: [8] Constant API_KEY already defined D:\phpStudy\PHPTutorial\WWW\crowdFunding\app\App\Conf\config.php 第 4 行.
INFO: [ app_begin ] --START--
INFO: Run Behavior\ReadHtmlCacheBehavior [ RunTime:0.001000s ]
INFO: [ app_begin ] --END-- [ RunTime:0.001000s ]
ERR: 无法加载控制器:Public

[ 2018-05-30T10:15:56+08:00 ] 127.0.0.1 /public/home/scripts/swiper.min.js.map
INFO: [ app_init ] --START--
INFO: Run Behavior\BuildLiteBehavior [ RunTime:0.000000s ]
INFO: [ app_init ] --END-- [ RunTime:0.000000s ]
NOTIC: [8] Constant API_KEY already defined D:\phpStudy\PHPTutorial\WWW\crowdFunding\app\App\Conf\config.php 第 4 行.
INFO: [ app_begin ] --START--
INFO: Run Behavior\ReadHtmlCacheBehavior [ RunTime:0.000000s ]
INFO: [ app_begin ] --END-- [ RunTime:0.000000s ]
ERR: 无法加载控制器:Public

[ 2018-05-30T10:15:57+08:00 ] 127.0.0.1 /center/index.html
INFO: [ app_init ] --START--
INFO: Run Behavior\BuildLiteBehavior [ RunTime:0.000000s ]
INFO: [ app_init ] --END-- [ RunTime:0.000000s ]
NOTIC: [8] Constant API_KEY already defined D:\phpStudy\PHPTutorial\WWW\crowdFunding\app\App\Conf\config.php 第 4 行.
INFO: [ app_begin ] --START--
INFO: Run Behavior\ReadHtmlCacheBehavior [ RunTime:0.000000s ]
INFO: [ app_begin ] --END-- [ RunTime:0.000000s ]
SQL: SHOW COLUMNS FROM `wd_member` [ RunTime:0.0110s ]
SQL: SELECT * FROM `wd_member` WHERE `id` = 53 LIMIT 1   [ RunTime:0.0010s ]
INFO: [ view_parse ] --START--
INFO: [ template_filter ] --START--
INFO: Run Behavior\ContentReplaceBehavior [ RunTime:0.000000s ]
INFO: [ template_filter ] --END-- [ RunTime:0.000000s ]
SQL: SHOW COLUMNS FROM `wd_follow` [ RunTime:0.0120s ]
SQL: SELECT COUNT(*) AS tp_count FROM `wd_follow` WHERE `user_id` = 53 LIMIT 1   [ RunTime:0.0010s ]
SQL: SHOW COLUMNS FROM `wd_announce` [ RunTime:0.0110s ]
SQL: SELECT COUNT(*) AS tp_count FROM `wd_announce` WHERE `user_id` = 53 LIMIT 1   [ RunTime:0.0000s ]
SQL: SHOW COLUMNS FROM `wd_donor` [ RunTime:0.0100s ]
SQL: SELECT COUNT(*) AS tp_count FROM `wd_donor` WHERE `user_id` = 53 LIMIT 1   [ RunTime:0.0000s ]
INFO: Run Behavior\ParseTemplateBehavior [ RunTime:0.041000s ]
INFO: [ view_parse ] --END-- [ RunTime:0.041000s ]
INFO: [ view_filter ] --START--
INFO: Run Behavior\WriteHtmlCacheBehavior [ RunTime:0.001000s ]
INFO: [ view_filter ] --END-- [ RunTime:0.001000s ]
INFO: [ app_end ] --START--
INFO: Run Behavior\ShowPageTraceBehavior [ RunTime:0.000000s ]
INFO: [ app_end ] --END-- [ RunTime:0.000000s ]

[ 2018-05-30T10:15:57+08:00 ] 127.0.0.1 /Public/static/images/72d42c62118bff918059a03ed99757f3.png
INFO: [ app_init ] --START--
INFO: Run Behavior\BuildLiteBehavior [ RunTime:0.000000s ]
INFO: [ app_init ] --END-- [ RunTime:0.000000s ]
NOTIC: [8] Constant API_KEY already defined D:\phpStudy\PHPTutorial\WWW\crowdFunding\app\App\Conf\config.php 第 4 行.

[ 2018-05-30T10:15:57+08:00 ] 127.0.0.1 /public/home/scripts/swiper.min.js.map
INFO: [ app_init ] --START--
INFO: Run Behavior\BuildLiteBehavior [ RunTime:0.000000s ]
INFO: [ app_init ] --END-- [ RunTime:0.000000s ]
NOTIC: [8] Constant API_KEY already defined D:\phpStudy\PHPTutorial\WWW\crowdFunding\app\App\Conf\config.php 第 4 行.
INFO: [ app_begin ] --START--
INFO: Run Behavior\ReadHtmlCacheBehavior [ RunTime:0.000000s ]
INFO: [ app_begin ] --END-- [ RunTime:0.000000s ]
ERR: 无法加载控制器:Public

[ 2018-05-30T10:16:22+08:00 ] 127.0.0.1 /Center/faqi/id/1.html
INFO: [ app_init ] --START--
INFO: Run Behavior\BuildLiteBehavior [ RunTime:0.000000s ]
INFO: [ app_init ] --END-- [ RunTime:0.001000s ]
NOTIC: [8] Constant API_KEY already defined D:\phpStudy\PHPTutorial\WWW\crowdFunding\app\App\Conf\config.php 第 4 行.
INFO: [ app_begin ] --START--
INFO: Run Behavior\ReadHtmlCacheBehavior [ RunTime:0.001000s ]
INFO: [ app_begin ] --END-- [ RunTime:0.001000s ]
SQL: SHOW COLUMNS FROM `wd_rescue` [ RunTime:0.0160s ]
SQL: SELECT * FROM `wd_rescue` WHERE `status` = 1 AND `user_id` = 53  [ RunTime:0.0010s ]
INFO: [ view_parse ] --START--
INFO: [ template_filter ] --START--
INFO: Run Behavior\ContentReplaceBehavior [ RunTime:0.000000s ]
INFO: [ template_filter ] --END-- [ RunTime:0.000000s ]
INFO: Run Behavior\ParseTemplateBehavior [ RunTime:0.010000s ]
INFO: [ view_parse ] --END-- [ RunTime:0.010000s ]
INFO: [ view_filter ] --START--
INFO: Run Behavior\WriteHtmlCacheBehavior [ RunTime:0.000000s ]
INFO: [ view_filter ] --END-- [ RunTime:0.000000s ]
INFO: [ app_end ] --START--
INFO: Run Behavior\ShowPageTraceBehavior [ RunTime:0.000000s ]
INFO: [ app_end ] --END-- [ RunTime:0.000000s ]

[ 2018-05-30T10:16:22+08:00 ] 127.0.0.1 /public/home/scripts/swiper.min.js.map
INFO: [ app_init ] --START--
INFO: Run Behavior\BuildLiteBehavior [ RunTime:0.000000s ]
INFO: [ app_init ] --END-- [ RunTime:0.000000s ]
NOTIC: [8] Constant API_KEY already defined D:\phpStudy\PHPTutorial\WWW\crowdFunding\app\App\Conf\config.php 第 4 行.
INFO: [ app_begin ] --START--
INFO: Run Behavior\ReadHtmlCacheBehavior [ RunTime:0.000000s ]
INFO: [ app_begin ] --END-- [ RunTime:0.000000s ]
ERR: 无法加载控制器:Public

[ 2018-05-30T10:16:22+08:00 ] 127.0.0.1 /public/home/scripts/swiper.min.js.map
INFO: [ app_init ] --START--
INFO: Run Behavior\BuildLiteBehavior [ RunTime:0.000000s ]
INFO: [ app_init ] --END-- [ RunTime:0.000000s ]
NOTIC: [8] Constant API_KEY already defined D:\phpStudy\PHPTutorial\WWW\crowdFunding\app\App\Conf\config.php 第 4 行.
INFO: [ app_begin ] --START--
INFO: Run Behavior\ReadHtmlCacheBehavior [ RunTime:0.000000s ]
INFO: [ app_begin ] --END-- [ RunTime:0.000000s ]
ERR: 无法加载控制器:Public

[ 2018-05-30T10:16:26+08:00 ] 127.0.0.1 /public/home/scripts/swiper.min.js.map
INFO: [ app_init ] --START--
INFO: Run Behavior\BuildLiteBehavior [ RunTime:0.000000s ]
INFO: [ app_init ] --END-- [ RunTime:0.000000s ]
NOTIC: [8] Constant API_KEY already defined D:\phpStudy\PHPTutorial\WWW\crowdFunding\app\App\Conf\config.php 第 4 行.
INFO: [ app_begin ] --START--
INFO: Run Behavior\ReadHtmlCacheBehavior [ RunTime:0.001000s ]
INFO: [ app_begin ] --END-- [ RunTime:0.001000s ]
ERR: 无法加载控制器:Public

[ 2018-05-30T10:16:27+08:00 ] 127.0.0.1 /Center/faqi/id/1.html
INFO: [ app_init ] --START--
INFO: Run Behavior\BuildLiteBehavior [ RunTime:0.000000s ]
INFO: [ app_init ] --END-- [ RunTime:0.000000s ]
NOTIC: [8] Constant API_KEY already defined D:\phpStudy\PHPTutorial\WWW\crowdFunding\app\App\Conf\config.php 第 4 行.
INFO: [ app_begin ] --START--
INFO: Run Behavior\ReadHtmlCacheBehavior [ RunTime:0.001000s ]
INFO: [ app_begin ] --END-- [ RunTime:0.001000s ]
SQL: SHOW COLUMNS FROM `wd_rescue` [ RunTime:0.0090s ]
SQL: SELECT * FROM `wd_rescue` WHERE `status` = 1 AND `user_id` = 53  [ RunTime:0.0000s ]
INFO: [ view_parse ] --START--
INFO: [ template_filter ] --START--
INFO: Run Behavior\ContentReplaceBehavior [ RunTime:0.000000s ]
INFO: [ template_filter ] --END-- [ RunTime:0.000000s ]
INFO: Run Behavior\ParseTemplateBehavior [ RunTime:0.008000s ]
INFO: [ view_parse ] --END-- [ RunTime:0.008000s ]
INFO: [ view_filter ] --START--
INFO: Run Behavior\WriteHtmlCacheBehavior [ RunTime:0.000000s ]
INFO: [ view_filter ] --END-- [ RunTime:0.000000s ]
INFO: [ app_end ] --START--
INFO: Run Behavior\ShowPageTraceBehavior [ RunTime:0.000000s ]
INFO: [ app_end ] --END-- [ RunTime:0.001000s ]

[ 2018-05-30T10:16:28+08:00 ] 127.0.0.1 /public/home/scripts/swiper.min.js.map
INFO: [ app_init ] --START--
INFO: Run Behavior\BuildLiteBehavior [ RunTime:0.000000s ]
INFO: [ app_init ] --END-- [ RunTime:0.000000s ]
NOTIC: [8] Constant API_KEY already defined D:\phpStudy\PHPTutorial\WWW\crowdFunding\app\App\Conf\config.php 第 4 行.
INFO: [ app_begin ] --START--
INFO: Run Behavior\ReadHtmlCacheBehavior [ RunTime:0.000000s ]
INFO: [ app_begin ] --END-- [ RunTime:0.000000s ]
ERR: 无法加载控制器:Public

[ 2018-05-30T10:16:28+08:00 ] 127.0.0.1 /public/home/scripts/swiper.min.js.map
INFO: [ app_init ] --START--
INFO: Run Behavior\BuildLiteBehavior [ RunTime:0.000000s ]
INFO: [ app_init ] --END-- [ RunTime:0.000000s ]
NOTIC: [8] Constant API_KEY already defined D:\phpStudy\PHPTutorial\WWW\crowdFunding\app\App\Conf\config.php 第 4 行.
INFO: [ app_begin ] --START--
INFO: Run Behavior\ReadHtmlCacheBehavior [ RunTime:0.000000s ]
INFO: [ app_begin ] --END-- [ RunTime:0.000000s ]
ERR: 无法加载控制器:Public

[ 2018-05-30T10:16:29+08:00 ] 127.0.0.1 /public/home/scripts/swiper.min.js.map
INFO: [ app_init ] --START--
INFO: Run Behavior\BuildLiteBehavior [ RunTime:0.000000s ]
INFO: [ app_init ] --END-- [ RunTime:0.001000s ]
NOTIC: [8] Constant API_KEY already defined D:\phpStudy\PHPTutorial\WWW\crowdFunding\app\App\Conf\config.php 第 4 行.
INFO: [ app_begin ] --START--
INFO: Run Behavior\ReadHtmlCacheBehavior [ RunTime:0.001000s ]
INFO: [ app_begin ] --END-- [ RunTime:0.001000s ]
ERR: 无法加载控制器:Public

[ 2018-05-30T10:16:30+08:00 ] 127.0.0.1 /center/use.html
INFO: [ app_init ] --START--
INFO: Run Behavior\BuildLiteBehavior [ RunTime:0.001000s ]
INFO: [ app_init ] --END-- [ RunTime:0.001000s ]
NOTIC: [8] Constant API_KEY already defined D:\phpStudy\PHPTutorial\WWW\crowdFunding\app\App\Conf\config.php 第 4 行.
INFO: [ app_begin ] --START--
INFO: Run Behavior\ReadHtmlCacheBehavior [ RunTime:0.001000s ]
INFO: [ app_begin ] --END-- [ RunTime:0.001000s ]
INFO: [ view_parse ] --START--
INFO: [ template_filter ] --START--
INFO: Run Behavior\ContentReplaceBehavior [ RunTime:0.000000s ]
INFO: [ template_filter ] --END-- [ RunTime:0.000000s ]
NOTIC: [8] Undefined variable: imgArray D:\phpStudy\PHPTutorial\WWW\crowdFunding\runtime\Cache\App\52d75b73aa322cb087f5788f2ffd94bf.php 第 70 行.
NOTIC: [8] Undefined variable: imgArray D:\phpStudy\PHPTutorial\WWW\crowdFunding\runtime\Cache\App\52d75b73aa322cb087f5788f2ffd94bf.php 第 89 行.
INFO: Run Behavior\ParseTemplateBehavior [ RunTime:0.012000s ]
INFO: [ view_parse ] --END-- [ RunTime:0.012000s ]
INFO: [ view_filter ] --START--
INFO: Run Behavior\WriteHtmlCacheBehavior [ RunTime:0.001000s ]
INFO: [ view_filter ] --END-- [ RunTime:0.001000s ]
INFO: [ app_end ] --START--
INFO: Run Behavior\ShowPageTraceBehavior [ RunTime:0.000000s ]
INFO: [ app_end ] --END-- [ RunTime:0.000000s ]

[ 2018-05-30T10:16:30+08:00 ] 127.0.0.1 /center/scripts/rem.js
INFO: [ app_init ] --START--
INFO: Run Behavior\BuildLiteBehavior [ RunTime:0.000000s ]
INFO: [ app_init ] --END-- [ RunTime:0.001000s ]
NOTIC: [8] Constant API_KEY already defined D:\phpStudy\PHPTutorial\WWW\crowdFunding\app\App\Conf\config.php 第 4 行.
INFO: [ app_begin ] --START--
INFO: Run Behavior\ReadHtmlCacheBehavior [ RunTime:0.000000s ]
INFO: [ app_begin ] --END-- [ RunTime:0.000000s ]
ERR: 非法操作:scripts

[ 2018-05-30T10:16:30+08:00 ] 127.0.0.1 /center/scripts/rem.js
INFO: [ app_init ] --START--
INFO: Run Behavior\BuildLiteBehavior [ RunTime:0.000000s ]
INFO: [ app_init ] --END-- [ RunTime:0.000000s ]
NOTIC: [8] Constant API_KEY already defined D:\phpStudy\PHPTutorial\WWW\crowdFunding\app\App\Conf\config.php 第 4 行.
INFO: [ app_begin ] --START--
INFO: Run Behavior\ReadHtmlCacheBehavior [ RunTime:0.000000s ]
INFO: [ app_begin ] --END-- [ RunTime:0.000000s ]
ERR: 非法操作:scripts

[ 2018-05-30T10:16:31+08:00 ] 127.0.0.1 /center/scripts/jquery.min.js
INFO: [ app_init ] --START--
INFO: Run Behavior\BuildLiteBehavior [ RunTime:0.000000s ]
INFO: [ app_init ] --END-- [ RunTime:0.001000s ]
NOTIC: [8] Constant API_KEY already defined D:\phpStudy\PHPTutorial\WWW\crowdFunding\app\App\Conf\config.php 第 4 行.
INFO: [ app_begin ] --START--
INFO: Run Behavior\ReadHtmlCacheBehavior [ RunTime:0.000000s ]
INFO: [ app_begin ] --END-- [ RunTime:0.000000s ]
ERR: 非法操作:scripts

[ 2018-05-30T10:16:31+08:00 ] 127.0.0.1 /public/home/scripts/swiper.min.js.map
INFO: [ app_init ] --START--
INFO: Run Behavior\BuildLiteBehavior [ RunTime:0.000000s ]
INFO: [ app_init ] --END-- [ RunTime:0.000000s ]
NOTIC: [8] Constant API_KEY already defined D:\phpStudy\PHPTutorial\WWW\crowdFunding\app\App\Conf\config.php 第 4 行.
INFO: [ app_begin ] --START--
INFO: Run Behavior\ReadHtmlCacheBehavior [ RunTime:0.000000s ]
INFO: [ app_begin ] --END-- [ RunTime:0.001000s ]
ERR: 无法加载控制器:Public

[ 2018-05-30T10:16:31+08:00 ] 127.0.0.1 /public/home/scripts/swiper.min.js.map
INFO: [ app_init ] --START--
INFO: Run Behavior\BuildLiteBehavior [ RunTime:0.000000s ]
INFO: [ app_init ] --END-- [ RunTime:0.000000s ]
NOTIC: [8] Constant API_KEY already defined D:\phpStudy\PHPTutorial\WWW\crowdFunding\app\App\Conf\config.php 第 4 行.
INFO: [ app_begin ] --START--
INFO: Run Behavior\ReadHtmlCacheBehavior [ RunTime:0.000000s ]
INFO: [ app_begin ] --END-- [ RunTime:0.000000s ]
ERR: 无法加载控制器:Public

[ 2018-05-30T10:41:58+08:00 ] 127.0.0.1 /center/use.html
INFO: [ app_init ] --START--
INFO: Run Behavior\BuildLiteBehavior [ RunTime:0.000000s ]
INFO: [ app_init ] --END-- [ RunTime:0.000000s ]
NOTIC: [8] Constant API_KEY already defined D:\phpStudy\PHPTutorial\WWW\crowdFunding\app\App\Conf\config.php 第 4 行.
INFO: [ app_begin ] --START--
INFO: Run Behavior\ReadHtmlCacheBehavior [ RunTime:0.001000s ]
INFO: [ app_begin ] --END-- [ RunTime:0.001000s ]
ERR: 非法操作:use

[ 2018-05-30T15:40:11+08:00 ] 127.0.0.1 /center/use.html
INFO: [ app_init ] --START--
INFO: Run Behavior\BuildLiteBehavior [ RunTime:0.000000s ]
INFO: [ app_init ] --END-- [ RunTime:0.000000s ]
NOTIC: [8] Constant API_KEY already defined D:\phpStudy\PHPTutorial\WWW\crowdFunding\app\App\Conf\config.php 第 4 行.
INFO: [ app_begin ] --START--
INFO: Run Behavior\ReadHtmlCacheBehavior [ RunTime:0.001000s ]
INFO: [ app_begin ] --END-- [ RunTime:0.001000s ]
ERR: 非法操作:use

[ 2018-05-30T17:12:06+08:00 ] 127.0.0.1 /center/use.html
INFO: [ app_init ] --START--
INFO: Run Behavior\BuildLiteBehavior [ RunTime:0.000000s ]
INFO: [ app_init ] --END-- [ RunTime:0.000000s ]
NOTIC: [8] Constant API_KEY already defined D:\phpStudy\PHPTutorial\WWW\crowdFunding\app\App\Conf\config.php 第 4 行.
INFO: [ app_begin ] --START--
INFO: Run Behavior\ReadHtmlCacheBehavior [ RunTime:0.000000s ]
INFO: [ app_begin ] --END-- [ RunTime:0.000000s ]
ERR: 非法操作:use

[ 2018-05-30T19:13:46+08:00 ] 127.0.0.1 /center/use.html
INFO: [ app_init ] --START--
INFO: Run Behavior\BuildLiteBehavior [ RunTime:0.000000s ]
INFO: [ app_init ] --END-- [ RunTime:0.000000s ]
NOTIC: [8] Constant API_KEY already defined D:\phpStudy\PHPTutorial\WWW\crowdFunding\app\App\Conf\config.php 第 4 行.
INFO: [ app_begin ] --START--
INFO: Run Behavior\ReadHtmlCacheBehavior [ RunTime:0.000000s ]
INFO: [ app_begin ] --END-- [ RunTime:0.000000s ]
ERR: 非法操作:use

