[ 2018-06-13T16:59:10+08:00 ] 127.0.0.1 /
INFO: [ app_init ] --START--
INFO: Run Behavior\BuildLiteBehavior [ RunTime:0.000000s ]
INFO: [ app_init ] --END-- [ RunTime:0.001000s ]
NOTIC: [8] Constant API_KEY already defined D:\phpStudy\PHPTutorial\WWW\crowdFunding\app\App\Conf\config.php 第 4 行.
INFO: [ app_begin ] --START--
INFO: Run Behavior\ReadHtmlCacheBehavior [ RunTime:0.000000s ]
INFO: [ app_begin ] --END-- [ RunTime:0.000000s ]
SQL: SHOW COLUMNS FROM `wd_rescue` [ RunTime:0.0770s ]
SQL: SELECT * FROM `wd_rescue` WHERE `status` = 4 AND `is_success` = 1  [ RunTime:0.0010s ]
SQL: SHOW COLUMNS FROM `wd_star` [ RunTime:0.1190s ]
SQL: SELECT * FROM `wd_star`  [ RunTime:0.0000s ]
SQL: SELECT * FROM `wd_rescue` WHERE `status` = 3 AND `recommend` = 1  [ RunTime:0.0010s ]
SQL: SELECT * FROM `wd_rescue` WHERE `status` = 3  [ RunTime:0.0000s ]
INFO: [ view_parse ] --START--
INFO: [ template_filter ] --START--
INFO: Run Behavior\ContentReplaceBehavior [ RunTime:0.000000s ]
INFO: [ template_filter ] --END-- [ RunTime:0.000000s ]
SQL: SHOW COLUMNS FROM `wd_donor` [ RunTime:0.0430s ]
SQL: select sum(price) as sum from  wd_donor where  FROM_UNIXTIME(date,"%Y-%m-%d")    =  CURDATE()    [ RunTime:0.0050s ]
SQL: SHOW COLUMNS FROM `wd_tag` [ RunTime:0.0230s ]
SQL: SELECT * FROM `wd_tag` WHERE `id` = 52 LIMIT 1   [ RunTime:0.0010s ]
SQL: SHOW COLUMNS FROM `wd_images` [ RunTime:0.0310s ]
SQL: SELECT * FROM `wd_images` WHERE `id` = 946 LIMIT 1   [ RunTime:0.0060s ]
SQL: SELECT `target_money` FROM `wd_rescue` WHERE `id` = 138 LIMIT 1   [ RunTime:0.0010s ]
SQL: SELECT SUM(price) AS tp_sum FROM `wd_donor` WHERE `item_id` = 138 AND `type` = 1 LIMIT 1   [ RunTime:0.0000s ]
SQL: SELECT `target_money` FROM `wd_rescue` WHERE `id` = 138 LIMIT 1   [ RunTime:0.0000s ]
SQL: SELECT SUM(price) AS tp_sum FROM `wd_donor` WHERE `item_id` = 138 AND `type` = 1 LIMIT 1   [ RunTime:0.0000s ]
SQL: SELECT `target_money` FROM `wd_rescue` WHERE `id` = 138 LIMIT 1   [ RunTime:0.0000s ]
SQL: SELECT SUM(price) AS tp_sum FROM `wd_donor` WHERE `item_id` = 138 AND `type` = 1 LIMIT 1   [ RunTime:0.0000s ]
SQL: SELECT SUM(price) AS tp_sum FROM `wd_donor` WHERE `item_id` = 138 AND `type` = 1 LIMIT 1   [ RunTime:0.0010s ]
SQL: SELECT * FROM `wd_tag` WHERE `id` = 51 LIMIT 1   [ RunTime:0.0000s ]
SQL: SELECT `target_money` FROM `wd_rescue` WHERE `id` = 137 LIMIT 1   [ RunTime:0.0000s ]
SQL: SELECT SUM(price) AS tp_sum FROM `wd_donor` WHERE `item_id` = 137 AND `type` = 1 LIMIT 1   [ RunTime:0.0010s ]
SQL: SELECT `target_money` FROM `wd_rescue` WHERE `id` = 137 LIMIT 1   [ RunTime:0.0000s ]
SQL: SELECT SUM(price) AS tp_sum FROM `wd_donor` WHERE `item_id` = 137 AND `type` = 1 LIMIT 1   [ RunTime:0.0010s ]
SQL: SELECT `target_money` FROM `wd_rescue` WHERE `id` = 137 LIMIT 1   [ RunTime:0.0000s ]
SQL: SELECT SUM(price) AS tp_sum FROM `wd_donor` WHERE `item_id` = 137 AND `type` = 1 LIMIT 1   [ RunTime:0.0000s ]
SQL: SELECT SUM(price) AS tp_sum FROM `wd_donor` WHERE `item_id` = 137 AND `type` = 1 LIMIT 1   [ RunTime:0.0000s ]
SQL: SELECT * FROM `wd_tag` WHERE `id` = 51 LIMIT 1   [ RunTime:0.0000s ]
SQL: SELECT `target_money` FROM `wd_rescue` WHERE `id` = 140 LIMIT 1   [ RunTime:0.0000s ]
SQL: SELECT SUM(price) AS tp_sum FROM `wd_donor` WHERE `item_id` = 140 AND `type` = 1 LIMIT 1   [ RunTime:0.0000s ]
SQL: SELECT `target_money` FROM `wd_rescue` WHERE `id` = 140 LIMIT 1   [ RunTime:0.0010s ]
SQL: SELECT SUM(price) AS tp_sum FROM `wd_donor` WHERE `item_id` = 140 AND `type` = 1 LIMIT 1   [ RunTime:0.0000s ]
SQL: SELECT `target_money` FROM `wd_rescue` WHERE `id` = 140 LIMIT 1   [ RunTime:0.0000s ]
SQL: SELECT SUM(price) AS tp_sum FROM `wd_donor` WHERE `item_id` = 140 AND `type` = 1 LIMIT 1   [ RunTime:0.0000s ]
SQL: SELECT SUM(price) AS tp_sum FROM `wd_donor` WHERE `item_id` = 140 AND `type` = 1 LIMIT 1   [ RunTime:0.0000s ]
SQL: SELECT * FROM `wd_tag` WHERE `id` = 52 LIMIT 1   [ RunTime:0.0000s ]
SQL: SELECT `target_money` FROM `wd_rescue` WHERE `id` = 141 LIMIT 1   [ RunTime:0.0010s ]
SQL: SELECT SUM(price) AS tp_sum FROM `wd_donor` WHERE `item_id` = 141 AND `type` = 1 LIMIT 1   [ RunTime:0.0000s ]
SQL: SELECT `target_money` FROM `wd_rescue` WHERE `id` = 141 LIMIT 1   [ RunTime:0.0000s ]
SQL: SELECT SUM(price) AS tp_sum FROM `wd_donor` WHERE `item_id` = 141 AND `type` = 1 LIMIT 1   [ RunTime:0.0000s ]
SQL: SELECT `target_money` FROM `wd_rescue` WHERE `id` = 141 LIMIT 1   [ RunTime:0.0000s ]
SQL: SELECT SUM(price) AS tp_sum FROM `wd_donor` WHERE `item_id` = 141 AND `type` = 1 LIMIT 1   [ RunTime:0.0000s ]
SQL: SELECT SUM(price) AS tp_sum FROM `wd_donor` WHERE `item_id` = 141 AND `type` = 1 LIMIT 1   [ RunTime:0.0000s ]
SQL: SELECT * FROM `wd_tag` WHERE `id` = 50 LIMIT 1   [ RunTime:0.0010s ]
SQL: SELECT * FROM `wd_images` WHERE `id` = 945 LIMIT 1   [ RunTime:0.0000s ]
SQL: SELECT `target_money` FROM `wd_rescue` WHERE `id` = 142 LIMIT 1   [ RunTime:0.0000s ]
SQL: SELECT SUM(price) AS tp_sum FROM `wd_donor` WHERE `item_id` = 142 AND `type` = 1 LIMIT 1   [ RunTime:0.0000s ]
SQL: SELECT `target_money` FROM `wd_rescue` WHERE `id` = 142 LIMIT 1   [ RunTime:0.0000s ]
SQL: SELECT SUM(price) AS tp_sum FROM `wd_donor` WHERE `item_id` = 142 AND `type` = 1 LIMIT 1   [ RunTime:0.0000s ]
SQL: SELECT `target_money` FROM `wd_rescue` WHERE `id` = 142 LIMIT 1   [ RunTime:0.0000s ]
SQL: SELECT SUM(price) AS tp_sum FROM `wd_donor` WHERE `item_id` = 142 AND `type` = 1 LIMIT 1   [ RunTime:0.0000s ]
SQL: SELECT SUM(price) AS tp_sum FROM `wd_donor` WHERE `item_id` = 142 AND `type` = 1 LIMIT 1   [ RunTime:0.0000s ]
SQL: SHOW COLUMNS FROM `wd_good_star` [ RunTime:0.0340s ]
SQL: SELECT COUNT(*) AS tp_count FROM `wd_good_star` WHERE `star_id` = '50' LIMIT 1   [ RunTime:0.0000s ]
SQL: SELECT * FROM `wd_good_star` WHERE `user_id` = 73 AND `star_id` = '50' ORDER BY id desc LIMIT 1   [ RunTime:0.0000s ]
SQL: SELECT COUNT(*) AS tp_count FROM `wd_good_star` WHERE `star_id` = '50' LIMIT 1   [ RunTime:0.0000s ]
SQL: SELECT COUNT(*) AS tp_count FROM `wd_good_star` WHERE `star_id` = '51' LIMIT 1   [ RunTime:0.0000s ]
SQL: SELECT * FROM `wd_good_star` WHERE `user_id` = 73 AND `star_id` = '51' ORDER BY id desc LIMIT 1   [ RunTime:0.0000s ]
SQL: SELECT COUNT(*) AS tp_count FROM `wd_good_star` WHERE `star_id` = '51' LIMIT 1   [ RunTime:0.0010s ]
SQL: SELECT COUNT(*) AS tp_count FROM `wd_good_star` WHERE `star_id` = '52' LIMIT 1   [ RunTime:0.0000s ]
SQL: SELECT * FROM `wd_good_star` WHERE `user_id` = 73 AND `star_id` = '52' ORDER BY id desc LIMIT 1   [ RunTime:0.0000s ]
SQL: SELECT COUNT(*) AS tp_count FROM `wd_good_star` WHERE `star_id` = '52' LIMIT 1   [ RunTime:0.0000s ]
SQL: SELECT COUNT(*) AS tp_count FROM `wd_good_star` WHERE `star_id` = '53' LIMIT 1   [ RunTime:0.0000s ]
SQL: SELECT * FROM `wd_good_star` WHERE `user_id` = 73 AND `star_id` = '53' ORDER BY id desc LIMIT 1   [ RunTime:0.0000s ]
SQL: SELECT COUNT(*) AS tp_count FROM `wd_good_star` WHERE `star_id` = '53' LIMIT 1   [ RunTime:0.0000s ]
SQL: SELECT COUNT(*) AS tp_count FROM `wd_good_star` WHERE `star_id` = '54' LIMIT 1   [ RunTime:0.0000s ]
SQL: SELECT * FROM `wd_good_star` WHERE `user_id` = 73 AND `star_id` = '54' ORDER BY id desc LIMIT 1   [ RunTime:0.0000s ]
SQL: SELECT COUNT(*) AS tp_count FROM `wd_good_star` WHERE `star_id` = '54' LIMIT 1   [ RunTime:0.0000s ]
SQL: SELECT COUNT(*) AS tp_count FROM `wd_good_star` WHERE `star_id` = '58' LIMIT 1   [ RunTime:0.0000s ]
SQL: SELECT * FROM `wd_good_star` WHERE `user_id` = 73 AND `star_id` = '58' ORDER BY id desc LIMIT 1   [ RunTime:0.0000s ]
SQL: SELECT COUNT(*) AS tp_count FROM `wd_good_star` WHERE `star_id` = '58' LIMIT 1   [ RunTime:0.0000s ]
SQL: SELECT * FROM `wd_good_star` WHERE `user_id` = 73 AND `star_id` = '50' ORDER BY id desc LIMIT 1   [ RunTime:0.0000s ]
SQL: SELECT COUNT(*) AS tp_count FROM `wd_good_star` WHERE `star_id` = '50' LIMIT 1   [ RunTime:0.0000s ]
SQL: SELECT * FROM `wd_good_star` WHERE `user_id` = 73 AND `star_id` = '51' ORDER BY id desc LIMIT 1   [ RunTime:0.0000s ]
SQL: SELECT COUNT(*) AS tp_count FROM `wd_good_star` WHERE `star_id` = '51' LIMIT 1   [ RunTime:0.0000s ]
SQL: SELECT * FROM `wd_good_star` WHERE `user_id` = 73 AND `star_id` = '52' ORDER BY id desc LIMIT 1   [ RunTime:0.0000s ]
SQL: SELECT COUNT(*) AS tp_count FROM `wd_good_star` WHERE `star_id` = '52' LIMIT 1   [ RunTime:0.0000s ]
SQL: SELECT * FROM `wd_good_star` WHERE `user_id` = 73 AND `star_id` = '53' ORDER BY id desc LIMIT 1   [ RunTime:0.0000s ]
SQL: SELECT COUNT(*) AS tp_count FROM `wd_good_star` WHERE `star_id` = '53' LIMIT 1   [ RunTime:0.0000s ]
SQL: SELECT * FROM `wd_good_star` WHERE `user_id` = 73 AND `star_id` = '54' ORDER BY id desc LIMIT 1   [ RunTime:0.0000s ]
SQL: SELECT COUNT(*) AS tp_count FROM `wd_good_star` WHERE `star_id` = '54' LIMIT 1   [ RunTime:0.0000s ]
SQL: SELECT * FROM `wd_good_star` WHERE `user_id` = 73 AND `star_id` = '58' ORDER BY id desc LIMIT 1   [ RunTime:0.0000s ]
SQL: SELECT COUNT(*) AS tp_count FROM `wd_good_star` WHERE `star_id` = '58' LIMIT 1   [ RunTime:0.0000s ]
SQL: SELECT `target_money` FROM `wd_rescue` WHERE `id` = 179 LIMIT 1   [ RunTime:0.0010s ]
SQL: SELECT SUM(price) AS tp_sum FROM `wd_donor` WHERE `item_id` = 179 AND `type` = 1 LIMIT 1   [ RunTime:0.0000s ]
SQL: SELECT `target_money` FROM `wd_rescue` WHERE `id` = 179 LIMIT 1   [ RunTime:0.0000s ]
SQL: SELECT SUM(price) AS tp_sum FROM `wd_donor` WHERE `item_id` = 179 AND `type` = 1 LIMIT 1   [ RunTime:0.0000s ]
SQL: SELECT `target_money` FROM `wd_rescue` WHERE `id` = 179 LIMIT 1   [ RunTime:0.0000s ]
SQL: SELECT SUM(price) AS tp_sum FROM `wd_donor` WHERE `item_id` = 179 AND `type` = 1 LIMIT 1   [ RunTime:0.0000s ]
SQL: SELECT SUM(price) AS tp_sum FROM `wd_donor` WHERE `item_id` = 179 AND `type` = 1 LIMIT 1   [ RunTime:0.0000s ]
SQL: SELECT `target_money` FROM `wd_rescue` WHERE `id` = 180 LIMIT 1   [ RunTime:0.0000s ]
SQL: SELECT SUM(price) AS tp_sum FROM `wd_donor` WHERE `item_id` = 180 AND `type` = 1 LIMIT 1   [ RunTime:0.0000s ]
SQL: SELECT `target_money` FROM `wd_rescue` WHERE `id` = 180 LIMIT 1   [ RunTime:0.0000s ]
SQL: SELECT SUM(price) AS tp_sum FROM `wd_donor` WHERE `item_id` = 180 AND `type` = 1 LIMIT 1   [ RunTime:0.0010s ]
SQL: SELECT `target_money` FROM `wd_rescue` WHERE `id` = 180 LIMIT 1   [ RunTime:0.0000s ]
SQL: SELECT SUM(price) AS tp_sum FROM `wd_donor` WHERE `item_id` = 180 AND `type` = 1 LIMIT 1   [ RunTime:0.0000s ]
SQL: SELECT SUM(price) AS tp_sum FROM `wd_donor` WHERE `item_id` = 180 AND `type` = 1 LIMIT 1   [ RunTime:0.0000s ]
SQL: SELECT * FROM `wd_images` WHERE `id` = 981 LIMIT 1   [ RunTime:0.0010s ]
SQL: SELECT `target_money` FROM `wd_rescue` WHERE `id` = 181 LIMIT 1   [ RunTime:0.0000s ]
SQL: SELECT SUM(price) AS tp_sum FROM `wd_donor` WHERE `item_id` = 181 AND `type` = 1 LIMIT 1   [ RunTime:0.0000s ]
SQL: SELECT `target_money` FROM `wd_rescue` WHERE `id` = 181 LIMIT 1   [ RunTime:0.0000s ]
SQL: SELECT SUM(price) AS tp_sum FROM `wd_donor` WHERE `item_id` = 181 AND `type` = 1 LIMIT 1   [ RunTime:0.0000s ]
SQL: SELECT `target_money` FROM `wd_rescue` WHERE `id` = 181 LIMIT 1   [ RunTime:0.0000s ]
SQL: SELECT SUM(price) AS tp_sum FROM `wd_donor` WHERE `item_id` = 181 AND `type` = 1 LIMIT 1   [ RunTime:0.0000s ]
SQL: SELECT SUM(price) AS tp_sum FROM `wd_donor` WHERE `item_id` = 181 AND `type` = 1 LIMIT 1   [ RunTime:0.0000s ]
SQL: SELECT `target_money` FROM `wd_rescue` WHERE `id` = 182 LIMIT 1   [ RunTime:0.0000s ]
SQL: SELECT SUM(price) AS tp_sum FROM `wd_donor` WHERE `item_id` = 182 AND `type` = 1 LIMIT 1   [ RunTime:0.0000s ]
SQL: SELECT `target_money` FROM `wd_rescue` WHERE `id` = 182 LIMIT 1   [ RunTime:0.0000s ]
SQL: SELECT SUM(price) AS tp_sum FROM `wd_donor` WHERE `item_id` = 182 AND `type` = 1 LIMIT 1   [ RunTime:0.0010s ]
SQL: SELECT `target_money` FROM `wd_rescue` WHERE `id` = 182 LIMIT 1   [ RunTime:0.0000s ]
SQL: SELECT SUM(price) AS tp_sum FROM `wd_donor` WHERE `item_id` = 182 AND `type` = 1 LIMIT 1   [ RunTime:0.0000s ]
SQL: SELECT SUM(price) AS tp_sum FROM `wd_donor` WHERE `item_id` = 182 AND `type` = 1 LIMIT 1   [ RunTime:0.0000s ]
SQL: SHOW COLUMNS FROM `wd_member` [ RunTime:0.0390s ]
SQL: SELECT `photo` FROM `wd_member` WHERE `id` = 50 LIMIT 1   [ RunTime:0.0010s ]
SQL: SELECT `username` FROM `wd_member` WHERE `id` = 50 LIMIT 1   [ RunTime:0.0000s ]
SQL: SELECT * FROM `wd_images` WHERE `id` = 946 LIMIT 1   [ RunTime:0.0000s ]
SQL: SELECT `target_money` FROM `wd_rescue` WHERE `id` = 138 LIMIT 1   [ RunTime:0.0010s ]
SQL: SELECT SUM(price) AS tp_sum FROM `wd_donor` WHERE `item_id` = 138 AND `type` = 1 LIMIT 1   [ RunTime:0.0000s ]
SQL: SELECT `target_money` FROM `wd_rescue` WHERE `id` = 138 LIMIT 1   [ RunTime:0.0000s ]
SQL: SELECT SUM(price) AS tp_sum FROM `wd_donor` WHERE `item_id` = 138 AND `type` = 1 LIMIT 1   [ RunTime:0.0010s ]
SQL: SELECT `target_money` FROM `wd_rescue` WHERE `id` = 138 LIMIT 1   [ RunTime:0.0000s ]
SQL: SELECT SUM(price) AS tp_sum FROM `wd_donor` WHERE `item_id` = 138 AND `type` = 1 LIMIT 1   [ RunTime:0.0000s ]
SQL: SELECT SUM(price) AS tp_sum FROM `wd_donor` WHERE `item_id` = 138 AND `type` = 1 LIMIT 1   [ RunTime:0.0010s ]
SQL: SELECT `photo` FROM `wd_member` WHERE `id` = 50 LIMIT 1   [ RunTime:0.0000s ]
SQL: SELECT `username` FROM `wd_member` WHERE `id` = 50 LIMIT 1   [ RunTime:0.0000s ]
SQL: SELECT `target_money` FROM `wd_rescue` WHERE `id` = 137 LIMIT 1   [ RunTime:0.0010s ]
SQL: SELECT SUM(price) AS tp_sum FROM `wd_donor` WHERE `item_id` = 137 AND `type` = 1 LIMIT 1   [ RunTime:0.0000s ]
SQL: SELECT `target_money` FROM `wd_rescue` WHERE `id` = 137 LIMIT 1   [ RunTime:0.0000s ]
SQL: SELECT SUM(price) AS tp_sum FROM `wd_donor` WHERE `item_id` = 137 AND `type` = 1 LIMIT 1   [ RunTime:0.0000s ]
SQL: SELECT `target_money` FROM `wd_rescue` WHERE `id` = 137 LIMIT 1   [ RunTime:0.0000s ]
SQL: SELECT SUM(price) AS tp_sum FROM `wd_donor` WHERE `item_id` = 137 AND `type` = 1 LIMIT 1   [ RunTime:0.0000s ]
SQL: SELECT SUM(price) AS tp_sum FROM `wd_donor` WHERE `item_id` = 137 AND `type` = 1 LIMIT 1   [ RunTime:0.0000s ]
SQL: SELECT `photo` FROM `wd_member` WHERE `id` = 50 LIMIT 1   [ RunTime:0.0010s ]
SQL: SELECT `username` FROM `wd_member` WHERE `id` = 50 LIMIT 1   [ RunTime:0.0000s ]
SQL: SELECT `target_money` FROM `wd_rescue` WHERE `id` = 140 LIMIT 1   [ RunTime:0.0000s ]
SQL: SELECT SUM(price) AS tp_sum FROM `wd_donor` WHERE `item_id` = 140 AND `type` = 1 LIMIT 1   [ RunTime:0.0000s ]
SQL: SELECT `target_money` FROM `wd_rescue` WHERE `id` = 140 LIMIT 1   [ RunTime:0.0000s ]
SQL: SELECT SUM(price) AS tp_sum FROM `wd_donor` WHERE `item_id` = 140 AND `type` = 1 LIMIT 1   [ RunTime:0.0000s ]
SQL: SELECT `target_money` FROM `wd_rescue` WHERE `id` = 140 LIMIT 1   [ RunTime:0.0000s ]
SQL: SELECT SUM(price) AS tp_sum FROM `wd_donor` WHERE `item_id` = 140 AND `type` = 1 LIMIT 1   [ RunTime:0.0000s ]
SQL: SELECT SUM(price) AS tp_sum FROM `wd_donor` WHERE `item_id` = 140 AND `type` = 1 LIMIT 1   [ RunTime:0.0000s ]
SQL: SELECT `photo` FROM `wd_member` WHERE `id` = 50 LIMIT 1   [ RunTime:0.0000s ]
SQL: SELECT `username` FROM `wd_member` WHERE `id` = 50 LIMIT 1   [ RunTime:0.0000s ]
SQL: SELECT `target_money` FROM `wd_rescue` WHERE `id` = 141 LIMIT 1   [ RunTime:0.0010s ]
SQL: SELECT SUM(price) AS tp_sum FROM `wd_donor` WHERE `item_id` = 141 AND `type` = 1 LIMIT 1   [ RunTime:0.0000s ]
SQL: SELECT `target_money` FROM `wd_rescue` WHERE `id` = 141 LIMIT 1   [ RunTime:0.0000s ]
SQL: SELECT SUM(price) AS tp_sum FROM `wd_donor` WHERE `item_id` = 141 AND `type` = 1 LIMIT 1   [ RunTime:0.0000s ]
SQL: SELECT `target_money` FROM `wd_rescue` WHERE `id` = 141 LIMIT 1   [ RunTime:0.0000s ]
SQL: SELECT SUM(price) AS tp_sum FROM `wd_donor` WHERE `item_id` = 141 AND `type` = 1 LIMIT 1   [ RunTime:0.0000s ]
SQL: SELECT SUM(price) AS tp_sum FROM `wd_donor` WHERE `item_id` = 141 AND `type` = 1 LIMIT 1   [ RunTime:0.0010s ]
SQL: SELECT `photo` FROM `wd_member` WHERE `id` = 50 LIMIT 1   [ RunTime:0.0000s ]
SQL: SELECT `username` FROM `wd_member` WHERE `id` = 50 LIMIT 1   [ RunTime:0.0000s ]
SQL: SELECT * FROM `wd_images` WHERE `id` = 945 LIMIT 1   [ RunTime:0.0000s ]
SQL: SELECT `target_money` FROM `wd_rescue` WHERE `id` = 142 LIMIT 1   [ RunTime:0.0000s ]
SQL: SELECT SUM(price) AS tp_sum FROM `wd_donor` WHERE `item_id` = 142 AND `type` = 1 LIMIT 1   [ RunTime:0.0010s ]
SQL: SELECT `target_money` FROM `wd_rescue` WHERE `id` = 142 LIMIT 1   [ RunTime:0.0000s ]
SQL: SELECT SUM(price) AS tp_sum FROM `wd_donor` WHERE `item_id` = 142 AND `type` = 1 LIMIT 1   [ RunTime:0.0000s ]
SQL: SELECT `target_money` FROM `wd_rescue` WHERE `id` = 142 LIMIT 1   [ RunTime:0.0000s ]
SQL: SELECT SUM(price) AS tp_sum FROM `wd_donor` WHERE `item_id` = 142 AND `type` = 1 LIMIT 1   [ RunTime:0.0000s ]
SQL: SELECT SUM(price) AS tp_sum FROM `wd_donor` WHERE `item_id` = 142 AND `type` = 1 LIMIT 1   [ RunTime:0.0000s ]
INFO: Run Behavior\ParseTemplateBehavior [ RunTime:0.243000s ]
INFO: [ view_parse ] --END-- [ RunTime:0.243000s ]
INFO: [ view_filter ] --START--
INFO: Run Behavior\WriteHtmlCacheBehavior [ RunTime:0.001000s ]
INFO: [ view_filter ] --END-- [ RunTime:0.001000s ]
INFO: [ app_end ] --START--
INFO: Run Behavior\ShowPageTraceBehavior [ RunTime:0.000000s ]
INFO: [ app_end ] --END-- [ RunTime:0.000000s ]

