[ 2018-06-29T16:11:09+08:00 ] 127.0.0.1 /
INFO: [ app_init ] --START--
INFO: Run Behavior\BuildLiteBehavior [ RunTime:0.000000s ]
INFO: [ app_init ] --END-- [ RunTime:0.001000s ]
NOTIC: [8] Constant API_KEY already defined D:\phpStudy\PHPTutorial\WWW\crowdFunding\app\App\Conf\config.php 第 4 行.
INFO: [ app_begin ] --START--
INFO: Run Behavior\ReadHtmlCacheBehavior [ RunTime:0.001000s ]
INFO: [ app_begin ] --END-- [ RunTime:0.001000s ]
SQL: SHOW COLUMNS FROM `wd_rescue` [ RunTime:0.1320s ]
SQL: SELECT * FROM `wd_rescue` WHERE `status` = 4 AND `is_success` = 1  [ RunTime:0.0020s ]
SQL: SHOW COLUMNS FROM `wd_star` [ RunTime:0.0480s ]
SQL: SELECT * FROM `wd_star`  [ RunTime:0.0000s ]
SQL: SELECT * FROM `wd_rescue` WHERE `status` = 3 AND `recommend` = 1  [ RunTime:0.0010s ]
SQL: SELECT * FROM `wd_rescue` WHERE `status` = 3  [ RunTime:0.0000s ]
INFO: [ view_parse ] --START--
INFO: [ template_filter ] --START--
INFO: Run Behavior\ContentReplaceBehavior [ RunTime:0.001000s ]
INFO: [ template_filter ] --END-- [ RunTime:0.001000s ]
SQL: SHOW COLUMNS FROM `wd_donor` [ RunTime:0.0970s ]
SQL: select sum(price) as sum from  wd_donor where  FROM_UNIXTIME(date,"%Y-%m-%d")    =  CURDATE()    [ RunTime:0.0110s ]
SQL: SHOW COLUMNS FROM `wd_tag` [ RunTime:0.2530s ]
SQL: SELECT * FROM `wd_tag` WHERE `id` = 52 LIMIT 1   [ RunTime:0.0490s ]
SQL: SHOW COLUMNS FROM `wd_images` [ RunTime:0.6780s ]
SQL: SELECT * FROM `wd_images` WHERE `id` = 946 LIMIT 1   [ RunTime:0.1140s ]
SQL: SELECT `target_money` FROM `wd_rescue` WHERE `id` = 138 LIMIT 1   [ RunTime:0.0010s ]
SQL: SELECT SUM(price) AS tp_sum FROM `wd_donor` WHERE `item_id` = 138 AND `type` = 1 LIMIT 1   [ RunTime:0.0000s ]
SQL: SELECT `target_money` FROM `wd_rescue` WHERE `id` = 138 LIMIT 1   [ RunTime:0.0000s ]
SQL: SELECT SUM(price) AS tp_sum FROM `wd_donor` WHERE `item_id` = 138 AND `type` = 1 LIMIT 1   [ RunTime:0.0010s ]
SQL: SELECT `target_money` FROM `wd_rescue` WHERE `id` = 138 LIMIT 1   [ RunTime:0.0000s ]
SQL: SELECT SUM(price) AS tp_sum FROM `wd_donor` WHERE `item_id` = 138 AND `type` = 1 LIMIT 1   [ RunTime:0.0010s ]
SQL: SELECT SUM(price) AS tp_sum FROM `wd_donor` WHERE `item_id` = 138 AND `type` = 1 LIMIT 1   [ RunTime:0.0000s ]
SQL: SELECT * FROM `wd_tag` WHERE `id` = 51 LIMIT 1   [ RunTime:0.0000s ]
SQL: SELECT `target_money` FROM `wd_rescue` WHERE `id` = 137 LIMIT 1   [ RunTime:0.0010s ]
SQL: SELECT SUM(price) AS tp_sum FROM `wd_donor` WHERE `item_id` = 137 AND `type` = 1 LIMIT 1   [ RunTime:0.0000s ]
SQL: SELECT `target_money` FROM `wd_rescue` WHERE `id` = 137 LIMIT 1   [ RunTime:0.0000s ]
SQL: SELECT SUM(price) AS tp_sum FROM `wd_donor` WHERE `item_id` = 137 AND `type` = 1 LIMIT 1   [ RunTime:0.0000s ]
SQL: SELECT `target_money` FROM `wd_rescue` WHERE `id` = 137 LIMIT 1   [ RunTime:0.0000s ]
SQL: SELECT SUM(price) AS tp_sum FROM `wd_donor` WHERE `item_id` = 137 AND `type` = 1 LIMIT 1   [ RunTime:0.0010s ]
SQL: SELECT SUM(price) AS tp_sum FROM `wd_donor` WHERE `item_id` = 137 AND `type` = 1 LIMIT 1   [ RunTime:0.0000s ]
SQL: SELECT * FROM `wd_tag` WHERE `id` = 51 LIMIT 1   [ RunTime:0.0000s ]
SQL: SELECT `target_money` FROM `wd_rescue` WHERE `id` = 140 LIMIT 1   [ RunTime:0.0010s ]
SQL: SELECT SUM(price) AS tp_sum FROM `wd_donor` WHERE `item_id` = 140 AND `type` = 1 LIMIT 1   [ RunTime:0.0000s ]
SQL: SELECT `target_money` FROM `wd_rescue` WHERE `id` = 140 LIMIT 1   [ RunTime:0.0010s ]
SQL: SELECT SUM(price) AS tp_sum FROM `wd_donor` WHERE `item_id` = 140 AND `type` = 1 LIMIT 1   [ RunTime:0.0000s ]
SQL: SELECT `target_money` FROM `wd_rescue` WHERE `id` = 140 LIMIT 1   [ RunTime:0.0000s ]
SQL: SELECT SUM(price) AS tp_sum FROM `wd_donor` WHERE `item_id` = 140 AND `type` = 1 LIMIT 1   [ RunTime:0.0000s ]
SQL: SELECT SUM(price) AS tp_sum FROM `wd_donor` WHERE `item_id` = 140 AND `type` = 1 LIMIT 1   [ RunTime:0.0000s ]
SQL: SELECT * FROM `wd_tag` WHERE `id` = 52 LIMIT 1   [ RunTime:0.0010s ]
SQL: SELECT `target_money` FROM `wd_rescue` WHERE `id` = 141 LIMIT 1   [ RunTime:0.0000s ]
SQL: SELECT SUM(price) AS tp_sum FROM `wd_donor` WHERE `item_id` = 141 AND `type` = 1 LIMIT 1   [ RunTime:0.0000s ]
SQL: SELECT `target_money` FROM `wd_rescue` WHERE `id` = 141 LIMIT 1   [ RunTime:0.0000s ]
SQL: SELECT SUM(price) AS tp_sum FROM `wd_donor` WHERE `item_id` = 141 AND `type` = 1 LIMIT 1   [ RunTime:0.0000s ]
SQL: SELECT `target_money` FROM `wd_rescue` WHERE `id` = 141 LIMIT 1   [ RunTime:0.0000s ]
SQL: SELECT SUM(price) AS tp_sum FROM `wd_donor` WHERE `item_id` = 141 AND `type` = 1 LIMIT 1   [ RunTime:0.0000s ]
SQL: SELECT SUM(price) AS tp_sum FROM `wd_donor` WHERE `item_id` = 141 AND `type` = 1 LIMIT 1   [ RunTime:0.0000s ]
SQL: SELECT * FROM `wd_tag` WHERE `id` = 50 LIMIT 1   [ RunTime:0.0010s ]
SQL: SELECT * FROM `wd_images` WHERE `id` = 945 LIMIT 1   [ RunTime:0.0000s ]
SQL: SELECT `target_money` FROM `wd_rescue` WHERE `id` = 142 LIMIT 1   [ RunTime:0.0000s ]
SQL: SELECT SUM(price) AS tp_sum FROM `wd_donor` WHERE `item_id` = 142 AND `type` = 1 LIMIT 1   [ RunTime:0.0010s ]
SQL: SELECT `target_money` FROM `wd_rescue` WHERE `id` = 142 LIMIT 1   [ RunTime:0.0000s ]
SQL: SELECT SUM(price) AS tp_sum FROM `wd_donor` WHERE `item_id` = 142 AND `type` = 1 LIMIT 1   [ RunTime:0.0000s ]
SQL: SELECT `target_money` FROM `wd_rescue` WHERE `id` = 142 LIMIT 1   [ RunTime:0.0010s ]
SQL: SELECT SUM(price) AS tp_sum FROM `wd_donor` WHERE `item_id` = 142 AND `type` = 1 LIMIT 1   [ RunTime:0.0000s ]
SQL: SELECT SUM(price) AS tp_sum FROM `wd_donor` WHERE `item_id` = 142 AND `type` = 1 LIMIT 1   [ RunTime:0.0000s ]
SQL: SHOW COLUMNS FROM `wd_good_star` [ RunTime:0.3540s ]
SQL: SELECT COUNT(*) AS tp_count FROM `wd_good_star` WHERE `star_id` = '50' LIMIT 1   [ RunTime:0.0010s ]
SQL: SELECT * FROM `wd_good_star` WHERE `user_id` = 73 AND `star_id` = '50' ORDER BY id desc LIMIT 1   [ RunTime:0.0000s ]
SQL: SELECT COUNT(*) AS tp_count FROM `wd_good_star` WHERE `star_id` = '50' LIMIT 1   [ RunTime:0.0000s ]
SQL: SELECT COUNT(*) AS tp_count FROM `wd_good_star` WHERE `star_id` = '51' LIMIT 1   [ RunTime:0.0000s ]
SQL: SELECT * FROM `wd_good_star` WHERE `user_id` = 73 AND `star_id` = '51' ORDER BY id desc LIMIT 1   [ RunTime:0.0000s ]
SQL: SELECT COUNT(*) AS tp_count FROM `wd_good_star` WHERE `star_id` = '51' LIMIT 1   [ RunTime:0.0000s ]
SQL: SELECT COUNT(*) AS tp_count FROM `wd_good_star` WHERE `star_id` = '52' LIMIT 1   [ RunTime:0.0010s ]
SQL: SELECT * FROM `wd_good_star` WHERE `user_id` = 73 AND `star_id` = '52' ORDER BY id desc LIMIT 1   [ RunTime:0.0000s ]
SQL: SELECT COUNT(*) AS tp_count FROM `wd_good_star` WHERE `star_id` = '52' LIMIT 1   [ RunTime:0.0000s ]
SQL: SELECT COUNT(*) AS tp_count FROM `wd_good_star` WHERE `star_id` = '53' LIMIT 1   [ RunTime:0.0010s ]
SQL: SELECT * FROM `wd_good_star` WHERE `user_id` = 73 AND `star_id` = '53' ORDER BY id desc LIMIT 1   [ RunTime:0.0000s ]
SQL: SELECT COUNT(*) AS tp_count FROM `wd_good_star` WHERE `star_id` = '53' LIMIT 1   [ RunTime:0.0000s ]
SQL: SELECT COUNT(*) AS tp_count FROM `wd_good_star` WHERE `star_id` = '54' LIMIT 1   [ RunTime:0.0000s ]
SQL: SELECT * FROM `wd_good_star` WHERE `user_id` = 73 AND `star_id` = '54' ORDER BY id desc LIMIT 1   [ RunTime:0.0000s ]
SQL: SELECT COUNT(*) AS tp_count FROM `wd_good_star` WHERE `star_id` = '54' LIMIT 1   [ RunTime:0.0000s ]
SQL: SELECT COUNT(*) AS tp_count FROM `wd_good_star` WHERE `star_id` = '58' LIMIT 1   [ RunTime:0.0000s ]
SQL: SELECT * FROM `wd_good_star` WHERE `user_id` = 73 AND `star_id` = '58' ORDER BY id desc LIMIT 1   [ RunTime:0.0010s ]
SQL: SELECT COUNT(*) AS tp_count FROM `wd_good_star` WHERE `star_id` = '58' LIMIT 1   [ RunTime:0.0000s ]
SQL: SELECT * FROM `wd_good_star` WHERE `user_id` = 73 AND `star_id` = '50' ORDER BY id desc LIMIT 1   [ RunTime:0.0000s ]
SQL: SELECT COUNT(*) AS tp_count FROM `wd_good_star` WHERE `star_id` = '50' LIMIT 1   [ RunTime:0.0010s ]
SQL: SELECT * FROM `wd_good_star` WHERE `user_id` = 73 AND `star_id` = '51' ORDER BY id desc LIMIT 1   [ RunTime:0.0000s ]
SQL: SELECT COUNT(*) AS tp_count FROM `wd_good_star` WHERE `star_id` = '51' LIMIT 1   [ RunTime:0.0000s ]
SQL: SELECT * FROM `wd_good_star` WHERE `user_id` = 73 AND `star_id` = '52' ORDER BY id desc LIMIT 1   [ RunTime:0.0010s ]
SQL: SELECT COUNT(*) AS tp_count FROM `wd_good_star` WHERE `star_id` = '52' LIMIT 1   [ RunTime:0.0000s ]
SQL: SELECT * FROM `wd_good_star` WHERE `user_id` = 73 AND `star_id` = '53' ORDER BY id desc LIMIT 1   [ RunTime:0.0000s ]
SQL: SELECT COUNT(*) AS tp_count FROM `wd_good_star` WHERE `star_id` = '53' LIMIT 1   [ RunTime:0.0000s ]
SQL: SELECT * FROM `wd_good_star` WHERE `user_id` = 73 AND `star_id` = '54' ORDER BY id desc LIMIT 1   [ RunTime:0.0000s ]
SQL: SELECT COUNT(*) AS tp_count FROM `wd_good_star` WHERE `star_id` = '54' LIMIT 1   [ RunTime:0.0000s ]
SQL: SELECT * FROM `wd_good_star` WHERE `user_id` = 73 AND `star_id` = '58' ORDER BY id desc LIMIT 1   [ RunTime:0.0000s ]
SQL: SELECT COUNT(*) AS tp_count FROM `wd_good_star` WHERE `star_id` = '58' LIMIT 1   [ RunTime:0.0000s ]
SQL: SELECT `target_money` FROM `wd_rescue` WHERE `id` = 179 LIMIT 1   [ RunTime:0.0000s ]
SQL: SELECT SUM(price) AS tp_sum FROM `wd_donor` WHERE `item_id` = 179 AND `type` = 1 LIMIT 1   [ RunTime:0.0010s ]
SQL: SELECT `target_money` FROM `wd_rescue` WHERE `id` = 179 LIMIT 1   [ RunTime:0.0000s ]
SQL: SELECT SUM(price) AS tp_sum FROM `wd_donor` WHERE `item_id` = 179 AND `type` = 1 LIMIT 1   [ RunTime:0.0000s ]
SQL: SELECT `target_money` FROM `wd_rescue` WHERE `id` = 179 LIMIT 1   [ RunTime:0.0010s ]
SQL: SELECT SUM(price) AS tp_sum FROM `wd_donor` WHERE `item_id` = 179 AND `type` = 1 LIMIT 1   [ RunTime:0.0000s ]
SQL: SELECT SUM(price) AS tp_sum FROM `wd_donor` WHERE `item_id` = 179 AND `type` = 1 LIMIT 1   [ RunTime:0.0000s ]
SQL: SELECT `target_money` FROM `wd_rescue` WHERE `id` = 180 LIMIT 1   [ RunTime:0.0000s ]
SQL: SELECT SUM(price) AS tp_sum FROM `wd_donor` WHERE `item_id` = 180 AND `type` = 1 LIMIT 1   [ RunTime:0.0000s ]
SQL: SELECT `target_money` FROM `wd_rescue` WHERE `id` = 180 LIMIT 1   [ RunTime:0.0010s ]
SQL: SELECT SUM(price) AS tp_sum FROM `wd_donor` WHERE `item_id` = 180 AND `type` = 1 LIMIT 1   [ RunTime:0.0000s ]
SQL: SELECT `target_money` FROM `wd_rescue` WHERE `id` = 180 LIMIT 1   [ RunTime:0.0000s ]
SQL: SELECT SUM(price) AS tp_sum FROM `wd_donor` WHERE `item_id` = 180 AND `type` = 1 LIMIT 1   [ RunTime:0.0010s ]
SQL: SELECT SUM(price) AS tp_sum FROM `wd_donor` WHERE `item_id` = 180 AND `type` = 1 LIMIT 1   [ RunTime:0.0000s ]
SQL: SELECT * FROM `wd_images` WHERE `id` = 981 LIMIT 1   [ RunTime:0.0010s ]
SQL: SELECT `target_money` FROM `wd_rescue` WHERE `id` = 181 LIMIT 1   [ RunTime:0.0000s ]
SQL: SELECT SUM(price) AS tp_sum FROM `wd_donor` WHERE `item_id` = 181 AND `type` = 1 LIMIT 1   [ RunTime:0.0000s ]
SQL: SELECT `target_money` FROM `wd_rescue` WHERE `id` = 181 LIMIT 1   [ RunTime:0.0010s ]
SQL: SELECT SUM(price) AS tp_sum FROM `wd_donor` WHERE `item_id` = 181 AND `type` = 1 LIMIT 1   [ RunTime:0.0000s ]
SQL: SELECT `target_money` FROM `wd_rescue` WHERE `id` = 181 LIMIT 1   [ RunTime:0.0000s ]
SQL: SELECT SUM(price) AS tp_sum FROM `wd_donor` WHERE `item_id` = 181 AND `type` = 1 LIMIT 1   [ RunTime:0.0010s ]
SQL: SELECT SUM(price) AS tp_sum FROM `wd_donor` WHERE `item_id` = 181 AND `type` = 1 LIMIT 1   [ RunTime:0.0000s ]
SQL: SELECT `target_money` FROM `wd_rescue` WHERE `id` = 182 LIMIT 1   [ RunTime:0.0000s ]
SQL: SELECT SUM(price) AS tp_sum FROM `wd_donor` WHERE `item_id` = 182 AND `type` = 1 LIMIT 1   [ RunTime:0.0010s ]
SQL: SELECT `target_money` FROM `wd_rescue` WHERE `id` = 182 LIMIT 1   [ RunTime:0.0000s ]
SQL: SELECT SUM(price) AS tp_sum FROM `wd_donor` WHERE `item_id` = 182 AND `type` = 1 LIMIT 1   [ RunTime:0.0000s ]
SQL: SELECT `target_money` FROM `wd_rescue` WHERE `id` = 182 LIMIT 1   [ RunTime:0.0010s ]
SQL: SELECT SUM(price) AS tp_sum FROM `wd_donor` WHERE `item_id` = 182 AND `type` = 1 LIMIT 1   [ RunTime:0.0000s ]
SQL: SELECT SUM(price) AS tp_sum FROM `wd_donor` WHERE `item_id` = 182 AND `type` = 1 LIMIT 1   [ RunTime:0.0000s ]
SQL: SHOW COLUMNS FROM `wd_member` [ RunTime:0.1140s ]
SQL: SELECT `photo` FROM `wd_member` WHERE `id` = 50 LIMIT 1   [ RunTime:0.0010s ]
SQL: SELECT `username` FROM `wd_member` WHERE `id` = 50 LIMIT 1   [ RunTime:0.0010s ]
SQL: SELECT * FROM `wd_images` WHERE `id` = 946 LIMIT 1   [ RunTime:0.0000s ]
SQL: SELECT `target_money` FROM `wd_rescue` WHERE `id` = 138 LIMIT 1   [ RunTime:0.0010s ]
SQL: SELECT SUM(price) AS tp_sum FROM `wd_donor` WHERE `item_id` = 138 AND `type` = 1 LIMIT 1   [ RunTime:0.0000s ]
SQL: SELECT `target_money` FROM `wd_rescue` WHERE `id` = 138 LIMIT 1   [ RunTime:0.0010s ]
SQL: SELECT SUM(price) AS tp_sum FROM `wd_donor` WHERE `item_id` = 138 AND `type` = 1 LIMIT 1   [ RunTime:0.0000s ]
SQL: SELECT `target_money` FROM `wd_rescue` WHERE `id` = 138 LIMIT 1   [ RunTime:0.0010s ]
SQL: SELECT SUM(price) AS tp_sum FROM `wd_donor` WHERE `item_id` = 138 AND `type` = 1 LIMIT 1   [ RunTime:0.0010s ]
SQL: SELECT SUM(price) AS tp_sum FROM `wd_donor` WHERE `item_id` = 138 AND `type` = 1 LIMIT 1   [ RunTime:0.0000s ]
SQL: SELECT `photo` FROM `wd_member` WHERE `id` = 50 LIMIT 1   [ RunTime:0.0010s ]
SQL: SELECT `username` FROM `wd_member` WHERE `id` = 50 LIMIT 1   [ RunTime:0.0000s ]
SQL: SELECT `target_money` FROM `wd_rescue` WHERE `id` = 137 LIMIT 1   [ RunTime:0.0010s ]
SQL: SELECT SUM(price) AS tp_sum FROM `wd_donor` WHERE `item_id` = 137 AND `type` = 1 LIMIT 1   [ RunTime:0.0000s ]
SQL: SELECT `target_money` FROM `wd_rescue` WHERE `id` = 137 LIMIT 1   [ RunTime:0.0000s ]
SQL: SELECT SUM(price) AS tp_sum FROM `wd_donor` WHERE `item_id` = 137 AND `type` = 1 LIMIT 1   [ RunTime:0.0010s ]
SQL: SELECT `target_money` FROM `wd_rescue` WHERE `id` = 137 LIMIT 1   [ RunTime:0.0000s ]
SQL: SELECT SUM(price) AS tp_sum FROM `wd_donor` WHERE `item_id` = 137 AND `type` = 1 LIMIT 1   [ RunTime:0.0000s ]
SQL: SELECT SUM(price) AS tp_sum FROM `wd_donor` WHERE `item_id` = 137 AND `type` = 1 LIMIT 1   [ RunTime:0.0000s ]
SQL: SELECT `photo` FROM `wd_member` WHERE `id` = 50 LIMIT 1   [ RunTime:0.0000s ]
SQL: SELECT `username` FROM `wd_member` WHERE `id` = 50 LIMIT 1   [ RunTime:0.0010s ]
SQL: SELECT `target_money` FROM `wd_rescue` WHERE `id` = 140 LIMIT 1   [ RunTime:0.0000s ]
SQL: SELECT SUM(price) AS tp_sum FROM `wd_donor` WHERE `item_id` = 140 AND `type` = 1 LIMIT 1   [ RunTime:0.0010s ]
SQL: SELECT `target_money` FROM `wd_rescue` WHERE `id` = 140 LIMIT 1   [ RunTime:0.0000s ]
SQL: SELECT SUM(price) AS tp_sum FROM `wd_donor` WHERE `item_id` = 140 AND `type` = 1 LIMIT 1   [ RunTime:0.0000s ]
SQL: SELECT `target_money` FROM `wd_rescue` WHERE `id` = 140 LIMIT 1   [ RunTime:0.0010s ]
SQL: SELECT SUM(price) AS tp_sum FROM `wd_donor` WHERE `item_id` = 140 AND `type` = 1 LIMIT 1   [ RunTime:0.0000s ]
SQL: SELECT SUM(price) AS tp_sum FROM `wd_donor` WHERE `item_id` = 140 AND `type` = 1 LIMIT 1   [ RunTime:0.0000s ]
SQL: SELECT `photo` FROM `wd_member` WHERE `id` = 50 LIMIT 1   [ RunTime:0.0010s ]
SQL: SELECT `username` FROM `wd_member` WHERE `id` = 50 LIMIT 1   [ RunTime:0.0000s ]
SQL: SELECT `target_money` FROM `wd_rescue` WHERE `id` = 141 LIMIT 1   [ RunTime:0.0010s ]
SQL: SELECT SUM(price) AS tp_sum FROM `wd_donor` WHERE `item_id` = 141 AND `type` = 1 LIMIT 1   [ RunTime:0.0000s ]
SQL: SELECT `target_money` FROM `wd_rescue` WHERE `id` = 141 LIMIT 1   [ RunTime:0.0010s ]
SQL: SELECT SUM(price) AS tp_sum FROM `wd_donor` WHERE `item_id` = 141 AND `type` = 1 LIMIT 1   [ RunTime:0.0000s ]
SQL: SELECT `target_money` FROM `wd_rescue` WHERE `id` = 141 LIMIT 1   [ RunTime:0.0010s ]
SQL: SELECT SUM(price) AS tp_sum FROM `wd_donor` WHERE `item_id` = 141 AND `type` = 1 LIMIT 1   [ RunTime:0.0000s ]
SQL: SELECT SUM(price) AS tp_sum FROM `wd_donor` WHERE `item_id` = 141 AND `type` = 1 LIMIT 1   [ RunTime:0.0000s ]
SQL: SELECT `photo` FROM `wd_member` WHERE `id` = 50 LIMIT 1   [ RunTime:0.0010s ]
SQL: SELECT `username` FROM `wd_member` WHERE `id` = 50 LIMIT 1   [ RunTime:0.0000s ]
SQL: SELECT * FROM `wd_images` WHERE `id` = 945 LIMIT 1   [ RunTime:0.0010s ]
SQL: SELECT `target_money` FROM `wd_rescue` WHERE `id` = 142 LIMIT 1   [ RunTime:0.0000s ]
SQL: SELECT SUM(price) AS tp_sum FROM `wd_donor` WHERE `item_id` = 142 AND `type` = 1 LIMIT 1   [ RunTime:0.0010s ]
SQL: SELECT `target_money` FROM `wd_rescue` WHERE `id` = 142 LIMIT 1   [ RunTime:0.0000s ]
SQL: SELECT SUM(price) AS tp_sum FROM `wd_donor` WHERE `item_id` = 142 AND `type` = 1 LIMIT 1   [ RunTime:0.0000s ]
SQL: SELECT `target_money` FROM `wd_rescue` WHERE `id` = 142 LIMIT 1   [ RunTime:0.0000s ]
SQL: SELECT SUM(price) AS tp_sum FROM `wd_donor` WHERE `item_id` = 142 AND `type` = 1 LIMIT 1   [ RunTime:0.0000s ]
SQL: SELECT SUM(price) AS tp_sum FROM `wd_donor` WHERE `item_id` = 142 AND `type` = 1 LIMIT 1   [ RunTime:0.0010s ]
INFO: Run Behavior\ParseTemplateBehavior [ RunTime:1.849000s ]
INFO: [ view_parse ] --END-- [ RunTime:1.849000s ]
INFO: [ view_filter ] --START--
INFO: Run Behavior\WriteHtmlCacheBehavior [ RunTime:0.044000s ]
INFO: [ view_filter ] --END-- [ RunTime:0.044000s ]
INFO: [ app_end ] --START--
INFO: Run Behavior\ShowPageTraceBehavior [ RunTime:0.039000s ]
INFO: [ app_end ] --END-- [ RunTime:0.039000s ]

[ 2018-06-29T16:11:10+08:00 ] 127.0.0.1 /
INFO: [ app_init ] --START--
INFO: Run Behavior\BuildLiteBehavior [ RunTime:0.000000s ]
INFO: [ app_init ] --END-- [ RunTime:0.000000s ]
NOTIC: [8] Constant API_KEY already defined D:\phpStudy\PHPTutorial\WWW\crowdFunding\app\App\Conf\config.php 第 4 行.
INFO: [ app_begin ] --START--
INFO: Run Behavior\ReadHtmlCacheBehavior [ RunTime:0.000000s ]
INFO: [ app_begin ] --END-- [ RunTime:0.000000s ]
SQL: SHOW COLUMNS FROM `wd_rescue` [ RunTime:0.0120s ]
SQL: SELECT * FROM `wd_rescue` WHERE `status` = 4 AND `is_success` = 1  [ RunTime:0.0000s ]
SQL: SHOW COLUMNS FROM `wd_star` [ RunTime:0.0110s ]
SQL: SELECT * FROM `wd_star`  [ RunTime:0.0000s ]
SQL: SELECT * FROM `wd_rescue` WHERE `status` = 3 AND `recommend` = 1  [ RunTime:0.0000s ]
SQL: SELECT * FROM `wd_rescue` WHERE `status` = 3  [ RunTime:0.0010s ]
INFO: [ view_parse ] --START--
INFO: [ template_filter ] --START--
INFO: Run Behavior\ContentReplaceBehavior [ RunTime:0.000000s ]
INFO: [ template_filter ] --END-- [ RunTime:0.000000s ]
SQL: SHOW COLUMNS FROM `wd_donor` [ RunTime:0.0110s ]
SQL: select sum(price) as sum from  wd_donor where  FROM_UNIXTIME(date,"%Y-%m-%d")    =  CURDATE()    [ RunTime:0.0010s ]
SQL: SHOW COLUMNS FROM `wd_tag` [ RunTime:0.0110s ]
SQL: SELECT * FROM `wd_tag` WHERE `id` = 52 LIMIT 1   [ RunTime:0.0010s ]
SQL: SHOW COLUMNS FROM `wd_images` [ RunTime:0.0110s ]
SQL: SELECT * FROM `wd_images` WHERE `id` = 946 LIMIT 1   [ RunTime:0.0000s ]
SQL: SELECT `target_money` FROM `wd_rescue` WHERE `id` = 138 LIMIT 1   [ RunTime:0.0000s ]
SQL: SELECT SUM(price) AS tp_sum FROM `wd_donor` WHERE `item_id` = 138 AND `type` = 1 LIMIT 1   [ RunTime:0.0010s ]
SQL: SELECT `target_money` FROM `wd_rescue` WHERE `id` = 138 LIMIT 1   [ RunTime:0.0000s ]
SQL: SELECT SUM(price) AS tp_sum FROM `wd_donor` WHERE `item_id` = 138 AND `type` = 1 LIMIT 1   [ RunTime:0.0010s ]
SQL: SELECT `target_money` FROM `wd_rescue` WHERE `id` = 138 LIMIT 1   [ RunTime:0.0000s ]
SQL: SELECT SUM(price) AS tp_sum FROM `wd_donor` WHERE `item_id` = 138 AND `type` = 1 LIMIT 1   [ RunTime:0.0010s ]
SQL: SELECT SUM(price) AS tp_sum FROM `wd_donor` WHERE `item_id` = 138 AND `type` = 1 LIMIT 1   [ RunTime:0.0000s ]
SQL: SELECT * FROM `wd_tag` WHERE `id` = 51 LIMIT 1   [ RunTime:0.0020s ]
SQL: SELECT `target_money` FROM `wd_rescue` WHERE `id` = 137 LIMIT 1   [ RunTime:0.0000s ]
SQL: SELECT SUM(price) AS tp_sum FROM `wd_donor` WHERE `item_id` = 137 AND `type` = 1 LIMIT 1   [ RunTime:0.0000s ]
SQL: SELECT `target_money` FROM `wd_rescue` WHERE `id` = 137 LIMIT 1   [ RunTime:0.0000s ]
SQL: SELECT SUM(price) AS tp_sum FROM `wd_donor` WHERE `item_id` = 137 AND `type` = 1 LIMIT 1   [ RunTime:0.0000s ]
SQL: SELECT `target_money` FROM `wd_rescue` WHERE `id` = 137 LIMIT 1   [ RunTime:0.0000s ]
SQL: SELECT SUM(price) AS tp_sum FROM `wd_donor` WHERE `item_id` = 137 AND `type` = 1 LIMIT 1   [ RunTime:0.0000s ]
SQL: SELECT SUM(price) AS tp_sum FROM `wd_donor` WHERE `item_id` = 137 AND `type` = 1 LIMIT 1   [ RunTime:0.0020s ]
SQL: SELECT * FROM `wd_tag` WHERE `id` = 51 LIMIT 1   [ RunTime:0.0010s ]
SQL: SELECT `target_money` FROM `wd_rescue` WHERE `id` = 140 LIMIT 1   [ RunTime:0.0010s ]
SQL: SELECT SUM(price) AS tp_sum FROM `wd_donor` WHERE `item_id` = 140 AND `type` = 1 LIMIT 1   [ RunTime:0.0000s ]
SQL: SELECT `target_money` FROM `wd_rescue` WHERE `id` = 140 LIMIT 1   [ RunTime:0.0010s ]
SQL: SELECT SUM(price) AS tp_sum FROM `wd_donor` WHERE `item_id` = 140 AND `type` = 1 LIMIT 1   [ RunTime:0.0000s ]
SQL: SELECT `target_money` FROM `wd_rescue` WHERE `id` = 140 LIMIT 1   [ RunTime:0.0010s ]
SQL: SELECT SUM(price) AS tp_sum FROM `wd_donor` WHERE `item_id` = 140 AND `type` = 1 LIMIT 1   [ RunTime:0.0000s ]
SQL: SELECT SUM(price) AS tp_sum FROM `wd_donor` WHERE `item_id` = 140 AND `type` = 1 LIMIT 1   [ RunTime:0.0010s ]
SQL: SELECT * FROM `wd_tag` WHERE `id` = 52 LIMIT 1   [ RunTime:0.0000s ]
SQL: SELECT `target_money` FROM `wd_rescue` WHERE `id` = 141 LIMIT 1   [ RunTime:0.0000s ]
SQL: SELECT SUM(price) AS tp_sum FROM `wd_donor` WHERE `item_id` = 141 AND `type` = 1 LIMIT 1   [ RunTime:0.0000s ]
SQL: SELECT `target_money` FROM `wd_rescue` WHERE `id` = 141 LIMIT 1   [ RunTime:0.0000s ]
SQL: SELECT SUM(price) AS tp_sum FROM `wd_donor` WHERE `item_id` = 141 AND `type` = 1 LIMIT 1   [ RunTime:0.0000s ]
SQL: SELECT `target_money` FROM `wd_rescue` WHERE `id` = 141 LIMIT 1   [ RunTime:0.0000s ]
SQL: SELECT SUM(price) AS tp_sum FROM `wd_donor` WHERE `item_id` = 141 AND `type` = 1 LIMIT 1   [ RunTime:0.0000s ]
SQL: SELECT SUM(price) AS tp_sum FROM `wd_donor` WHERE `item_id` = 141 AND `type` = 1 LIMIT 1   [ RunTime:0.0010s ]
SQL: SELECT * FROM `wd_tag` WHERE `id` = 50 LIMIT 1   [ RunTime:0.0000s ]
SQL: SELECT * FROM `wd_images` WHERE `id` = 945 LIMIT 1   [ RunTime:0.0010s ]
SQL: SELECT `target_money` FROM `wd_rescue` WHERE `id` = 142 LIMIT 1   [ RunTime:0.0010s ]
SQL: SELECT SUM(price) AS tp_sum FROM `wd_donor` WHERE `item_id` = 142 AND `type` = 1 LIMIT 1   [ RunTime:0.0000s ]
SQL: SELECT `target_money` FROM `wd_rescue` WHERE `id` = 142 LIMIT 1   [ RunTime:0.0010s ]
SQL: SELECT SUM(price) AS tp_sum FROM `wd_donor` WHERE `item_id` = 142 AND `type` = 1 LIMIT 1   [ RunTime:0.0000s ]
SQL: SELECT `target_money` FROM `wd_rescue` WHERE `id` = 142 LIMIT 1   [ RunTime:0.0010s ]
SQL: SELECT SUM(price) AS tp_sum FROM `wd_donor` WHERE `item_id` = 142 AND `type` = 1 LIMIT 1   [ RunTime:0.0000s ]
SQL: SELECT SUM(price) AS tp_sum FROM `wd_donor` WHERE `item_id` = 142 AND `type` = 1 LIMIT 1   [ RunTime:0.0010s ]
SQL: SHOW COLUMNS FROM `wd_good_star` [ RunTime:0.0140s ]
SQL: SELECT COUNT(*) AS tp_count FROM `wd_good_star` WHERE `star_id` = '50' LIMIT 1   [ RunTime:0.0010s ]
SQL: SELECT * FROM `wd_good_star` WHERE `user_id` = 73 AND `star_id` = '50' ORDER BY id desc LIMIT 1   [ RunTime:0.0000s ]
SQL: SELECT COUNT(*) AS tp_count FROM `wd_good_star` WHERE `star_id` = '50' LIMIT 1   [ RunTime:0.0010s ]
SQL: SELECT COUNT(*) AS tp_count FROM `wd_good_star` WHERE `star_id` = '51' LIMIT 1   [ RunTime:0.0010s ]
SQL: SELECT * FROM `wd_good_star` WHERE `user_id` = 73 AND `star_id` = '51' ORDER BY id desc LIMIT 1   [ RunTime:0.0010s ]
SQL: SELECT COUNT(*) AS tp_count FROM `wd_good_star` WHERE `star_id` = '51' LIMIT 1   [ RunTime:0.0010s ]
SQL: SELECT COUNT(*) AS tp_count FROM `wd_good_star` WHERE `star_id` = '52' LIMIT 1   [ RunTime:0.0000s ]
SQL: SELECT * FROM `wd_good_star` WHERE `user_id` = 73 AND `star_id` = '52' ORDER BY id desc LIMIT 1   [ RunTime:0.0010s ]
SQL: SELECT COUNT(*) AS tp_count FROM `wd_good_star` WHERE `star_id` = '52' LIMIT 1   [ RunTime:0.0000s ]
SQL: SELECT COUNT(*) AS tp_count FROM `wd_good_star` WHERE `star_id` = '53' LIMIT 1   [ RunTime:0.0010s ]
SQL: SELECT * FROM `wd_good_star` WHERE `user_id` = 73 AND `star_id` = '53' ORDER BY id desc LIMIT 1   [ RunTime:0.0000s ]
SQL: SELECT COUNT(*) AS tp_count FROM `wd_good_star` WHERE `star_id` = '53' LIMIT 1   [ RunTime:0.0000s ]
SQL: SELECT COUNT(*) AS tp_count FROM `wd_good_star` WHERE `star_id` = '54' LIMIT 1   [ RunTime:0.0000s ]
SQL: SELECT * FROM `wd_good_star` WHERE `user_id` = 73 AND `star_id` = '54' ORDER BY id desc LIMIT 1   [ RunTime:0.0000s ]
SQL: SELECT COUNT(*) AS tp_count FROM `wd_good_star` WHERE `star_id` = '54' LIMIT 1   [ RunTime:0.0010s ]
SQL: SELECT COUNT(*) AS tp_count FROM `wd_good_star` WHERE `star_id` = '58' LIMIT 1   [ RunTime:0.0000s ]
SQL: SELECT * FROM `wd_good_star` WHERE `user_id` = 73 AND `star_id` = '58' ORDER BY id desc LIMIT 1   [ RunTime:0.0000s ]
SQL: SELECT COUNT(*) AS tp_count FROM `wd_good_star` WHERE `star_id` = '58' LIMIT 1   [ RunTime:0.0010s ]
SQL: SELECT * FROM `wd_good_star` WHERE `user_id` = 73 AND `star_id` = '50' ORDER BY id desc LIMIT 1   [ RunTime:0.0000s ]
SQL: SELECT COUNT(*) AS tp_count FROM `wd_good_star` WHERE `star_id` = '50' LIMIT 1   [ RunTime:0.0000s ]
SQL: SELECT * FROM `wd_good_star` WHERE `user_id` = 73 AND `star_id` = '51' ORDER BY id desc LIMIT 1   [ RunTime:0.0010s ]
SQL: SELECT COUNT(*) AS tp_count FROM `wd_good_star` WHERE `star_id` = '51' LIMIT 1   [ RunTime:0.0010s ]
SQL: SELECT * FROM `wd_good_star` WHERE `user_id` = 73 AND `star_id` = '52' ORDER BY id desc LIMIT 1   [ RunTime:0.0020s ]
SQL: SELECT COUNT(*) AS tp_count FROM `wd_good_star` WHERE `star_id` = '52' LIMIT 1   [ RunTime:0.0020s ]
SQL: SELECT * FROM `wd_good_star` WHERE `user_id` = 73 AND `star_id` = '53' ORDER BY id desc LIMIT 1   [ RunTime:0.0020s ]
SQL: SELECT COUNT(*) AS tp_count FROM `wd_good_star` WHERE `star_id` = '53' LIMIT 1   [ RunTime:0.0010s ]
SQL: SELECT * FROM `wd_good_star` WHERE `user_id` = 73 AND `star_id` = '54' ORDER BY id desc LIMIT 1   [ RunTime:0.0010s ]
SQL: SELECT COUNT(*) AS tp_count FROM `wd_good_star` WHERE `star_id` = '54' LIMIT 1   [ RunTime:0.0010s ]
SQL: SELECT * FROM `wd_good_star` WHERE `user_id` = 73 AND `star_id` = '58' ORDER BY id desc LIMIT 1   [ RunTime:0.0010s ]
SQL: SELECT COUNT(*) AS tp_count FROM `wd_good_star` WHERE `star_id` = '58' LIMIT 1   [ RunTime:0.0010s ]
SQL: SELECT `target_money` FROM `wd_rescue` WHERE `id` = 179 LIMIT 1   [ RunTime:0.0000s ]
SQL: SELECT SUM(price) AS tp_sum FROM `wd_donor` WHERE `item_id` = 179 AND `type` = 1 LIMIT 1   [ RunTime:0.0000s ]
SQL: SELECT `target_money` FROM `wd_rescue` WHERE `id` = 179 LIMIT 1   [ RunTime:0.0010s ]
SQL: SELECT SUM(price) AS tp_sum FROM `wd_donor` WHERE `item_id` = 179 AND `type` = 1 LIMIT 1   [ RunTime:0.0000s ]
SQL: SELECT `target_money` FROM `wd_rescue` WHERE `id` = 179 LIMIT 1   [ RunTime:0.0010s ]
SQL: SELECT SUM(price) AS tp_sum FROM `wd_donor` WHERE `item_id` = 179 AND `type` = 1 LIMIT 1   [ RunTime:0.0000s ]
SQL: SELECT SUM(price) AS tp_sum FROM `wd_donor` WHERE `item_id` = 179 AND `type` = 1 LIMIT 1   [ RunTime:0.0000s ]
SQL: SELECT `target_money` FROM `wd_rescue` WHERE `id` = 180 LIMIT 1   [ RunTime:0.0000s ]
SQL: SELECT SUM(price) AS tp_sum FROM `wd_donor` WHERE `item_id` = 180 AND `type` = 1 LIMIT 1   [ RunTime:0.0000s ]
SQL: SELECT `target_money` FROM `wd_rescue` WHERE `id` = 180 LIMIT 1   [ RunTime:0.0000s ]
SQL: SELECT SUM(price) AS tp_sum FROM `wd_donor` WHERE `item_id` = 180 AND `type` = 1 LIMIT 1   [ RunTime:0.0000s ]
SQL: SELECT `target_money` FROM `wd_rescue` WHERE `id` = 180 LIMIT 1   [ RunTime:0.0010s ]
SQL: SELECT SUM(price) AS tp_sum FROM `wd_donor` WHERE `item_id` = 180 AND `type` = 1 LIMIT 1   [ RunTime:0.0000s ]
SQL: SELECT SUM(price) AS tp_sum FROM `wd_donor` WHERE `item_id` = 180 AND `type` = 1 LIMIT 1   [ RunTime:0.0010s ]
SQL: SELECT * FROM `wd_images` WHERE `id` = 981 LIMIT 1   [ RunTime:0.0000s ]
SQL: SELECT `target_money` FROM `wd_rescue` WHERE `id` = 181 LIMIT 1   [ RunTime:0.0010s ]
SQL: SELECT SUM(price) AS tp_sum FROM `wd_donor` WHERE `item_id` = 181 AND `type` = 1 LIMIT 1   [ RunTime:0.0000s ]
SQL: SELECT `target_money` FROM `wd_rescue` WHERE `id` = 181 LIMIT 1   [ RunTime:0.0010s ]
SQL: SELECT SUM(price) AS tp_sum FROM `wd_donor` WHERE `item_id` = 181 AND `type` = 1 LIMIT 1   [ RunTime:0.0000s ]
SQL: SELECT `target_money` FROM `wd_rescue` WHERE `id` = 181 LIMIT 1   [ RunTime:0.0000s ]
SQL: SELECT SUM(price) AS tp_sum FROM `wd_donor` WHERE `item_id` = 181 AND `type` = 1 LIMIT 1   [ RunTime:0.0000s ]
SQL: SELECT SUM(price) AS tp_sum FROM `wd_donor` WHERE `item_id` = 181 AND `type` = 1 LIMIT 1   [ RunTime:0.0000s ]
SQL: SELECT `target_money` FROM `wd_rescue` WHERE `id` = 182 LIMIT 1   [ RunTime:0.0010s ]
SQL: SELECT SUM(price) AS tp_sum FROM `wd_donor` WHERE `item_id` = 182 AND `type` = 1 LIMIT 1   [ RunTime:0.0000s ]
SQL: SELECT `target_money` FROM `wd_rescue` WHERE `id` = 182 LIMIT 1   [ RunTime:0.0010s ]
SQL: SELECT SUM(price) AS tp_sum FROM `wd_donor` WHERE `item_id` = 182 AND `type` = 1 LIMIT 1   [ RunTime:0.0000s ]
SQL: SELECT `target_money` FROM `wd_rescue` WHERE `id` = 182 LIMIT 1   [ RunTime:0.0000s ]
SQL: SELECT SUM(price) AS tp_sum FROM `wd_donor` WHERE `item_id` = 182 AND `type` = 1 LIMIT 1   [ RunTime:0.0000s ]
SQL: SELECT SUM(price) AS tp_sum FROM `wd_donor` WHERE `item_id` = 182 AND `type` = 1 LIMIT 1   [ RunTime:0.0000s ]
SQL: SHOW COLUMNS FROM `wd_member` [ RunTime:0.0150s ]
SQL: SELECT `photo` FROM `wd_member` WHERE `id` = 50 LIMIT 1   [ RunTime:0.0010s ]
SQL: SELECT `username` FROM `wd_member` WHERE `id` = 50 LIMIT 1   [ RunTime:0.0010s ]
SQL: SELECT * FROM `wd_images` WHERE `id` = 946 LIMIT 1   [ RunTime:0.0000s ]
SQL: SELECT `target_money` FROM `wd_rescue` WHERE `id` = 138 LIMIT 1   [ RunTime:0.0010s ]
SQL: SELECT SUM(price) AS tp_sum FROM `wd_donor` WHERE `item_id` = 138 AND `type` = 1 LIMIT 1   [ RunTime:0.0000s ]
SQL: SELECT `target_money` FROM `wd_rescue` WHERE `id` = 138 LIMIT 1   [ RunTime:0.0010s ]
SQL: SELECT SUM(price) AS tp_sum FROM `wd_donor` WHERE `item_id` = 138 AND `type` = 1 LIMIT 1   [ RunTime:0.0000s ]
SQL: SELECT `target_money` FROM `wd_rescue` WHERE `id` = 138 LIMIT 1   [ RunTime:0.0000s ]
SQL: SELECT SUM(price) AS tp_sum FROM `wd_donor` WHERE `item_id` = 138 AND `type` = 1 LIMIT 1   [ RunTime:0.0010s ]
SQL: SELECT SUM(price) AS tp_sum FROM `wd_donor` WHERE `item_id` = 138 AND `type` = 1 LIMIT 1   [ RunTime:0.0000s ]
SQL: SELECT `photo` FROM `wd_member` WHERE `id` = 50 LIMIT 1   [ RunTime:0.0010s ]
SQL: SELECT `username` FROM `wd_member` WHERE `id` = 50 LIMIT 1   [ RunTime:0.0000s ]
SQL: SELECT `target_money` FROM `wd_rescue` WHERE `id` = 137 LIMIT 1   [ RunTime:0.0000s ]
SQL: SELECT SUM(price) AS tp_sum FROM `wd_donor` WHERE `item_id` = 137 AND `type` = 1 LIMIT 1   [ RunTime:0.0000s ]
SQL: SELECT `target_money` FROM `wd_rescue` WHERE `id` = 137 LIMIT 1   [ RunTime:0.0000s ]
SQL: SELECT SUM(price) AS tp_sum FROM `wd_donor` WHERE `item_id` = 137 AND `type` = 1 LIMIT 1   [ RunTime:0.0010s ]
SQL: SELECT `target_money` FROM `wd_rescue` WHERE `id` = 137 LIMIT 1   [ RunTime:0.0000s ]
SQL: SELECT SUM(price) AS tp_sum FROM `wd_donor` WHERE `item_id` = 137 AND `type` = 1 LIMIT 1   [ RunTime:0.0010s ]
SQL: SELECT SUM(price) AS tp_sum FROM `wd_donor` WHERE `item_id` = 137 AND `type` = 1 LIMIT 1   [ RunTime:0.0000s ]
SQL: SELECT `photo` FROM `wd_member` WHERE `id` = 50 LIMIT 1   [ RunTime:0.0000s ]
SQL: SELECT `username` FROM `wd_member` WHERE `id` = 50 LIMIT 1   [ RunTime:0.0000s ]
SQL: SELECT `target_money` FROM `wd_rescue` WHERE `id` = 140 LIMIT 1   [ RunTime:0.0000s ]
SQL: SELECT SUM(price) AS tp_sum FROM `wd_donor` WHERE `item_id` = 140 AND `type` = 1 LIMIT 1   [ RunTime:0.0010s ]
SQL: SELECT `target_money` FROM `wd_rescue` WHERE `id` = 140 LIMIT 1   [ RunTime:0.0000s ]
SQL: SELECT SUM(price) AS tp_sum FROM `wd_donor` WHERE `item_id` = 140 AND `type` = 1 LIMIT 1   [ RunTime:0.0000s ]
SQL: SELECT `target_money` FROM `wd_rescue` WHERE `id` = 140 LIMIT 1   [ RunTime:0.0010s ]
SQL: SELECT SUM(price) AS tp_sum FROM `wd_donor` WHERE `item_id` = 140 AND `type` = 1 LIMIT 1   [ RunTime:0.0000s ]
SQL: SELECT SUM(price) AS tp_sum FROM `wd_donor` WHERE `item_id` = 140 AND `type` = 1 LIMIT 1   [ RunTime:0.0010s ]
SQL: SELECT `photo` FROM `wd_member` WHERE `id` = 50 LIMIT 1   [ RunTime:0.0000s ]
SQL: SELECT `username` FROM `wd_member` WHERE `id` = 50 LIMIT 1   [ RunTime:0.0000s ]
SQL: SELECT `target_money` FROM `wd_rescue` WHERE `id` = 141 LIMIT 1   [ RunTime:0.0000s ]
SQL: SELECT SUM(price) AS tp_sum FROM `wd_donor` WHERE `item_id` = 141 AND `type` = 1 LIMIT 1   [ RunTime:0.0000s ]
SQL: SELECT `target_money` FROM `wd_rescue` WHERE `id` = 141 LIMIT 1   [ RunTime:0.0010s ]
SQL: SELECT SUM(price) AS tp_sum FROM `wd_donor` WHERE `item_id` = 141 AND `type` = 1 LIMIT 1   [ RunTime:0.0000s ]
SQL: SELECT `target_money` FROM `wd_rescue` WHERE `id` = 141 LIMIT 1   [ RunTime:0.0000s ]
SQL: SELECT SUM(price) AS tp_sum FROM `wd_donor` WHERE `item_id` = 141 AND `type` = 1 LIMIT 1   [ RunTime:0.0010s ]
SQL: SELECT SUM(price) AS tp_sum FROM `wd_donor` WHERE `item_id` = 141 AND `type` = 1 LIMIT 1   [ RunTime:0.0010s ]
SQL: SELECT `photo` FROM `wd_member` WHERE `id` = 50 LIMIT 1   [ RunTime:0.0000s ]
SQL: SELECT `username` FROM `wd_member` WHERE `id` = 50 LIMIT 1   [ RunTime:0.0010s ]
SQL: SELECT * FROM `wd_images` WHERE `id` = 945 LIMIT 1   [ RunTime:0.0000s ]
SQL: SELECT `target_money` FROM `wd_rescue` WHERE `id` = 142 LIMIT 1   [ RunTime:0.0010s ]
SQL: SELECT SUM(price) AS tp_sum FROM `wd_donor` WHERE `item_id` = 142 AND `type` = 1 LIMIT 1   [ RunTime:0.0000s ]
SQL: SELECT `target_money` FROM `wd_rescue` WHERE `id` = 142 LIMIT 1   [ RunTime:0.0000s ]
SQL: SELECT SUM(price) AS tp_sum FROM `wd_donor` WHERE `item_id` = 142 AND `type` = 1 LIMIT 1   [ RunTime:0.0010s ]
SQL: SELECT `target_money` FROM `wd_rescue` WHERE `id` = 142 LIMIT 1   [ RunTime:0.0000s ]
SQL: SELECT SUM(price) AS tp_sum FROM `wd_donor` WHERE `item_id` = 142 AND `type` = 1 LIMIT 1   [ RunTime:0.0000s ]
SQL: SELECT SUM(price) AS tp_sum FROM `wd_donor` WHERE `item_id` = 142 AND `type` = 1 LIMIT 1   [ RunTime:0.0010s ]
INFO: Run Behavior\ParseTemplateBehavior [ RunTime:0.170000s ]
INFO: [ view_parse ] --END-- [ RunTime:0.170000s ]
INFO: [ view_filter ] --START--
INFO: Run Behavior\WriteHtmlCacheBehavior [ RunTime:0.000000s ]
INFO: [ view_filter ] --END-- [ RunTime:0.000000s ]
INFO: [ app_end ] --START--
INFO: Run Behavior\ShowPageTraceBehavior [ RunTime:0.001000s ]
INFO: [ app_end ] --END-- [ RunTime:0.001000s ]

[ 2018-06-29T16:11:10+08:00 ] 127.0.0.1 /public/home/scripts/swiper.min.js.map
INFO: [ app_init ] --START--
INFO: Run Behavior\BuildLiteBehavior [ RunTime:0.000000s ]
INFO: [ app_init ] --END-- [ RunTime:0.000000s ]
NOTIC: [8] Constant API_KEY already defined D:\phpStudy\PHPTutorial\WWW\crowdFunding\app\App\Conf\config.php 第 4 行.
INFO: [ app_begin ] --START--
INFO: Run Behavior\ReadHtmlCacheBehavior [ RunTime:0.001000s ]
INFO: [ app_begin ] --END-- [ RunTime:0.001000s ]
ERR: 无法加载控制器:Public

[ 2018-06-29T16:11:12+08:00 ] 127.0.0.1 /favicon.ico
INFO: [ app_init ] --START--
INFO: Run Behavior\BuildLiteBehavior [ RunTime:0.000000s ]
INFO: [ app_init ] --END-- [ RunTime:0.000000s ]
NOTIC: [8] Constant API_KEY already defined D:\phpStudy\PHPTutorial\WWW\crowdFunding\app\App\Conf\config.php 第 4 行.

[ 2018-06-29T16:11:15+08:00 ] 127.0.0.1 /center/index.html
INFO: [ app_init ] --START--
INFO: Run Behavior\BuildLiteBehavior [ RunTime:0.000000s ]
INFO: [ app_init ] --END-- [ RunTime:0.000000s ]
NOTIC: [8] Constant API_KEY already defined D:\phpStudy\PHPTutorial\WWW\crowdFunding\app\App\Conf\config.php 第 4 行.
INFO: [ app_begin ] --START--
INFO: Run Behavior\ReadHtmlCacheBehavior [ RunTime:0.000000s ]
INFO: [ app_begin ] --END-- [ RunTime:0.000000s ]
SQL: SHOW COLUMNS FROM `wd_member` [ RunTime:0.0120s ]
SQL: SELECT * FROM `wd_member` WHERE `id` = 73 LIMIT 1   [ RunTime:0.0010s ]
INFO: [ view_parse ] --START--
INFO: [ template_filter ] --START--
INFO: Run Behavior\ContentReplaceBehavior [ RunTime:0.001000s ]
INFO: [ template_filter ] --END-- [ RunTime:0.001000s ]
SQL: SHOW COLUMNS FROM `wd_follow` [ RunTime:0.4950s ]
SQL: SELECT COUNT(*) AS tp_count FROM `wd_follow` WHERE `user_id` = null LIMIT 1   [ RunTime:0.0000s ]
SQL: SHOW COLUMNS FROM `wd_announce` [ RunTime:0.0970s ]
SQL: SELECT COUNT(*) AS tp_count FROM `wd_announce` WHERE `user_id` = 73 LIMIT 1   [ RunTime:0.0010s ]
SQL: SHOW COLUMNS FROM `wd_donor` [ RunTime:0.0100s ]
SQL: SELECT COUNT(*) AS tp_count FROM `wd_donor` WHERE `user_id` = 73 LIMIT 1   [ RunTime:0.0000s ]
SQL: SHOW COLUMNS FROM `wd_rescue` [ RunTime:0.0100s ]
SQL: select count(*) as count from wd_rescue where user_id=73 and status in (0,1,2,3,4) [ RunTime:0.0110s ]
INFO: Run Behavior\ParseTemplateBehavior [ RunTime:0.943000s ]
INFO: [ view_parse ] --END-- [ RunTime:0.943000s ]
INFO: [ view_filter ] --START--
INFO: Run Behavior\WriteHtmlCacheBehavior [ RunTime:0.001000s ]
INFO: [ view_filter ] --END-- [ RunTime:0.001000s ]
INFO: [ app_end ] --START--
INFO: Run Behavior\ShowPageTraceBehavior [ RunTime:0.000000s ]
INFO: [ app_end ] --END-- [ RunTime:0.000000s ]

[ 2018-06-29T16:11:15+08:00 ] 127.0.0.1 /public/home/scripts/swiper.min.js.map
INFO: [ app_init ] --START--
INFO: Run Behavior\BuildLiteBehavior [ RunTime:0.000000s ]
INFO: [ app_init ] --END-- [ RunTime:0.001000s ]
NOTIC: [8] Constant API_KEY already defined D:\phpStudy\PHPTutorial\WWW\crowdFunding\app\App\Conf\config.php 第 4 行.
INFO: [ app_begin ] --START--
INFO: Run Behavior\ReadHtmlCacheBehavior [ RunTime:0.000000s ]
INFO: [ app_begin ] --END-- [ RunTime:0.000000s ]
ERR: 无法加载控制器:Public

[ 2018-06-29T16:11:18+08:00 ] 127.0.0.1 /center/set.html
INFO: [ app_init ] --START--
INFO: Run Behavior\BuildLiteBehavior [ RunTime:0.000000s ]
INFO: [ app_init ] --END-- [ RunTime:0.001000s ]
NOTIC: [8] Constant API_KEY already defined D:\phpStudy\PHPTutorial\WWW\crowdFunding\app\App\Conf\config.php 第 4 行.
INFO: [ app_begin ] --START--
INFO: Run Behavior\ReadHtmlCacheBehavior [ RunTime:0.000000s ]
INFO: [ app_begin ] --END-- [ RunTime:0.000000s ]
SQL: SHOW COLUMNS FROM `wd_member` [ RunTime:0.0130s ]
SQL: SELECT * FROM `wd_member` WHERE `id` = 73 LIMIT 1   [ RunTime:0.0010s ]
INFO: [ view_parse ] --START--
INFO: [ template_filter ] --START--
INFO: Run Behavior\ContentReplaceBehavior [ RunTime:0.000000s ]
INFO: [ template_filter ] --END-- [ RunTime:0.000000s ]
SQL: SHOW COLUMNS FROM `wd_provinces` [ RunTime:0.2390s ]
SQL: SELECT * FROM `wd_provinces` WHERE `provinceid` = null LIMIT 1   [ RunTime:0.0220s ]
SQL: SHOW COLUMNS FROM `wd_cities` [ RunTime:0.1910s ]
SQL: SELECT * FROM `wd_cities` WHERE `cityid` = null LIMIT 1   [ RunTime:0.0580s ]
INFO: Run Behavior\ParseTemplateBehavior [ RunTime:0.750000s ]
INFO: [ view_parse ] --END-- [ RunTime:0.750000s ]
INFO: [ view_filter ] --START--
INFO: Run Behavior\WriteHtmlCacheBehavior [ RunTime:0.000000s ]
INFO: [ view_filter ] --END-- [ RunTime:0.000000s ]
INFO: [ app_end ] --START--
INFO: Run Behavior\ShowPageTraceBehavior [ RunTime:0.001000s ]
INFO: [ app_end ] --END-- [ RunTime:0.001000s ]

[ 2018-06-29T16:11:18+08:00 ] 127.0.0.1 /public/home/scripts/swiper.min.js.map
INFO: [ app_init ] --START--
INFO: Run Behavior\BuildLiteBehavior [ RunTime:0.000000s ]
INFO: [ app_init ] --END-- [ RunTime:0.000000s ]
NOTIC: [8] Constant API_KEY already defined D:\phpStudy\PHPTutorial\WWW\crowdFunding\app\App\Conf\config.php 第 4 行.
INFO: [ app_begin ] --START--
INFO: Run Behavior\ReadHtmlCacheBehavior [ RunTime:0.000000s ]
INFO: [ app_begin ] --END-- [ RunTime:0.000000s ]
ERR: 无法加载控制器:Public

[ 2018-06-29T16:11:18+08:00 ] 127.0.0.1 /public/home/scripts/swiper.min.js.map
INFO: [ app_init ] --START--
INFO: Run Behavior\BuildLiteBehavior [ RunTime:0.000000s ]
INFO: [ app_init ] --END-- [ RunTime:0.000000s ]
NOTIC: [8] Constant API_KEY already defined D:\phpStudy\PHPTutorial\WWW\crowdFunding\app\App\Conf\config.php 第 4 行.
INFO: [ app_begin ] --START--
INFO: Run Behavior\ReadHtmlCacheBehavior [ RunTime:0.001000s ]
INFO: [ app_begin ] --END-- [ RunTime:0.001000s ]
ERR: 无法加载控制器:Public

[ 2018-06-29T16:11:23+08:00 ] 127.0.0.1 /center/set_info.html
INFO: [ app_init ] --START--
INFO: Run Behavior\BuildLiteBehavior [ RunTime:0.000000s ]
INFO: [ app_init ] --END-- [ RunTime:0.001000s ]
NOTIC: [8] Constant API_KEY already defined D:\phpStudy\PHPTutorial\WWW\crowdFunding\app\App\Conf\config.php 第 4 行.
INFO: [ app_begin ] --START--
INFO: Run Behavior\ReadHtmlCacheBehavior [ RunTime:0.000000s ]
INFO: [ app_begin ] --END-- [ RunTime:0.000000s ]
SQL: SHOW COLUMNS FROM `wd_member` [ RunTime:0.0080s ]
SQL: UPDATE `wd_member` SET `username`='asd' WHERE `id` = 73 [ RunTime:0.0000s ]

[ 2018-06-29T16:11:23+08:00 ] 127.0.0.1 /center/set.html
INFO: [ app_init ] --START--
INFO: Run Behavior\BuildLiteBehavior [ RunTime:0.000000s ]
INFO: [ app_init ] --END-- [ RunTime:0.001000s ]
NOTIC: [8] Constant API_KEY already defined D:\phpStudy\PHPTutorial\WWW\crowdFunding\app\App\Conf\config.php 第 4 行.
INFO: [ app_begin ] --START--
INFO: Run Behavior\ReadHtmlCacheBehavior [ RunTime:0.000000s ]
INFO: [ app_begin ] --END-- [ RunTime:0.000000s ]
SQL: SHOW COLUMNS FROM `wd_member` [ RunTime:0.0130s ]
SQL: SELECT * FROM `wd_member` WHERE `id` = 73 LIMIT 1   [ RunTime:0.0000s ]
INFO: [ view_parse ] --START--
INFO: [ template_filter ] --START--
INFO: Run Behavior\ContentReplaceBehavior [ RunTime:0.000000s ]
INFO: [ template_filter ] --END-- [ RunTime:0.000000s ]
SQL: SHOW COLUMNS FROM `wd_provinces` [ RunTime:0.0100s ]
SQL: SELECT * FROM `wd_provinces` WHERE `provinceid` = null LIMIT 1   [ RunTime:0.0010s ]
SQL: SHOW COLUMNS FROM `wd_cities` [ RunTime:0.0100s ]
SQL: SELECT * FROM `wd_cities` WHERE `cityid` = null LIMIT 1   [ RunTime:0.0010s ]
INFO: Run Behavior\ParseTemplateBehavior [ RunTime:0.028000s ]
INFO: [ view_parse ] --END-- [ RunTime:0.028000s ]
INFO: [ view_filter ] --START--
INFO: Run Behavior\WriteHtmlCacheBehavior [ RunTime:0.001000s ]
INFO: [ view_filter ] --END-- [ RunTime:0.001000s ]
INFO: [ app_end ] --START--
INFO: Run Behavior\ShowPageTraceBehavior [ RunTime:0.000000s ]
INFO: [ app_end ] --END-- [ RunTime:0.000000s ]

[ 2018-06-29T16:11:23+08:00 ] 127.0.0.1 /public/home/scripts/swiper.min.js.map
INFO: [ app_init ] --START--
INFO: Run Behavior\BuildLiteBehavior [ RunTime:0.000000s ]
INFO: [ app_init ] --END-- [ RunTime:0.001000s ]
NOTIC: [8] Constant API_KEY already defined D:\phpStudy\PHPTutorial\WWW\crowdFunding\app\App\Conf\config.php 第 4 行.
INFO: [ app_begin ] --START--
INFO: Run Behavior\ReadHtmlCacheBehavior [ RunTime:0.001000s ]
INFO: [ app_begin ] --END-- [ RunTime:0.001000s ]
ERR: 无法加载控制器:Public

[ 2018-06-29T16:11:23+08:00 ] 127.0.0.1 /public/home/scripts/swiper.min.js.map
INFO: [ app_init ] --START--
INFO: Run Behavior\BuildLiteBehavior [ RunTime:0.000000s ]
INFO: [ app_init ] --END-- [ RunTime:0.000000s ]
NOTIC: [8] Constant API_KEY already defined D:\phpStudy\PHPTutorial\WWW\crowdFunding\app\App\Conf\config.php 第 4 行.
INFO: [ app_begin ] --START--
INFO: Run Behavior\ReadHtmlCacheBehavior [ RunTime:0.001000s ]
INFO: [ app_begin ] --END-- [ RunTime:0.001000s ]
ERR: 无法加载控制器:Public

