[ 2018-06-04T11:03:48+08:00 ] 127.0.0.1 /public/home/css/css.css
INFO: [ app_init ] --START--
INFO: Run Behavior\BuildLiteBehavior [ RunTime:0.000000s ]
INFO: [ app_init ] --END-- [ RunTime:0.000000s ]
NOTIC: [8] Constant API_KEY already defined D:\phpStudy\PHPTutorial\WWW\crowdFunding\app\App\Conf\config.php 第 4 行.
INFO: [ app_begin ] --START--
INFO: Run Behavior\ReadHtmlCacheBehavior [ RunTime:0.001000s ]
INFO: [ app_begin ] --END-- [ RunTime:0.001000s ]
ERR: 无法加载控制器:Public

[ 2018-06-04T11:03:48+08:00 ] 127.0.0.1 /public/images/notice.png
INFO: [ app_init ] --START--
INFO: Run Behavior\BuildLiteBehavior [ RunTime:0.000000s ]
INFO: [ app_init ] --END-- [ RunTime:0.000000s ]
NOTIC: [8] Constant API_KEY already defined D:\phpStudy\PHPTutorial\WWW\crowdFunding\app\App\Conf\config.php 第 4 行.

[ 2018-06-04T11:03:48+08:00 ] 127.0.0.1 /favicon.ico
INFO: [ app_init ] --START--
INFO: Run Behavior\BuildLiteBehavior [ RunTime:0.000000s ]
INFO: [ app_init ] --END-- [ RunTime:0.001000s ]
NOTIC: [8] Constant API_KEY already defined D:\phpStudy\PHPTutorial\WWW\crowdFunding\app\App\Conf\config.php 第 4 行.

[ 2018-06-04T11:03:49+08:00 ] 127.0.0.1 /public/images/logo.png
INFO: [ app_init ] --START--
INFO: Run Behavior\BuildLiteBehavior [ RunTime:0.000000s ]
INFO: [ app_init ] --END-- [ RunTime:0.000000s ]
NOTIC: [8] Constant API_KEY already defined D:\phpStudy\PHPTutorial\WWW\crowdFunding\app\App\Conf\config.php 第 4 行.

[ 2018-06-04T11:03:53+08:00 ] 127.0.0.1 /public/images/logo.png
INFO: [ app_init ] --START--
INFO: Run Behavior\BuildLiteBehavior [ RunTime:0.000000s ]
INFO: [ app_init ] --END-- [ RunTime:0.000000s ]
NOTIC: [8] Constant API_KEY already defined D:\phpStudy\PHPTutorial\WWW\crowdFunding\app\App\Conf\config.php 第 4 行.

[ 2018-06-04T11:05:16+08:00 ] 127.0.0.1 /public/images/logo.png
INFO: [ app_init ] --START--
INFO: Run Behavior\BuildLiteBehavior [ RunTime:0.000000s ]
INFO: [ app_init ] --END-- [ RunTime:0.000000s ]
NOTIC: [8] Constant API_KEY already defined D:\phpStudy\PHPTutorial\WWW\crowdFunding\app\App\Conf\config.php 第 4 行.

[ 2018-06-04T11:05:26+08:00 ] 127.0.0.1 /public/images/logo.png
INFO: [ app_init ] --START--
INFO: Run Behavior\BuildLiteBehavior [ RunTime:0.000000s ]
INFO: [ app_init ] --END-- [ RunTime:0.000000s ]
NOTIC: [8] Constant API_KEY already defined D:\phpStudy\PHPTutorial\WWW\crowdFunding\app\App\Conf\config.php 第 4 行.

[ 2018-06-04T11:05:40+08:00 ] 127.0.0.1 /public/images/logo.png
INFO: [ app_init ] --START--
INFO: Run Behavior\BuildLiteBehavior [ RunTime:0.000000s ]
INFO: [ app_init ] --END-- [ RunTime:0.000000s ]
NOTIC: [8] Constant API_KEY already defined D:\phpStudy\PHPTutorial\WWW\crowdFunding\app\App\Conf\config.php 第 4 行.

[ 2018-06-04T11:05:50+08:00 ] 127.0.0.1 /public/images/logo.png
INFO: [ app_init ] --START--
INFO: Run Behavior\BuildLiteBehavior [ RunTime:0.000000s ]
INFO: [ app_init ] --END-- [ RunTime:0.000000s ]
NOTIC: [8] Constant API_KEY already defined D:\phpStudy\PHPTutorial\WWW\crowdFunding\app\App\Conf\config.php 第 4 行.

[ 2018-06-04T11:06:24+08:00 ] 127.0.0.1 /public/images/logo.png
INFO: [ app_init ] --START--
INFO: Run Behavior\BuildLiteBehavior [ RunTime:0.000000s ]
INFO: [ app_init ] --END-- [ RunTime:0.001000s ]
NOTIC: [8] Constant API_KEY already defined D:\phpStudy\PHPTutorial\WWW\crowdFunding\app\App\Conf\config.php 第 4 行.

[ 2018-06-04T11:06:31+08:00 ] 127.0.0.1 /public/images/logo.png
INFO: [ app_init ] --START--
INFO: Run Behavior\BuildLiteBehavior [ RunTime:0.000000s ]
INFO: [ app_init ] --END-- [ RunTime:0.000000s ]
NOTIC: [8] Constant API_KEY already defined D:\phpStudy\PHPTutorial\WWW\crowdFunding\app\App\Conf\config.php 第 4 行.

[ 2018-06-04T11:06:33+08:00 ] 127.0.0.1 /public/images/logo.png
INFO: [ app_init ] --START--
INFO: Run Behavior\BuildLiteBehavior [ RunTime:0.000000s ]
INFO: [ app_init ] --END-- [ RunTime:0.000000s ]
NOTIC: [8] Constant API_KEY already defined D:\phpStudy\PHPTutorial\WWW\crowdFunding\app\App\Conf\config.php 第 4 行.

[ 2018-06-04T11:06:35+08:00 ] 127.0.0.1 /public/images/logo.png
INFO: [ app_init ] --START--
INFO: Run Behavior\BuildLiteBehavior [ RunTime:0.000000s ]
INFO: [ app_init ] --END-- [ RunTime:0.001000s ]
NOTIC: [8] Constant API_KEY already defined D:\phpStudy\PHPTutorial\WWW\crowdFunding\app\App\Conf\config.php 第 4 行.

[ 2018-06-04T11:08:15+08:00 ] 127.0.0.1 /public/images/logo.png
INFO: [ app_init ] --START--
INFO: Run Behavior\BuildLiteBehavior [ RunTime:0.000000s ]
INFO: [ app_init ] --END-- [ RunTime:0.001000s ]
NOTIC: [8] Constant API_KEY already defined D:\phpStudy\PHPTutorial\WWW\crowdFunding\app\App\Conf\config.php 第 4 行.

[ 2018-06-04T11:08:32+08:00 ] 127.0.0.1 /public/images/logo.png
INFO: [ app_init ] --START--
INFO: Run Behavior\BuildLiteBehavior [ RunTime:0.000000s ]
INFO: [ app_init ] --END-- [ RunTime:0.000000s ]
NOTIC: [8] Constant API_KEY already defined D:\phpStudy\PHPTutorial\WWW\crowdFunding\app\App\Conf\config.php 第 4 行.

[ 2018-06-04T11:08:43+08:00 ] 127.0.0.1 /public/images/logo.png
INFO: [ app_init ] --START--
INFO: Run Behavior\BuildLiteBehavior [ RunTime:0.000000s ]
INFO: [ app_init ] --END-- [ RunTime:0.001000s ]
NOTIC: [8] Constant API_KEY already defined D:\phpStudy\PHPTutorial\WWW\crowdFunding\app\App\Conf\config.php 第 4 行.

[ 2018-06-04T11:08:45+08:00 ] 127.0.0.1 /public/images/logo.png
INFO: [ app_init ] --START--
INFO: Run Behavior\BuildLiteBehavior [ RunTime:0.000000s ]
INFO: [ app_init ] --END-- [ RunTime:0.000000s ]
NOTIC: [8] Constant API_KEY already defined D:\phpStudy\PHPTutorial\WWW\crowdFunding\app\App\Conf\config.php 第 4 行.

[ 2018-06-04T11:17:02+08:00 ] 127.0.0.1 /public/images/logo.png
INFO: [ app_init ] --START--
INFO: Run Behavior\BuildLiteBehavior [ RunTime:0.000000s ]
INFO: [ app_init ] --END-- [ RunTime:0.001000s ]
NOTIC: [8] Constant API_KEY already defined D:\phpStudy\PHPTutorial\WWW\crowdFunding\app\App\Conf\config.php 第 4 行.

[ 2018-06-04T11:17:02+08:00 ] 127.0.0.1 /public/images/logo.png
INFO: [ app_init ] --START--
INFO: Run Behavior\BuildLiteBehavior [ RunTime:0.000000s ]
INFO: [ app_init ] --END-- [ RunTime:0.000000s ]
NOTIC: [8] Constant API_KEY already defined D:\phpStudy\PHPTutorial\WWW\crowdFunding\app\App\Conf\config.php 第 4 行.

[ 2018-06-04T11:17:02+08:00 ] 127.0.0.1 /public/images/logo.png
INFO: [ app_init ] --START--
INFO: Run Behavior\BuildLiteBehavior [ RunTime:0.000000s ]
INFO: [ app_init ] --END-- [ RunTime:0.000000s ]
NOTIC: [8] Constant API_KEY already defined D:\phpStudy\PHPTutorial\WWW\crowdFunding\app\App\Conf\config.php 第 4 行.

[ 2018-06-04T11:17:31+08:00 ] 127.0.0.1 /public/images/logo.png
INFO: [ app_init ] --START--
INFO: Run Behavior\BuildLiteBehavior [ RunTime:0.000000s ]
INFO: [ app_init ] --END-- [ RunTime:0.000000s ]
NOTIC: [8] Constant API_KEY already defined D:\phpStudy\PHPTutorial\WWW\crowdFunding\app\App\Conf\config.php 第 4 行.

[ 2018-06-04T11:17:38+08:00 ] 127.0.0.1 /public/images/logo.png
INFO: [ app_init ] --START--
INFO: Run Behavior\BuildLiteBehavior [ RunTime:0.000000s ]
INFO: [ app_init ] --END-- [ RunTime:0.000000s ]
NOTIC: [8] Constant API_KEY already defined D:\phpStudy\PHPTutorial\WWW\crowdFunding\app\App\Conf\config.php 第 4 行.

[ 2018-06-04T11:17:38+08:00 ] 127.0.0.1 /public/images/logo.png
INFO: [ app_init ] --START--
INFO: Run Behavior\BuildLiteBehavior [ RunTime:0.000000s ]
INFO: [ app_init ] --END-- [ RunTime:0.000000s ]
NOTIC: [8] Constant API_KEY already defined D:\phpStudy\PHPTutorial\WWW\crowdFunding\app\App\Conf\config.php 第 4 行.

[ 2018-06-04T11:17:42+08:00 ] 127.0.0.1 /public/images/logo.png
INFO: [ app_init ] --START--
INFO: Run Behavior\BuildLiteBehavior [ RunTime:0.000000s ]
INFO: [ app_init ] --END-- [ RunTime:0.000000s ]
NOTIC: [8] Constant API_KEY already defined D:\phpStudy\PHPTutorial\WWW\crowdFunding\app\App\Conf\config.php 第 4 行.

[ 2018-06-04T11:17:42+08:00 ] 127.0.0.1 /public/images/logo.png
INFO: [ app_init ] --START--
INFO: Run Behavior\BuildLiteBehavior [ RunTime:0.000000s ]
INFO: [ app_init ] --END-- [ RunTime:0.000000s ]
NOTIC: [8] Constant API_KEY already defined D:\phpStudy\PHPTutorial\WWW\crowdFunding\app\App\Conf\config.php 第 4 行.

[ 2018-06-04T11:17:43+08:00 ] 127.0.0.1 /public/images/logo.png
INFO: [ app_init ] --START--
INFO: Run Behavior\BuildLiteBehavior [ RunTime:0.000000s ]
INFO: [ app_init ] --END-- [ RunTime:0.000000s ]
NOTIC: [8] Constant API_KEY already defined D:\phpStudy\PHPTutorial\WWW\crowdFunding\app\App\Conf\config.php 第 4 行.

[ 2018-06-04T11:18:06+08:00 ] 127.0.0.1 /public/images/logo.png
INFO: [ app_init ] --START--
INFO: Run Behavior\BuildLiteBehavior [ RunTime:0.000000s ]
INFO: [ app_init ] --END-- [ RunTime:0.001000s ]
NOTIC: [8] Constant API_KEY already defined D:\phpStudy\PHPTutorial\WWW\crowdFunding\app\App\Conf\config.php 第 4 行.

[ 2018-06-04T11:18:16+08:00 ] 127.0.0.1 /public/images/logo.png
INFO: [ app_init ] --START--
INFO: Run Behavior\BuildLiteBehavior [ RunTime:0.000000s ]
INFO: [ app_init ] --END-- [ RunTime:0.001000s ]
NOTIC: [8] Constant API_KEY already defined D:\phpStudy\PHPTutorial\WWW\crowdFunding\app\App\Conf\config.php 第 4 行.

[ 2018-06-04T11:18:35+08:00 ] 127.0.0.1 /public/images/logo.png
INFO: [ app_init ] --START--
INFO: Run Behavior\BuildLiteBehavior [ RunTime:0.000000s ]
INFO: [ app_init ] --END-- [ RunTime:0.001000s ]
NOTIC: [8] Constant API_KEY already defined D:\phpStudy\PHPTutorial\WWW\crowdFunding\app\App\Conf\config.php 第 4 行.

[ 2018-06-04T11:18:36+08:00 ] 127.0.0.1 /public/images/logo.png
INFO: [ app_init ] --START--
INFO: Run Behavior\BuildLiteBehavior [ RunTime:0.000000s ]
INFO: [ app_init ] --END-- [ RunTime:0.000000s ]
NOTIC: [8] Constant API_KEY already defined D:\phpStudy\PHPTutorial\WWW\crowdFunding\app\App\Conf\config.php 第 4 行.

[ 2018-06-04T11:20:22+08:00 ] 127.0.0.1 /public/images/logo.png
INFO: [ app_init ] --START--
INFO: Run Behavior\BuildLiteBehavior [ RunTime:0.000000s ]
INFO: [ app_init ] --END-- [ RunTime:0.001000s ]
NOTIC: [8] Constant API_KEY already defined D:\phpStudy\PHPTutorial\WWW\crowdFunding\app\App\Conf\config.php 第 4 行.

[ 2018-06-04T11:20:22+08:00 ] 127.0.0.1 /public/images/logo.png
INFO: [ app_init ] --START--
INFO: Run Behavior\BuildLiteBehavior [ RunTime:0.000000s ]
INFO: [ app_init ] --END-- [ RunTime:0.001000s ]
NOTIC: [8] Constant API_KEY already defined D:\phpStudy\PHPTutorial\WWW\crowdFunding\app\App\Conf\config.php 第 4 行.

[ 2018-06-04T11:20:22+08:00 ] 127.0.0.1 /public/images/logo.png
INFO: [ app_init ] --START--
INFO: Run Behavior\BuildLiteBehavior [ RunTime:0.000000s ]
INFO: [ app_init ] --END-- [ RunTime:0.000000s ]
NOTIC: [8] Constant API_KEY already defined D:\phpStudy\PHPTutorial\WWW\crowdFunding\app\App\Conf\config.php 第 4 行.

[ 2018-06-04T11:20:31+08:00 ] 127.0.0.1 /public/images/logo.png
INFO: [ app_init ] --START--
INFO: Run Behavior\BuildLiteBehavior [ RunTime:0.000000s ]
INFO: [ app_init ] --END-- [ RunTime:0.000000s ]
NOTIC: [8] Constant API_KEY already defined D:\phpStudy\PHPTutorial\WWW\crowdFunding\app\App\Conf\config.php 第 4 行.

[ 2018-06-04T11:20:34+08:00 ] 127.0.0.1 /public/images/logo.png
INFO: [ app_init ] --START--
INFO: Run Behavior\BuildLiteBehavior [ RunTime:0.000000s ]
INFO: [ app_init ] --END-- [ RunTime:0.000000s ]
NOTIC: [8] Constant API_KEY already defined D:\phpStudy\PHPTutorial\WWW\crowdFunding\app\App\Conf\config.php 第 4 行.

[ 2018-06-04T11:20:36+08:00 ] 127.0.0.1 /public/images/logo.png
INFO: [ app_init ] --START--
INFO: Run Behavior\BuildLiteBehavior [ RunTime:0.000000s ]
INFO: [ app_init ] --END-- [ RunTime:0.000000s ]
NOTIC: [8] Constant API_KEY already defined D:\phpStudy\PHPTutorial\WWW\crowdFunding\app\App\Conf\config.php 第 4 行.

[ 2018-06-04T11:20:37+08:00 ] 127.0.0.1 /public/images/logo.png
INFO: [ app_init ] --START--
INFO: Run Behavior\BuildLiteBehavior [ RunTime:0.000000s ]
INFO: [ app_init ] --END-- [ RunTime:0.000000s ]
NOTIC: [8] Constant API_KEY already defined D:\phpStudy\PHPTutorial\WWW\crowdFunding\app\App\Conf\config.php 第 4 行.

[ 2018-06-04T11:20:45+08:00 ] 127.0.0.1 /public/images/logo.png
INFO: [ app_init ] --START--
INFO: Run Behavior\BuildLiteBehavior [ RunTime:0.000000s ]
INFO: [ app_init ] --END-- [ RunTime:0.000000s ]
NOTIC: [8] Constant API_KEY already defined D:\phpStudy\PHPTutorial\WWW\crowdFunding\app\App\Conf\config.php 第 4 行.

[ 2018-06-04T11:20:45+08:00 ] 127.0.0.1 /public/images/logo.png
INFO: [ app_init ] --START--
INFO: Run Behavior\BuildLiteBehavior [ RunTime:0.000000s ]
INFO: [ app_init ] --END-- [ RunTime:0.000000s ]
NOTIC: [8] Constant API_KEY already defined D:\phpStudy\PHPTutorial\WWW\crowdFunding\app\App\Conf\config.php 第 4 行.

[ 2018-06-04T11:21:09+08:00 ] 127.0.0.1 /public/images/logo.png
INFO: [ app_init ] --START--
INFO: Run Behavior\BuildLiteBehavior [ RunTime:0.000000s ]
INFO: [ app_init ] --END-- [ RunTime:0.000000s ]
NOTIC: [8] Constant API_KEY already defined D:\phpStudy\PHPTutorial\WWW\crowdFunding\app\App\Conf\config.php 第 4 行.

[ 2018-06-04T11:21:10+08:00 ] 127.0.0.1 /public/images/logo.png
INFO: [ app_init ] --START--
INFO: Run Behavior\BuildLiteBehavior [ RunTime:0.000000s ]
INFO: [ app_init ] --END-- [ RunTime:0.000000s ]
NOTIC: [8] Constant API_KEY already defined D:\phpStudy\PHPTutorial\WWW\crowdFunding\app\App\Conf\config.php 第 4 行.

[ 2018-06-04T11:21:30+08:00 ] 127.0.0.1 /public/images/logo.png
INFO: [ app_init ] --START--
INFO: Run Behavior\BuildLiteBehavior [ RunTime:0.000000s ]
INFO: [ app_init ] --END-- [ RunTime:0.001000s ]
NOTIC: [8] Constant API_KEY already defined D:\phpStudy\PHPTutorial\WWW\crowdFunding\app\App\Conf\config.php 第 4 行.

[ 2018-06-04T11:21:30+08:00 ] 127.0.0.1 /public/images/logo.png
INFO: [ app_init ] --START--
INFO: Run Behavior\BuildLiteBehavior [ RunTime:0.000000s ]
INFO: [ app_init ] --END-- [ RunTime:0.000000s ]
NOTIC: [8] Constant API_KEY already defined D:\phpStudy\PHPTutorial\WWW\crowdFunding\app\App\Conf\config.php 第 4 行.

[ 2018-06-04T11:21:51+08:00 ] 127.0.0.1 /public/images/logo.png
INFO: [ app_init ] --START--
INFO: Run Behavior\BuildLiteBehavior [ RunTime:0.000000s ]
INFO: [ app_init ] --END-- [ RunTime:0.000000s ]
NOTIC: [8] Constant API_KEY already defined D:\phpStudy\PHPTutorial\WWW\crowdFunding\app\App\Conf\config.php 第 4 行.

[ 2018-06-04T11:21:51+08:00 ] 127.0.0.1 /public/images/logo.png
INFO: [ app_init ] --START--
INFO: Run Behavior\BuildLiteBehavior [ RunTime:0.000000s ]
INFO: [ app_init ] --END-- [ RunTime:0.001000s ]
NOTIC: [8] Constant API_KEY already defined D:\phpStudy\PHPTutorial\WWW\crowdFunding\app\App\Conf\config.php 第 4 行.

[ 2018-06-04T11:22:08+08:00 ] 127.0.0.1 /public/images/logo.png
INFO: [ app_init ] --START--
INFO: Run Behavior\BuildLiteBehavior [ RunTime:0.000000s ]
INFO: [ app_init ] --END-- [ RunTime:0.001000s ]
NOTIC: [8] Constant API_KEY already defined D:\phpStudy\PHPTutorial\WWW\crowdFunding\app\App\Conf\config.php 第 4 行.

[ 2018-06-04T11:22:08+08:00 ] 127.0.0.1 /public/images/logo.png
INFO: [ app_init ] --START--
INFO: Run Behavior\BuildLiteBehavior [ RunTime:0.000000s ]
INFO: [ app_init ] --END-- [ RunTime:0.000000s ]
NOTIC: [8] Constant API_KEY already defined D:\phpStudy\PHPTutorial\WWW\crowdFunding\app\App\Conf\config.php 第 4 行.

[ 2018-06-04T11:26:08+08:00 ] 127.0.0.1 /public/images/logo.png
INFO: [ app_init ] --START--
INFO: Run Behavior\BuildLiteBehavior [ RunTime:0.000000s ]
INFO: [ app_init ] --END-- [ RunTime:0.001000s ]
NOTIC: [8] Constant API_KEY already defined D:\phpStudy\PHPTutorial\WWW\crowdFunding\app\App\Conf\config.php 第 4 行.

[ 2018-06-04T11:26:36+08:00 ] 127.0.0.1 /public/images/logo.png
INFO: [ app_init ] --START--
INFO: Run Behavior\BuildLiteBehavior [ RunTime:0.000000s ]
INFO: [ app_init ] --END-- [ RunTime:0.000000s ]
NOTIC: [8] Constant API_KEY already defined D:\phpStudy\PHPTutorial\WWW\crowdFunding\app\App\Conf\config.php 第 4 行.

[ 2018-06-04T11:26:37+08:00 ] 127.0.0.1 /public/images/logo.png
INFO: [ app_init ] --START--
INFO: Run Behavior\BuildLiteBehavior [ RunTime:0.000000s ]
INFO: [ app_init ] --END-- [ RunTime:0.001000s ]
NOTIC: [8] Constant API_KEY already defined D:\phpStudy\PHPTutorial\WWW\crowdFunding\app\App\Conf\config.php 第 4 行.

[ 2018-06-04T11:26:43+08:00 ] 127.0.0.1 /public/images/logo.png
INFO: [ app_init ] --START--
INFO: Run Behavior\BuildLiteBehavior [ RunTime:0.000000s ]
INFO: [ app_init ] --END-- [ RunTime:0.001000s ]
NOTIC: [8] Constant API_KEY already defined D:\phpStudy\PHPTutorial\WWW\crowdFunding\app\App\Conf\config.php 第 4 行.

[ 2018-06-04T11:27:20+08:00 ] 127.0.0.1 /public/images/logo.png
INFO: [ app_init ] --START--
INFO: Run Behavior\BuildLiteBehavior [ RunTime:0.000000s ]
INFO: [ app_init ] --END-- [ RunTime:0.000000s ]
NOTIC: [8] Constant API_KEY already defined D:\phpStudy\PHPTutorial\WWW\crowdFunding\app\App\Conf\config.php 第 4 行.

[ 2018-06-04T11:27:21+08:00 ] 127.0.0.1 /public/images/logo.png
INFO: [ app_init ] --START--
INFO: Run Behavior\BuildLiteBehavior [ RunTime:0.000000s ]
INFO: [ app_init ] --END-- [ RunTime:0.001000s ]
NOTIC: [8] Constant API_KEY already defined D:\phpStudy\PHPTutorial\WWW\crowdFunding\app\App\Conf\config.php 第 4 行.

[ 2018-06-04T14:26:26+08:00 ] 127.0.0.1 /public/images/logo.png
INFO: [ app_init ] --START--
INFO: Run Behavior\BuildLiteBehavior [ RunTime:0.000000s ]
INFO: [ app_init ] --END-- [ RunTime:0.000000s ]
NOTIC: [8] Constant API_KEY already defined D:\phpStudy\PHPTutorial\WWW\crowdFunding\app\App\Conf\config.php 第 4 行.

[ 2018-06-04T14:53:05+08:00 ] 127.0.0.1 /public/images/logo.png
INFO: [ app_init ] --START--
INFO: Run Behavior\BuildLiteBehavior [ RunTime:0.000000s ]
INFO: [ app_init ] --END-- [ RunTime:0.000000s ]
NOTIC: [8] Constant API_KEY already defined D:\phpStudy\PHPTutorial\WWW\crowdFunding\app\App\Conf\config.php 第 4 行.

[ 2018-06-04T16:41:42+08:00 ] 127.0.0.1 /public/images/logo.png
INFO: [ app_init ] --START--
INFO: Run Behavior\BuildLiteBehavior [ RunTime:0.000000s ]
INFO: [ app_init ] --END-- [ RunTime:0.000000s ]
NOTIC: [8] Constant API_KEY already defined D:\phpStudy\PHPTutorial\WWW\crowdFunding\app\App\Conf\config.php 第 4 行.

[ 2018-06-04T16:41:42+08:00 ] 127.0.0.1 /favicon.ico
INFO: [ app_init ] --START--
INFO: Run Behavior\BuildLiteBehavior [ RunTime:0.000000s ]
INFO: [ app_init ] --END-- [ RunTime:0.001000s ]
NOTIC: [8] Constant API_KEY already defined D:\phpStudy\PHPTutorial\WWW\crowdFunding\app\App\Conf\config.php 第 4 行.

[ 2018-06-04T16:44:31+08:00 ] 127.0.0.1 /public/images/logo.png
INFO: [ app_init ] --START--
INFO: Run Behavior\BuildLiteBehavior [ RunTime:0.000000s ]
INFO: [ app_init ] --END-- [ RunTime:0.000000s ]
NOTIC: [8] Constant API_KEY already defined D:\phpStudy\PHPTutorial\WWW\crowdFunding\app\App\Conf\config.php 第 4 行.

