[ 2018-06-01T11:16:18+08:00 ] 127.0.0.1 /manager/announce/index.html
INFO: [ app_init ] --START--
INFO: Run Behavior\BuildLiteBehavior [ RunTime:0.000000s ]
INFO: [ app_init ] --END-- [ RunTime:0.001000s ]
INFO: [ app_begin ] --START--
INFO: Run Behavior\ReadHtmlCacheBehavior [ RunTime:0.000000s ]
INFO: [ app_begin ] --END-- [ RunTime:0.000000s ]
NOTIC: [8] Use of undefined constant ture - assumed 'ture' D:\phpStudy\PHPTutorial\WWW\crowdFunding\app\Manager\Controller\MainController.class.php 第 27 行.
SQL: SHOW COLUMNS FROM `wd_announce` [ RunTime:0.0070s ]
SQL: SELECT COUNT(*) AS tp_count FROM `wd_announce` LIMIT 1   [ RunTime:0.0000s ]
SQL: SELECT * FROM `wd_announce` ORDER BY date desc LIMIT 0,15   [ RunTime:0.0000s ]
INFO: [ view_parse ] --START--
INFO: [ template_filter ] --START--
INFO: Run Behavior\ContentReplaceBehavior [ RunTime:0.000000s ]
INFO: [ template_filter ] --END-- [ RunTime:0.000000s ]
NOTIC: [8] Undefined variable: member_total D:\phpStudy\PHPTutorial\WWW\crowdFunding\runtime\Cache\Manager\a9a1e15d84fa80af7ac969e2812c0533.php 第 199 行.
SQL: SHOW COLUMNS FROM `wd_member` [ RunTime:0.0070s ]
SQL: SELECT `username` FROM `wd_member` WHERE `id` = 50 LIMIT 1   [ RunTime:0.0000s ]
SQL: SHOW COLUMNS FROM `wd_provinces` [ RunTime:0.0160s ]
SQL: SELECT * FROM `wd_provinces` WHERE `provinceid` = '440000' LIMIT 1   [ RunTime:0.0090s ]
SQL: SHOW COLUMNS FROM `wd_cities` [ RunTime:0.0310s ]
SQL: SELECT * FROM `wd_cities` WHERE `cityid` = '441900' LIMIT 1   [ RunTime:0.0190s ]
NOTIC: [8] Undefined index: status D:\phpStudy\PHPTutorial\WWW\crowdFunding\runtime\Cache\Manager\a9a1e15d84fa80af7ac969e2812c0533.php 第 354 行.
NOTIC: [8] Undefined index: status D:\phpStudy\PHPTutorial\WWW\crowdFunding\runtime\Cache\Manager\a9a1e15d84fa80af7ac969e2812c0533.php 第 355 行.
SQL: SELECT `username` FROM `wd_member` WHERE `id` = 52 LIMIT 1   [ RunTime:0.0000s ]
SQL: SELECT * FROM `wd_provinces` WHERE `provinceid` = '440000' LIMIT 1   [ RunTime:0.0010s ]
SQL: SELECT * FROM `wd_cities` WHERE `cityid` = '441900' LIMIT 1   [ RunTime:0.0000s ]
NOTIC: [8] Undefined index: status D:\phpStudy\PHPTutorial\WWW\crowdFunding\runtime\Cache\Manager\a9a1e15d84fa80af7ac969e2812c0533.php 第 354 行.
NOTIC: [8] Undefined index: status D:\phpStudy\PHPTutorial\WWW\crowdFunding\runtime\Cache\Manager\a9a1e15d84fa80af7ac969e2812c0533.php 第 355 行.
SQL: SELECT `username` FROM `wd_member` WHERE `id` = 52 LIMIT 1   [ RunTime:0.0000s ]
SQL: SELECT * FROM `wd_provinces` WHERE `provinceid` = '440000' LIMIT 1   [ RunTime:0.0000s ]
SQL: SELECT * FROM `wd_cities` WHERE `cityid` = '441900' LIMIT 1   [ RunTime:0.0000s ]
NOTIC: [8] Undefined index: status D:\phpStudy\PHPTutorial\WWW\crowdFunding\runtime\Cache\Manager\a9a1e15d84fa80af7ac969e2812c0533.php 第 354 行.
NOTIC: [8] Undefined index: status D:\phpStudy\PHPTutorial\WWW\crowdFunding\runtime\Cache\Manager\a9a1e15d84fa80af7ac969e2812c0533.php 第 355 行.
SQL: SELECT `username` FROM `wd_member` WHERE `id` = 52 LIMIT 1   [ RunTime:0.0000s ]
SQL: SELECT * FROM `wd_provinces` WHERE `provinceid` = '440000' LIMIT 1   [ RunTime:0.0000s ]
SQL: SELECT * FROM `wd_cities` WHERE `cityid` = '441900' LIMIT 1   [ RunTime:0.0000s ]
NOTIC: [8] Undefined index: status D:\phpStudy\PHPTutorial\WWW\crowdFunding\runtime\Cache\Manager\a9a1e15d84fa80af7ac969e2812c0533.php 第 354 行.
NOTIC: [8] Undefined index: status D:\phpStudy\PHPTutorial\WWW\crowdFunding\runtime\Cache\Manager\a9a1e15d84fa80af7ac969e2812c0533.php 第 355 行.
SQL: SELECT `username` FROM `wd_member` WHERE `id` = 52 LIMIT 1   [ RunTime:0.0000s ]
SQL: SELECT * FROM `wd_provinces` WHERE `provinceid` = '440000' LIMIT 1   [ RunTime:0.0000s ]
SQL: SELECT * FROM `wd_cities` WHERE `cityid` = '441900' LIMIT 1   [ RunTime:0.0000s ]
NOTIC: [8] Undefined index: status D:\phpStudy\PHPTutorial\WWW\crowdFunding\runtime\Cache\Manager\a9a1e15d84fa80af7ac969e2812c0533.php 第 354 行.
NOTIC: [8] Undefined index: status D:\phpStudy\PHPTutorial\WWW\crowdFunding\runtime\Cache\Manager\a9a1e15d84fa80af7ac969e2812c0533.php 第 355 行.
INFO: Run Behavior\ParseTemplateBehavior [ RunTime:0.105000s ]
INFO: [ view_parse ] --END-- [ RunTime:0.105000s ]
INFO: [ view_filter ] --START--
INFO: Run Behavior\WriteHtmlCacheBehavior [ RunTime:0.000000s ]
INFO: [ view_filter ] --END-- [ RunTime:0.000000s ]
INFO: [ app_end ] --START--
INFO: Run Behavior\ShowPageTraceBehavior [ RunTime:0.000000s ]
INFO: [ app_end ] --END-- [ RunTime:0.000000s ]

[ 2018-06-01T11:16:20+08:00 ] 127.0.0.1 /manager/report/index.html
INFO: [ app_init ] --START--
INFO: Run Behavior\BuildLiteBehavior [ RunTime:0.000000s ]
INFO: [ app_init ] --END-- [ RunTime:0.001000s ]
INFO: [ app_begin ] --START--
INFO: Run Behavior\ReadHtmlCacheBehavior [ RunTime:0.000000s ]
INFO: [ app_begin ] --END-- [ RunTime:0.000000s ]
NOTIC: [8] Use of undefined constant ture - assumed 'ture' D:\phpStudy\PHPTutorial\WWW\crowdFunding\app\Manager\Controller\MainController.class.php 第 27 行.
SQL: SHOW COLUMNS FROM `wd_report` [ RunTime:0.1120s ]
SQL: SELECT COUNT(*) AS tp_count FROM `wd_report` LIMIT 1   [ RunTime:0.0000s ]
SQL: SELECT * FROM `wd_report` ORDER BY date desc LIMIT 0,15   [ RunTime:0.0320s ]
INFO: [ view_parse ] --START--
INFO: [ template_filter ] --START--
INFO: Run Behavior\ContentReplaceBehavior [ RunTime:0.000000s ]
INFO: [ template_filter ] --END-- [ RunTime:0.000000s ]
NOTIC: [8] Undefined variable: member_total D:\phpStudy\PHPTutorial\WWW\crowdFunding\runtime\Cache\Manager\b7a91147083ce3f381f3635ad935d1e9.php 第 199 行.
NOTIC: [8] Undefined variable: header_title D:\phpStudy\PHPTutorial\WWW\crowdFunding\runtime\Cache\Manager\b7a91147083ce3f381f3635ad935d1e9.php 第 320 行.
SQL: SHOW COLUMNS FROM `wd_member` [ RunTime:0.0080s ]
SQL: SELECT `username` FROM `wd_member` WHERE `id` = 53 LIMIT 1   [ RunTime:0.0000s ]
SQL: SHOW COLUMNS FROM `wd_dream` [ RunTime:0.0070s ]
SQL: SELECT `title` FROM `wd_dream` WHERE `id` = 92 LIMIT 1   [ RunTime:0.0000s ]
SQL: SELECT `username` FROM `wd_member` WHERE `id` = 53 LIMIT 1   [ RunTime:0.0000s ]
SQL: SELECT `title` FROM `wd_dream` WHERE `id` = 94 LIMIT 1   [ RunTime:0.0000s ]
SQL: SELECT `username` FROM `wd_member` WHERE `id` = 50 LIMIT 1   [ RunTime:0.0000s ]
SQL: SHOW COLUMNS FROM `wd_rescue` [ RunTime:0.0330s ]
SQL: SELECT `title` FROM `wd_rescue` WHERE `id` = 138 LIMIT 1   [ RunTime:0.0460s ]
SQL: SELECT `username` FROM `wd_member` WHERE `id` = 50 LIMIT 1   [ RunTime:0.0000s ]
SQL: SELECT `title` FROM `wd_rescue` WHERE `id` = 138 LIMIT 1   [ RunTime:0.0000s ]
SQL: SELECT `username` FROM `wd_member` WHERE `id` = 50 LIMIT 1   [ RunTime:0.0000s ]
SQL: SELECT `title` FROM `wd_rescue` WHERE `id` = 138 LIMIT 1   [ RunTime:0.0000s ]
SQL: SELECT `username` FROM `wd_member` WHERE `id` = 50 LIMIT 1   [ RunTime:0.0000s ]
SQL: SELECT `title` FROM `wd_rescue` WHERE `id` = 138 LIMIT 1   [ RunTime:0.0000s ]
SQL: SELECT `username` FROM `wd_member` WHERE `id` = 50 LIMIT 1   [ RunTime:0.0000s ]
SQL: SELECT `title` FROM `wd_rescue` WHERE `id` = 138 LIMIT 1   [ RunTime:0.0000s ]
SQL: SELECT `username` FROM `wd_member` WHERE `id` = 50 LIMIT 1   [ RunTime:0.0000s ]
SQL: SELECT `title` FROM `wd_rescue` WHERE `id` = 138 LIMIT 1   [ RunTime:0.0000s ]
SQL: SELECT `username` FROM `wd_member` WHERE `id` = 50 LIMIT 1   [ RunTime:0.0010s ]
SQL: SELECT `title` FROM `wd_rescue` WHERE `id` = 138 LIMIT 1   [ RunTime:0.0000s ]
SQL: SELECT `username` FROM `wd_member` WHERE `id` = 50 LIMIT 1   [ RunTime:0.0000s ]
SQL: SELECT `title` FROM `wd_rescue` WHERE `id` = 138 LIMIT 1   [ RunTime:0.0000s ]
SQL: SELECT `username` FROM `wd_member` WHERE `id` = 50 LIMIT 1   [ RunTime:0.0000s ]
SQL: SELECT `title` FROM `wd_rescue` WHERE `id` = 138 LIMIT 1   [ RunTime:0.0000s ]
SQL: SELECT `username` FROM `wd_member` WHERE `id` = 50 LIMIT 1   [ RunTime:0.0000s ]
SQL: SELECT `title` FROM `wd_rescue` WHERE `id` = 138 LIMIT 1   [ RunTime:0.0000s ]
SQL: SELECT `username` FROM `wd_member` WHERE `id` = 50 LIMIT 1   [ RunTime:0.0010s ]
SQL: SELECT `title` FROM `wd_dream` WHERE `id` = 85 LIMIT 1   [ RunTime:0.0000s ]
SQL: SELECT `username` FROM `wd_member` WHERE `id` = 50 LIMIT 1   [ RunTime:0.0000s ]
SQL: SHOW COLUMNS FROM `wd_gongyi` [ RunTime:0.0170s ]
SQL: SELECT `title` FROM `wd_gongyi` WHERE `id` = 53 LIMIT 1   [ RunTime:0.0000s ]
SQL: SELECT `username` FROM `wd_member` WHERE `id` = 50 LIMIT 1   [ RunTime:0.0010s ]
SQL: SELECT `title` FROM `wd_gongyi` WHERE `id` = 53 LIMIT 1   [ RunTime:0.0000s ]
INFO: Run Behavior\ParseTemplateBehavior [ RunTime:0.146000s ]
INFO: [ view_parse ] --END-- [ RunTime:0.146000s ]
INFO: [ view_filter ] --START--
INFO: Run Behavior\WriteHtmlCacheBehavior [ RunTime:0.000000s ]
INFO: [ view_filter ] --END-- [ RunTime:0.000000s ]
INFO: [ app_end ] --START--
INFO: Run Behavior\ShowPageTraceBehavior [ RunTime:0.000000s ]
INFO: [ app_end ] --END-- [ RunTime:0.000000s ]

[ 2018-06-01T11:16:22+08:00 ] 127.0.0.1 /manager/report/img_detail/img_id/89.html
INFO: [ app_init ] --START--
INFO: Run Behavior\BuildLiteBehavior [ RunTime:0.000000s ]
INFO: [ app_init ] --END-- [ RunTime:0.000000s ]
INFO: [ app_begin ] --START--
INFO: Run Behavior\ReadHtmlCacheBehavior [ RunTime:0.001000s ]
INFO: [ app_begin ] --END-- [ RunTime:0.001000s ]
NOTIC: [8] Use of undefined constant ture - assumed 'ture' D:\phpStudy\PHPTutorial\WWW\crowdFunding\app\Manager\Controller\MainController.class.php 第 27 行.
SQL: SHOW COLUMNS FROM `wd_report` [ RunTime:0.0080s ]
SQL: SELECT * FROM `wd_report` WHERE `id` = 89 LIMIT 1   [ RunTime:0.0000s ]
INFO: [ view_parse ] --START--
INFO: [ template_filter ] --START--
INFO: Run Behavior\ContentReplaceBehavior [ RunTime:0.001000s ]
INFO: [ template_filter ] --END-- [ RunTime:0.001000s ]
NOTIC: [8] Undefined variable: member_total D:\phpStudy\PHPTutorial\WWW\crowdFunding\runtime\Cache\Manager\cb614846cc89c6f7848e9bcd5a0315ea.php 第 199 行.
NOTIC: [8] Undefined variable: imgArray D:\phpStudy\PHPTutorial\WWW\crowdFunding\runtime\Cache\Manager\cb614846cc89c6f7848e9bcd5a0315ea.php 第 373 行.
INFO: Run Behavior\ParseTemplateBehavior [ RunTime:0.042000s ]
INFO: [ view_parse ] --END-- [ RunTime:0.042000s ]
INFO: [ view_filter ] --START--
INFO: Run Behavior\WriteHtmlCacheBehavior [ RunTime:0.001000s ]
INFO: [ view_filter ] --END-- [ RunTime:0.001000s ]
INFO: [ app_end ] --START--
INFO: Run Behavior\ShowPageTraceBehavior [ RunTime:0.000000s ]
INFO: [ app_end ] --END-- [ RunTime:0.000000s ]

[ 2018-06-01T11:16:26+08:00 ] 127.0.0.1 /manager/report/img_detail/img_id/77.html
INFO: [ app_init ] --START--
INFO: Run Behavior\BuildLiteBehavior [ RunTime:0.000000s ]
INFO: [ app_init ] --END-- [ RunTime:0.001000s ]
INFO: [ app_begin ] --START--
INFO: Run Behavior\ReadHtmlCacheBehavior [ RunTime:0.001000s ]
INFO: [ app_begin ] --END-- [ RunTime:0.001000s ]
NOTIC: [8] Use of undefined constant ture - assumed 'ture' D:\phpStudy\PHPTutorial\WWW\crowdFunding\app\Manager\Controller\MainController.class.php 第 27 行.
SQL: SHOW COLUMNS FROM `wd_report` [ RunTime:0.0090s ]
SQL: SELECT * FROM `wd_report` WHERE `id` = 77 LIMIT 1   [ RunTime:0.0010s ]
INFO: [ view_parse ] --START--
INFO: [ template_filter ] --START--
INFO: Run Behavior\ContentReplaceBehavior [ RunTime:0.000000s ]
INFO: [ template_filter ] --END-- [ RunTime:0.000000s ]
NOTIC: [8] Undefined variable: member_total D:\phpStudy\PHPTutorial\WWW\crowdFunding\runtime\Cache\Manager\cb614846cc89c6f7848e9bcd5a0315ea.php 第 199 行.
NOTIC: [8] Undefined variable: imgArray D:\phpStudy\PHPTutorial\WWW\crowdFunding\runtime\Cache\Manager\cb614846cc89c6f7848e9bcd5a0315ea.php 第 373 行.
INFO: Run Behavior\ParseTemplateBehavior [ RunTime:0.010000s ]
INFO: [ view_parse ] --END-- [ RunTime:0.010000s ]
INFO: [ view_filter ] --START--
INFO: Run Behavior\WriteHtmlCacheBehavior [ RunTime:0.000000s ]
INFO: [ view_filter ] --END-- [ RunTime:0.000000s ]
INFO: [ app_end ] --START--
INFO: Run Behavior\ShowPageTraceBehavior [ RunTime:0.000000s ]
INFO: [ app_end ] --END-- [ RunTime:0.000000s ]

