[ 2018-05-26T17:43:46+08:00 ] 127.0.0.1 /manager/
INFO: [ app_init ] --START--
INFO: Run Behavior\BuildLiteBehavior [ RunTime:0.000000s ]
INFO: [ app_init ] --END-- [ RunTime:0.000000s ]
INFO: [ app_begin ] --START--
INFO: Run Behavior\ReadHtmlCacheBehavior [ RunTime:0.000000s ]
INFO: [ app_begin ] --END-- [ RunTime:0.000000s ]
NOTIC: [8] Use of undefined constant ture - assumed 'ture' D:\phpStudy\PHPTutorial\WWW\crowdFunding\app\Manager\Controller\MainController.class.php 第 27 行.
INFO: [ view_parse ] --START--
INFO: [ template_filter ] --START--
INFO: Run Behavior\ContentReplaceBehavior [ RunTime:0.000000s ]
INFO: [ template_filter ] --END-- [ RunTime:0.000000s ]
NOTIC: [8] Undefined variable: member_total D:\phpStudy\PHPTutorial\WWW\crowdFunding\runtime\Cache\Manager\066daa3e1fdf30ab68dba99916fff480.php 第 181 行.
NOTIC: [8] Undefined variable: baifen D:\phpStudy\PHPTutorial\WWW\crowdFunding\runtime\Cache\Manager\066daa3e1fdf30ab68dba99916fff480.php 第 787 行.
NOTIC: [8] Undefined variable: user D:\phpStudy\PHPTutorial\WWW\crowdFunding\runtime\Cache\Manager\066daa3e1fdf30ab68dba99916fff480.php 第 797 行.
NOTIC: [8] Undefined variable: user D:\phpStudy\PHPTutorial\WWW\crowdFunding\runtime\Cache\Manager\066daa3e1fdf30ab68dba99916fff480.php 第 802 行.
NOTIC: [8] Undefined variable: email D:\phpStudy\PHPTutorial\WWW\crowdFunding\runtime\Cache\Manager\066daa3e1fdf30ab68dba99916fff480.php 第 807 行.
NOTIC: [8] Undefined variable: email D:\phpStudy\PHPTutorial\WWW\crowdFunding\runtime\Cache\Manager\066daa3e1fdf30ab68dba99916fff480.php 第 812 行.
NOTIC: [8] Undefined variable: baifen D:\phpStudy\PHPTutorial\WWW\crowdFunding\runtime\Cache\Manager\066daa3e1fdf30ab68dba99916fff480.php 第 833 行.
NOTIC: [8] Undefined variable: total D:\phpStudy\PHPTutorial\WWW\crowdFunding\runtime\Cache\Manager\066daa3e1fdf30ab68dba99916fff480.php 第 841 行.
INFO: Run Behavior\ParseTemplateBehavior [ RunTime:0.064000s ]
INFO: [ view_parse ] --END-- [ RunTime:0.064000s ]
INFO: [ view_filter ] --START--
INFO: Run Behavior\WriteHtmlCacheBehavior [ RunTime:0.000000s ]
INFO: [ view_filter ] --END-- [ RunTime:0.000000s ]
INFO: [ app_end ] --START--
INFO: Run Behavior\ShowPageTraceBehavior [ RunTime:0.001000s ]
INFO: [ app_end ] --END-- [ RunTime:0.001000s ]

[ 2018-05-26T17:43:51+08:00 ] 127.0.0.1 /manager/jiuzhu/index.html
INFO: [ app_init ] --START--
INFO: Run Behavior\BuildLiteBehavior [ RunTime:0.000000s ]
INFO: [ app_init ] --END-- [ RunTime:0.000000s ]
INFO: [ app_begin ] --START--
INFO: Run Behavior\ReadHtmlCacheBehavior [ RunTime:0.000000s ]
INFO: [ app_begin ] --END-- [ RunTime:0.000000s ]
NOTIC: [8] Use of undefined constant ture - assumed 'ture' D:\phpStudy\PHPTutorial\WWW\crowdFunding\app\Manager\Controller\MainController.class.php 第 27 行.
SQL: SHOW COLUMNS FROM `wd_rescue` [ RunTime:0.0070s ]
SQL: SELECT COUNT(*) AS tp_count FROM `wd_rescue` LIMIT 1   [ RunTime:0.0000s ]
SQL: select * from wd_rescue where target_money between 0 and 9999999999  and title like '%%' order by create_date desc  limit  0 , 15   [ RunTime:0.0270s ]
INFO: [ view_parse ] --START--
INFO: [ template_filter ] --START--
INFO: Run Behavior\ContentReplaceBehavior [ RunTime:0.001000s ]
INFO: [ template_filter ] --END-- [ RunTime:0.001000s ]
NOTIC: [8] Undefined variable: member_total D:\phpStudy\PHPTutorial\WWW\crowdFunding\runtime\Cache\Manager\43b5f81b080c4672a761618064007d3b.php 第 181 行.
NOTIC: [8] Undefined index: title D:\phpStudy\PHPTutorial\WWW\crowdFunding\runtime\Cache\Manager\43b5f81b080c4672a761618064007d3b.php 第 314 行.
NOTIC: [8] Undefined index: min_money D:\phpStudy\PHPTutorial\WWW\crowdFunding\runtime\Cache\Manager\43b5f81b080c4672a761618064007d3b.php 第 315 行.
NOTIC: [8] Undefined index: max_money D:\phpStudy\PHPTutorial\WWW\crowdFunding\runtime\Cache\Manager\43b5f81b080c4672a761618064007d3b.php 第 316 行.
NOTIC: [8] Undefined index: rep_money D:\phpStudy\PHPTutorial\WWW\crowdFunding\runtime\Cache\Manager\43b5f81b080c4672a761618064007d3b.php 第 317 行.
SQL: SHOW COLUMNS FROM `wd_member` [ RunTime:0.0070s ]
SQL: SELECT `username` FROM `wd_member` WHERE `id` = 50 LIMIT 1   [ RunTime:0.0000s ]
SQL: SHOW COLUMNS FROM `wd_donor` [ RunTime:0.0070s ]
SQL: SELECT SUM(price) AS tp_sum FROM `wd_donor` WHERE `item_id` = 138 AND `type` = 1 LIMIT 1   [ RunTime:0.0010s ]
SQL: SELECT `target_money` FROM `wd_rescue` WHERE `id` = 138 LIMIT 1   [ RunTime:0.0000s ]
SQL: SELECT SUM(price) AS tp_sum FROM `wd_donor` WHERE `item_id` = 138 AND `type` = 1 LIMIT 1   [ RunTime:0.0000s ]
SQL: SHOW COLUMNS FROM `wd_tag` [ RunTime:0.0080s ]
SQL: SELECT * FROM `wd_tag` WHERE `id` = 52 LIMIT 1   [ RunTime:0.0000s ]
SQL: SELECT SUM(price) AS tp_sum FROM `wd_donor` WHERE `item_id` = 174 AND `type` = 1 LIMIT 1   [ RunTime:0.0000s ]
SQL: SELECT `target_money` FROM `wd_rescue` WHERE `id` = 174 LIMIT 1   [ RunTime:0.0000s ]
SQL: SELECT SUM(price) AS tp_sum FROM `wd_donor` WHERE `item_id` = 174 AND `type` = 1 LIMIT 1   [ RunTime:0.0000s ]
SQL: SELECT `username` FROM `wd_member` WHERE `id` = 50 LIMIT 1   [ RunTime:0.0000s ]
SQL: SELECT SUM(price) AS tp_sum FROM `wd_donor` WHERE `item_id` = 137 AND `type` = 1 LIMIT 1   [ RunTime:0.0000s ]
SQL: SELECT `target_money` FROM `wd_rescue` WHERE `id` = 137 LIMIT 1   [ RunTime:0.0000s ]
SQL: SELECT SUM(price) AS tp_sum FROM `wd_donor` WHERE `item_id` = 137 AND `type` = 1 LIMIT 1   [ RunTime:0.0000s ]
SQL: SELECT `username` FROM `wd_member` WHERE `id` = 50 LIMIT 1   [ RunTime:0.0000s ]
SQL: SELECT SUM(price) AS tp_sum FROM `wd_donor` WHERE `item_id` = 140 AND `type` = 1 LIMIT 1   [ RunTime:0.0000s ]
SQL: SELECT `target_money` FROM `wd_rescue` WHERE `id` = 140 LIMIT 1   [ RunTime:0.0000s ]
SQL: SELECT SUM(price) AS tp_sum FROM `wd_donor` WHERE `item_id` = 140 AND `type` = 1 LIMIT 1   [ RunTime:0.0000s ]
SQL: SELECT `username` FROM `wd_member` WHERE `id` = 50 LIMIT 1   [ RunTime:0.0000s ]
SQL: SELECT SUM(price) AS tp_sum FROM `wd_donor` WHERE `item_id` = 141 AND `type` = 1 LIMIT 1   [ RunTime:0.0000s ]
SQL: SELECT `target_money` FROM `wd_rescue` WHERE `id` = 141 LIMIT 1   [ RunTime:0.0010s ]
SQL: SELECT SUM(price) AS tp_sum FROM `wd_donor` WHERE `item_id` = 141 AND `type` = 1 LIMIT 1   [ RunTime:0.0000s ]
SQL: SELECT `username` FROM `wd_member` WHERE `id` = 50 LIMIT 1   [ RunTime:0.0000s ]
SQL: SELECT SUM(price) AS tp_sum FROM `wd_donor` WHERE `item_id` = 142 AND `type` = 1 LIMIT 1   [ RunTime:0.0000s ]
SQL: SELECT `target_money` FROM `wd_rescue` WHERE `id` = 142 LIMIT 1   [ RunTime:0.0000s ]
SQL: SELECT SUM(price) AS tp_sum FROM `wd_donor` WHERE `item_id` = 142 AND `type` = 1 LIMIT 1   [ RunTime:0.0000s ]
SQL: SELECT * FROM `wd_tag` WHERE `id` = 50 LIMIT 1   [ RunTime:0.0000s ]
SQL: SELECT `username` FROM `wd_member` WHERE `id` = 50 LIMIT 1   [ RunTime:0.0010s ]
SQL: SELECT SUM(price) AS tp_sum FROM `wd_donor` WHERE `item_id` = 139 AND `type` = 1 LIMIT 1   [ RunTime:0.0000s ]
SQL: SELECT `target_money` FROM `wd_rescue` WHERE `id` = 139 LIMIT 1   [ RunTime:0.0000s ]
SQL: SELECT SUM(price) AS tp_sum FROM `wd_donor` WHERE `item_id` = 139 AND `type` = 1 LIMIT 1   [ RunTime:0.0000s ]
SQL: SELECT * FROM `wd_tag` WHERE `id` = 51 LIMIT 1   [ RunTime:0.0000s ]
INFO: Run Behavior\ParseTemplateBehavior [ RunTime:0.046000s ]
INFO: [ view_parse ] --END-- [ RunTime:0.046000s ]
INFO: [ view_filter ] --START--
INFO: Run Behavior\WriteHtmlCacheBehavior [ RunTime:0.001000s ]
INFO: [ view_filter ] --END-- [ RunTime:0.001000s ]
INFO: [ app_end ] --START--
INFO: Run Behavior\ShowPageTraceBehavior [ RunTime:0.001000s ]
INFO: [ app_end ] --END-- [ RunTime:0.001000s ]

[ 2018-05-26T17:43:54+08:00 ] 127.0.0.1 /manager/relaxed/index.html
INFO: [ app_init ] --START--
INFO: Run Behavior\BuildLiteBehavior [ RunTime:0.000000s ]
INFO: [ app_init ] --END-- [ RunTime:0.000000s ]
INFO: [ app_begin ] --START--
INFO: Run Behavior\ReadHtmlCacheBehavior [ RunTime:0.000000s ]
INFO: [ app_begin ] --END-- [ RunTime:0.000000s ]
NOTIC: [8] Use of undefined constant ture - assumed 'ture' D:\phpStudy\PHPTutorial\WWW\crowdFunding\app\Manager\Controller\MainController.class.php 第 27 行.
SQL: SHOW COLUMNS FROM `wd_gongyi` [ RunTime:0.0250s ]
SQL: SELECT COUNT(*) AS tp_count FROM `wd_gongyi` LIMIT 1   [ RunTime:0.0000s ]
SQL: select * from wd_gongyi where target_money between 0 and 9999999999  and title like '%%' and ins_name like '%%' order by create_date desc  limit  0 , 15   [ RunTime:0.0010s ]
INFO: [ view_parse ] --START--
INFO: [ template_filter ] --START--
INFO: Run Behavior\ContentReplaceBehavior [ RunTime:0.000000s ]
INFO: [ template_filter ] --END-- [ RunTime:0.000000s ]
NOTIC: [8] Undefined variable: member_total D:\phpStudy\PHPTutorial\WWW\crowdFunding\runtime\Cache\Manager\ac496937ac0a60d2e84f1dff63911d4a.php 第 181 行.
NOTIC: [8] Undefined index: ins_name D:\phpStudy\PHPTutorial\WWW\crowdFunding\runtime\Cache\Manager\ac496937ac0a60d2e84f1dff63911d4a.php 第 316 行.
NOTIC: [8] Undefined index: title D:\phpStudy\PHPTutorial\WWW\crowdFunding\runtime\Cache\Manager\ac496937ac0a60d2e84f1dff63911d4a.php 第 317 行.
NOTIC: [8] Undefined index: min_money D:\phpStudy\PHPTutorial\WWW\crowdFunding\runtime\Cache\Manager\ac496937ac0a60d2e84f1dff63911d4a.php 第 318 行.
NOTIC: [8] Undefined index: max_money D:\phpStudy\PHPTutorial\WWW\crowdFunding\runtime\Cache\Manager\ac496937ac0a60d2e84f1dff63911d4a.php 第 319 行.
NOTIC: [8] Undefined index: rep_money D:\phpStudy\PHPTutorial\WWW\crowdFunding\runtime\Cache\Manager\ac496937ac0a60d2e84f1dff63911d4a.php 第 320 行.
SQL: SHOW COLUMNS FROM `wd_donor` [ RunTime:0.0070s ]
SQL: SELECT SUM(price) AS tp_sum FROM `wd_donor` WHERE `item_id` = 53 AND `type` = 3 LIMIT 1   [ RunTime:0.0010s ]
SQL: SELECT `target_money` FROM `wd_gongyi` WHERE `id` = 53 LIMIT 1   [ RunTime:0.0000s ]
SQL: SELECT SUM(price) AS tp_sum FROM `wd_donor` WHERE `item_id` = 53 AND `type` = 3 LIMIT 1   [ RunTime:0.0000s ]
NOTIC: [8] Undefined index: return_content D:\phpStudy\PHPTutorial\WWW\crowdFunding\runtime\Cache\Manager\ac496937ac0a60d2e84f1dff63911d4a.php 第 363 行.
NOTIC: [8] Undefined index: return_money D:\phpStudy\PHPTutorial\WWW\crowdFunding\runtime\Cache\Manager\ac496937ac0a60d2e84f1dff63911d4a.php 第 363 行.
SQL: SELECT SUM(price) AS tp_sum FROM `wd_donor` WHERE `item_id` = 52 AND `type` = 3 LIMIT 1   [ RunTime:0.0000s ]
SQL: SELECT `target_money` FROM `wd_gongyi` WHERE `id` = 52 LIMIT 1   [ RunTime:0.0000s ]
SQL: SELECT SUM(price) AS tp_sum FROM `wd_donor` WHERE `item_id` = 52 AND `type` = 3 LIMIT 1   [ RunTime:0.0000s ]
NOTIC: [2] Division by zero D:\phpStudy\PHPTutorial\WWW\crowdFunding\app\Common\Common\function.php 第 527 行.
NOTIC: [8] Undefined index: return_content D:\phpStudy\PHPTutorial\WWW\crowdFunding\runtime\Cache\Manager\ac496937ac0a60d2e84f1dff63911d4a.php 第 363 行.
NOTIC: [8] Undefined index: return_money D:\phpStudy\PHPTutorial\WWW\crowdFunding\runtime\Cache\Manager\ac496937ac0a60d2e84f1dff63911d4a.php 第 363 行.
SQL: SELECT SUM(price) AS tp_sum FROM `wd_donor` WHERE `item_id` = 50 AND `type` = 3 LIMIT 1   [ RunTime:0.0000s ]
SQL: SELECT `target_money` FROM `wd_gongyi` WHERE `id` = 50 LIMIT 1   [ RunTime:0.0000s ]
SQL: SELECT SUM(price) AS tp_sum FROM `wd_donor` WHERE `item_id` = 50 AND `type` = 3 LIMIT 1   [ RunTime:0.0000s ]
NOTIC: [8] Undefined index: return_content D:\phpStudy\PHPTutorial\WWW\crowdFunding\runtime\Cache\Manager\ac496937ac0a60d2e84f1dff63911d4a.php 第 363 行.
NOTIC: [8] Undefined index: return_money D:\phpStudy\PHPTutorial\WWW\crowdFunding\runtime\Cache\Manager\ac496937ac0a60d2e84f1dff63911d4a.php 第 363 行.
SQL: SELECT SUM(price) AS tp_sum FROM `wd_donor` WHERE `item_id` = 51 AND `type` = 3 LIMIT 1   [ RunTime:0.0000s ]
SQL: SELECT `target_money` FROM `wd_gongyi` WHERE `id` = 51 LIMIT 1   [ RunTime:0.0000s ]
SQL: SELECT SUM(price) AS tp_sum FROM `wd_donor` WHERE `item_id` = 51 AND `type` = 3 LIMIT 1   [ RunTime:0.0000s ]
NOTIC: [2] Division by zero D:\phpStudy\PHPTutorial\WWW\crowdFunding\app\Common\Common\function.php 第 527 行.
NOTIC: [8] Undefined index: return_content D:\phpStudy\PHPTutorial\WWW\crowdFunding\runtime\Cache\Manager\ac496937ac0a60d2e84f1dff63911d4a.php 第 363 行.
NOTIC: [8] Undefined index: return_money D:\phpStudy\PHPTutorial\WWW\crowdFunding\runtime\Cache\Manager\ac496937ac0a60d2e84f1dff63911d4a.php 第 363 行.
INFO: Run Behavior\ParseTemplateBehavior [ RunTime:0.035000s ]
INFO: [ view_parse ] --END-- [ RunTime:0.035000s ]
INFO: [ view_filter ] --START--
INFO: Run Behavior\WriteHtmlCacheBehavior [ RunTime:0.000000s ]
INFO: [ view_filter ] --END-- [ RunTime:0.000000s ]
INFO: [ app_end ] --START--
INFO: Run Behavior\ShowPageTraceBehavior [ RunTime:0.001000s ]
INFO: [ app_end ] --END-- [ RunTime:0.001000s ]

[ 2018-05-26T17:43:57+08:00 ] 127.0.0.1 /manager/donor/index.html
INFO: [ app_init ] --START--
INFO: Run Behavior\BuildLiteBehavior [ RunTime:0.000000s ]
INFO: [ app_init ] --END-- [ RunTime:0.001000s ]
INFO: [ app_begin ] --START--
INFO: Run Behavior\ReadHtmlCacheBehavior [ RunTime:0.000000s ]
INFO: [ app_begin ] --END-- [ RunTime:0.000000s ]
NOTIC: [8] Use of undefined constant ture - assumed 'ture' D:\phpStudy\PHPTutorial\WWW\crowdFunding\app\Manager\Controller\MainController.class.php 第 27 行.
SQL: SHOW COLUMNS FROM `wd_donor` [ RunTime:0.0080s ]
SQL: SELECT COUNT(*) AS tp_count FROM `wd_donor` LIMIT 1   [ RunTime:0.0000s ]
SQL: SELECT * FROM `wd_donor` ORDER BY date desc LIMIT 0,15   [ RunTime:0.0010s ]
INFO: [ view_parse ] --START--
INFO: [ template_filter ] --START--
INFO: Run Behavior\ContentReplaceBehavior [ RunTime:0.000000s ]
INFO: [ template_filter ] --END-- [ RunTime:0.000000s ]
NOTIC: [8] Undefined variable: member_total D:\phpStudy\PHPTutorial\WWW\crowdFunding\runtime\Cache\Manager\116f2446b08699c3803eab123e050784.php 第 181 行.
SQL: SHOW COLUMNS FROM `wd_member` [ RunTime:0.0070s ]
SQL: SELECT `username` FROM `wd_member` WHERE `id` = 73 LIMIT 1   [ RunTime:0.0000s ]
SQL: SHOW COLUMNS FROM `wd_rescue` [ RunTime:0.0090s ]
SQL: SELECT `title` FROM `wd_rescue` WHERE `id` = 138 LIMIT 1   [ RunTime:0.0000s ]
SQL: SELECT `username` FROM `wd_member` WHERE `id` = 73 LIMIT 1   [ RunTime:0.0000s ]
SQL: SELECT `title` FROM `wd_rescue` WHERE `id` = 138 LIMIT 1   [ RunTime:0.0010s ]
SQL: SELECT `username` FROM `wd_member` WHERE `id` = 73 LIMIT 1   [ RunTime:0.0000s ]
SQL: SELECT `title` FROM `wd_rescue` WHERE `id` = 138 LIMIT 1   [ RunTime:0.0000s ]
SQL: SELECT `username` FROM `wd_member` WHERE `id` = 73 LIMIT 1   [ RunTime:0.0000s ]
SQL: SELECT `title` FROM `wd_rescue` WHERE `id` = 138 LIMIT 1   [ RunTime:0.0000s ]
SQL: SELECT `username` FROM `wd_member` WHERE `id` = 73 LIMIT 1   [ RunTime:0.0000s ]
SQL: SELECT `title` FROM `wd_rescue` WHERE `id` = 138 LIMIT 1   [ RunTime:0.0000s ]
SQL: SELECT `username` FROM `wd_member` WHERE `id` = 73 LIMIT 1   [ RunTime:0.0000s ]
SQL: SELECT `title` FROM `wd_rescue` WHERE `id` = 138 LIMIT 1   [ RunTime:0.0000s ]
SQL: SELECT `username` FROM `wd_member` WHERE `id` = 73 LIMIT 1   [ RunTime:0.0000s ]
SQL: SELECT `title` FROM `wd_rescue` WHERE `id` = 138 LIMIT 1   [ RunTime:0.0000s ]
SQL: SELECT `username` FROM `wd_member` WHERE `id` = 73 LIMIT 1   [ RunTime:0.0000s ]
SQL: SELECT `title` FROM `wd_rescue` WHERE `id` = 138 LIMIT 1   [ RunTime:0.0010s ]
SQL: SELECT `username` FROM `wd_member` WHERE `id` = 73 LIMIT 1   [ RunTime:0.0000s ]
SQL: SELECT `title` FROM `wd_rescue` WHERE `id` = 138 LIMIT 1   [ RunTime:0.0000s ]
SQL: SELECT `username` FROM `wd_member` WHERE `id` = 73 LIMIT 1   [ RunTime:0.0000s ]
SQL: SELECT `title` FROM `wd_rescue` WHERE `id` = 138 LIMIT 1   [ RunTime:0.0000s ]
SQL: SELECT `username` FROM `wd_member` WHERE `id` = 73 LIMIT 1   [ RunTime:0.0000s ]
SQL: SELECT `title` FROM `wd_rescue` WHERE `id` = 138 LIMIT 1   [ RunTime:0.0000s ]
SQL: SELECT `username` FROM `wd_member` WHERE `id` = 73 LIMIT 1   [ RunTime:0.0010s ]
SQL: SELECT `title` FROM `wd_rescue` WHERE `id` = 142 LIMIT 1   [ RunTime:0.0000s ]
SQL: SELECT `username` FROM `wd_member` WHERE `id` = 73 LIMIT 1   [ RunTime:0.0000s ]
SQL: SELECT `title` FROM `wd_rescue` WHERE `id` = 138 LIMIT 1   [ RunTime:0.0000s ]
SQL: SELECT `username` FROM `wd_member` WHERE `id` = 73 LIMIT 1   [ RunTime:0.0000s ]
SQL: SELECT `title` FROM `wd_rescue` WHERE `id` = 138 LIMIT 1   [ RunTime:0.0000s ]
SQL: SELECT `username` FROM `wd_member` WHERE `id` = 73 LIMIT 1   [ RunTime:0.0000s ]
SQL: SELECT `title` FROM `wd_rescue` WHERE `id` = 138 LIMIT 1   [ RunTime:0.0010s ]
INFO: Run Behavior\ParseTemplateBehavior [ RunTime:0.069000s ]
INFO: [ view_parse ] --END-- [ RunTime:0.069000s ]
INFO: [ view_filter ] --START--
INFO: Run Behavior\WriteHtmlCacheBehavior [ RunTime:0.000000s ]
INFO: [ view_filter ] --END-- [ RunTime:0.000000s ]
INFO: [ app_end ] --START--
INFO: Run Behavior\ShowPageTraceBehavior [ RunTime:0.000000s ]
INFO: [ app_end ] --END-- [ RunTime:0.000000s ]

[ 2018-05-26T17:44:06+08:00 ] 127.0.0.1 /manager/login/loginout.html
INFO: [ app_init ] --START--
INFO: Run Behavior\BuildLiteBehavior [ RunTime:0.000000s ]
INFO: [ app_init ] --END-- [ RunTime:0.000000s ]
INFO: [ app_begin ] --START--
INFO: Run Behavior\ReadHtmlCacheBehavior [ RunTime:0.000000s ]
INFO: [ app_begin ] --END-- [ RunTime:0.000000s ]

[ 2018-05-26T17:44:06+08:00 ] 127.0.0.1 /manager/login.html
INFO: [ app_init ] --START--
INFO: Run Behavior\BuildLiteBehavior [ RunTime:0.000000s ]
INFO: [ app_init ] --END-- [ RunTime:0.000000s ]
INFO: [ app_begin ] --START--
INFO: Run Behavior\ReadHtmlCacheBehavior [ RunTime:0.000000s ]
INFO: [ app_begin ] --END-- [ RunTime:0.001000s ]
INFO: [ view_parse ] --START--
INFO: [ template_filter ] --START--
INFO: Run Behavior\ContentReplaceBehavior [ RunTime:0.001000s ]
INFO: [ template_filter ] --END-- [ RunTime:0.001000s ]
INFO: Run Behavior\ParseTemplateBehavior [ RunTime:0.023000s ]
INFO: [ view_parse ] --END-- [ RunTime:0.023000s ]
INFO: [ view_filter ] --START--
INFO: Run Behavior\WriteHtmlCacheBehavior [ RunTime:0.000000s ]
INFO: [ view_filter ] --END-- [ RunTime:0.000000s ]
INFO: [ app_end ] --START--
INFO: Run Behavior\ShowPageTraceBehavior [ RunTime:0.000000s ]
INFO: [ app_end ] --END-- [ RunTime:0.000000s ]

[ 2018-05-26T17:44:24+08:00 ] 127.0.0.1 /manager/login.html
INFO: [ app_init ] --START--
INFO: Run Behavior\BuildLiteBehavior [ RunTime:0.000000s ]
INFO: [ app_init ] --END-- [ RunTime:0.001000s ]
INFO: [ app_begin ] --START--
INFO: Run Behavior\ReadHtmlCacheBehavior [ RunTime:0.000000s ]
INFO: [ app_begin ] --END-- [ RunTime:0.000000s ]
INFO: [ view_parse ] --START--
INFO: [ template_filter ] --START--
INFO: Run Behavior\ContentReplaceBehavior [ RunTime:0.000000s ]
INFO: [ template_filter ] --END-- [ RunTime:0.000000s ]
INFO: Run Behavior\ParseTemplateBehavior [ RunTime:0.009000s ]
INFO: [ view_parse ] --END-- [ RunTime:0.009000s ]
INFO: [ view_filter ] --START--
INFO: Run Behavior\WriteHtmlCacheBehavior [ RunTime:0.000000s ]
INFO: [ view_filter ] --END-- [ RunTime:0.000000s ]
INFO: [ app_end ] --START--
INFO: Run Behavior\ShowPageTraceBehavior [ RunTime:0.001000s ]
INFO: [ app_end ] --END-- [ RunTime:0.001000s ]

